#
# There is insufficient memory for the Java Runtime Environment to continue.
# Native memory allocation (malloc) failed to allocate 982976 bytes for Chunk::new
# Possible reasons:
#   The system is out of physical RAM or swap space
#   The process is running with CompressedOops enabled, and the Java Heap may be blocking the growth of the native heap
# Possible solutions:
#   Reduce memory load on the system
#   Increase physical memory or swap space
#   Check if swap backing store is full
#   Decrease Java heap size (-Xmx/-Xms)
#   Decrease number of Java threads
#   Decrease Java thread stack sizes (-Xss)
#   Set larger code cache with -XX:ReservedCodeCacheSize=
#   JVM is running with Unscaled Compressed Oops mode in which the Java heap is
#     placed in the first 4GB address space. The Java Heap base address is the
#     maximum limit for the native heap growth. Please use -XX:HeapBaseMinAddress
#     to set the Java Heap base and to place the Java Heap above 4GB virtual address.
# This output file may be truncated or incomplete.
#
#  Out of Memory Error (arena.cpp:189), pid=23108, tid=26664
#
# JRE version: OpenJDK Runtime Environment Corretto-17.0.6.10.1 (17.0.6+10) (build 17.0.6+10-LTS)
# Java VM: OpenJDK 64-Bit Server VM Corretto-17.0.6.10.1 (17.0.6+10-LTS, mixed mode, sharing, tiered, compressed oops, compressed class ptrs, g1 gc, windows-amd64)
# No core dump will be written. Minidumps are not enabled by default on client versions of Windows
#

---------------  S U M M A R Y ------------

Command Line: --add-opens=java.base/java.util=ALL-UNNAMED --add-opens=java.base/java.lang=ALL-UNNAMED --add-opens=java.base/java.lang.invoke=ALL-UNNAMED --add-opens=java.base/java.util=ALL-UNNAMED --add-opens=java.prefs/java.util.prefs=ALL-UNNAMED --add-opens=java.prefs/java.util.prefs=ALL-UNNAMED --add-opens=java.base/java.nio.charset=ALL-UNNAMED --add-opens=java.base/java.net=ALL-UNNAMED --add-opens=java.base/java.util.concurrent.atomic=ALL-UNNAMED -XX:MaxMetaspaceSize=256m -XX:+HeapDumpOnOutOfMemoryError -Xms256m -Xmx512m -Dfile.encoding=windows-1250 -Duser.country=CZ -Duser.language=cs -Duser.variant org.gradle.launcher.daemon.bootstrap.GradleDaemon 7.4.2

Host: Intel(R) Core(TM) i5-8250U CPU @ 1.60GHz, 8 cores, 5G,  Windows 10 , 64 bit Build 19041 (10.0.19041.2546)
Time: Sun Feb 19 18:36:35 2023 Stindows 10 , 64 bit Build 19041 (10.0.19041.2546) elapsed time: 24.412465 seconds (0d 0h 0m 24s)

---------------  T H R E A D  ---------------

Current thread (0x0000020eff289b20):  JavaThread "C2 CompilerThread0" daemon [_thread_in_native, id=26664, stack(0x000000c82c900000,0x000000c82ca00000)]


Current CompileTask:
C2:  24412 4896       4       java.util.jar.JarFile::getManifest (5 bytes)

Stack: [0x000000c82c900000,0x000000c82ca00000]
Native frames: (J=compiled Java code, j=interpreted, Vv=VM code, C=native code)
V  [jvm.dll+0x64b39a]
V  [jvm.dll+0x7ff044]
V  [jvm.dll+0x8007fe]
V  [jvm.dll+0x800e53]
V  [jvm.dll+0x235848]
V  [jvm.dll+0xbce6c]
V  [jvm.dll+0xbd44c]
V  [jvm.dll+0x34f2a7]
V  [jvm.dll+0x319ccf]
V  [jvm.dll+0x31910a]
V  [jvm.dll+0x209ca5]
V  [jvm.dll+0x209237]
V  [jvm.dll+0x19926d]
V  [jvm.dll+0x2185dd]
V  [jvm.dll+0x216824]
V  [jvm.dll+0x7b77bb]
V  [jvm.dll+0x7b1d6a]
V  [jvm.dll+0x64a265]
C  [ucrtbase.dll+0x21bb2]
C  [KERNEL32.DLL+0x17614]
C  [ntdll.dll+0x526a1]


---------------  P R O C E S S  ---------------

Threads class SMR info:
_java_thread_list=0x0000020e98148fa0, length=52, elements={
0x0000020efb1673a0, 0x0000020eff26ba90, 0x0000020eff26c550, 0x0000020eff287440,
0x0000020eff287d00, 0x0000020eff2885c0, 0x0000020eff288e80, 0x0000020eff289b20,
0x0000020eff28a4d0, 0x0000020effc10060, 0x0000020effcd3f50, 0x0000020effce8690,
0x0000020e97189c70, 0x0000020e977b7ac0, 0x0000020e97c3ce50, 0x0000020e97e8d130,
0x0000020e974be420, 0x0000020efff2c030, 0x0000020e97ab4d40, 0x0000020e97974270,
0x0000020e979755b0, 0x0000020e97974740, 0x0000020e97974c10, 0x0000020e97976420,
0x0000020e97975f50, 0x0000020e979750e0, 0x0000020e97972a60, 0x0000020e97972f30,
0x0000020e97973400, 0x0000020e979738d0, 0x0000020e97973da0, 0x0000020e99d686f0,
0x0000020e99d6b240, 0x0000020e99d68bc0, 0x0000020e99d66ee0, 0x0000020e99d69a30,
0x0000020e99d6a3d0, 0x0000020e99d66070, 0x0000020e99d6a8a0, 0x0000020e99d6ad70,
0x0000020e99d6b710, 0x0000020e99d6bbe0, 0x0000020e99d6c0b0, 0x0000020e99d6ca50,
0x0000020e99d67880, 0x0000020e99d66540, 0x0000020e99d66a10, 0x0000020e9922c570,
0x0000020e99233dc0, 0x0000020e99231c10, 0x0000020e9922e250, 0x0000020e9922dd80
}

Java Threads: ( => current thread )
  0x0000020efb1673a0 JavaThread "main" [_thread_blocked, id=19724, stack(0x000000c82bc00000,0x000000c82bd00000)]
  0x0000020eff26ba90 JavaThread "Reference Handler" daemon [_thread_blocked, id=23172, stack(0x000000c82c300000,0x000000c82c400000)]
  0x0000020eff26c550 JavaThread "Finalizer" daemon [_thread_blocked, id=22808, stack(0x000000c82c400000,0x000000c82c500000)]
  0x0000020eff287440 JavaThread "Signal Dispatcher" daemon [_thread_blocked, id=21040, stack(0x000000c82c500000,0x000000c82c600000)]
  0x0000020eff287d00 JavaThread "Attach Listener" daemon [_thread_blocked, id=5180, stack(0x000000c82c600000,0x000000c82c700000)]
  0x0000020eff2885c0 JavaThread "Service Thread" daemon [_thread_blocked, id=22112, stack(0x000000c82c700000,0x000000c82c800000)]
  0x0000020eff288e80 JavaThread "Monitor Deflation Thread" daemon [_thread_blocked, id=20212, stack(0x000000c82c800000,0x000000c82c900000)]
=>0x0000020eff289b20 JavaThread "C2 CompilerThread0" daemon [_thread_in_native, id=26664, stack(0x000000c82c900000,0x000000c82ca00000)]
  0x0000020eff28a4d0 JavaThread "C1 CompilerThread0" daemon [_thread_blocked, id=5424, stack(0x000000c82ca00000,0x000000c82cb00000)]
  0x0000020effc10060 JavaThread "Sweeper thread" daemon [_thread_blocked, id=19548, stack(0x000000c82cb00000,0x000000c82cc00000)]
  0x0000020effcd3f50 JavaThread "Common-Cleaner" daemon [_thread_blocked, id=10684, stack(0x000000c82cc00000,0x000000c82cd00000)]
  0x0000020effce8690 JavaThread "Notification Thread" daemon [_thread_blocked, id=23768, stack(0x000000c82cd00000,0x000000c82ce00000)]
  0x0000020e97189c70 JavaThread "Daemon health stats" [_thread_blocked, id=18464, stack(0x000000c82d400000,0x000000c82d500000)]
  0x0000020e977b7ac0 JavaThread "Incoming local TCP Connector on port 63344" [_thread_in_native, id=16416, stack(0x000000c82d500000,0x000000c82d600000)]
  0x0000020e97c3ce50 JavaThread "Daemon periodic checks" [_thread_blocked, id=25060, stack(0x000000c82d600000,0x000000c82d700000)]
  0x0000020e97e8d130 JavaThread "Daemon" [_thread_blocked, id=13956, stack(0x000000c82d700000,0x000000c82d800000)]
  0x0000020e974be420 JavaThread "Handler for socket connection from /127.0.0.1:63344 to /127.0.0.1:63347" [_thread_in_native, id=7664, stack(0x000000c82d800000,0x000000c82d900000)]
  0x0000020efff2c030 JavaThread "Cancel handler" [_thread_blocked, id=16540, stack(0x000000c82d900000,0x000000c82da00000)]
  0x0000020e97ab4d40 JavaThread "Daemon worker" [_thread_blocked, id=23068, stack(0x000000c82da00000,0x000000c82db00000)]
  0x0000020e97974270 JavaThread "Asynchronous log dispatcher for DefaultDaemonConnection: socket connection from /127.0.0.1:63344 to /127.0.0.1:63347" [_thread_blocked, id=22464, stack(0x000000c82db00000,0x000000c82dc00000)]
  0x0000020e979755b0 JavaThread "Stdin handler" [_thread_blocked, id=7292, stack(0x000000c82dc00000,0x000000c82dd00000)]
  0x0000020e97974740 JavaThread "Daemon client event forwarder" [_thread_blocked, id=8076, stack(0x000000c82dd00000,0x000000c82de00000)]
  0x0000020e97974c10 JavaThread "Cache worker for journal cache (C:\Users\hp\.gradle\caches\journal-1)" [_thread_blocked, id=23116, stack(0x000000c82de00000,0x000000c82df00000)]
  0x0000020e97976420 JavaThread "File lock request listener" [_thread_in_native, id=17856, stack(0x000000c82df00000,0x000000c82e000000)]
  0x0000020e97975f50 JavaThread "Cache worker for file hash cache (C:\Users\hp\.gradle\caches\7.4.2\fileHashes)" [_thread_blocked, id=20404, stack(0x000000c82e000000,0x000000c82e100000)]
  0x0000020e979750e0 JavaThread "File lock release action executor" [_thread_blocked, id=1096, stack(0x000000c82e100000,0x000000c82e200000)]
  0x0000020e97972a60 JavaThread "File watcher server" daemon [_thread_in_native, id=26456, stack(0x000000c82e200000,0x000000c82e300000)]
  0x0000020e97972f30 JavaThread "File watcher consumer" daemon [_thread_blocked, id=14824, stack(0x000000c82e300000,0x000000c82e400000)]
  0x0000020e97973400 JavaThread "Cache worker for checksums cache (C:\Java\j1-ukol01_2\.gradle\7.4.2\checksums)" [_thread_blocked, id=15652, stack(0x000000c82e400000,0x000000c82e500000)]
  0x0000020e979738d0 JavaThread "Cache worker for cache directory md-rule (C:\Users\hp\.gradle\caches\7.4.2\md-rule)" [_thread_blocked, id=27356, stack(0x000000c82e500000,0x000000c82e600000)]
  0x0000020e97973da0 JavaThread "Cache worker for file hash cache (C:\Java\j1-ukol01_2\.gradle\7.4.2\fileHashes)" [_thread_blocked, id=5448, stack(0x000000c82e600000,0x000000c82e700000)]
  0x0000020e99d686f0 JavaThread "Cache worker for cache directory md-supplier (C:\Users\hp\.gradle\caches\7.4.2\md-supplier)" [_thread_blocked, id=22644, stack(0x000000c82e700000,0x000000c82e800000)]
  0x0000020e99d6b240 JavaThread "Cache worker for execution history cache (C:\Users\hp\.gradle\caches\7.4.2\executionHistory)" [_thread_blocked, id=1612, stack(0x000000c82eb00000,0x000000c82ec00000)]
  0x0000020e99d68bc0 JavaThread "jar transforms" [_thread_blocked, id=5096, stack(0x000000c82ec00000,0x000000c82ed00000)]
  0x0000020e99d66ee0 JavaThread "jar transforms Thread 2" [_thread_blocked, id=3644, stack(0x000000c82ed00000,0x000000c82ee00000)]
  0x0000020e99d69a30 JavaThread "Cache worker for file content cache (C:\Users\hp\.gradle\caches\7.4.2\fileContent)" [_thread_blocked, id=25260, stack(0x000000c82ee00000,0x000000c82ef00000)]
  0x0000020e99d6a3d0 JavaThread "jar transforms Thread 3" [_thread_blocked, id=8704, stack(0x000000c82ef00000,0x000000c82f000000)]
  0x0000020e99d66070 JavaThread "jar transforms Thread 4" [_thread_blocked, id=3492, stack(0x000000c82f000000,0x000000c82f100000)]
  0x0000020e99d6a8a0 JavaThread "jar transforms Thread 5" [_thread_blocked, id=14832, stack(0x000000c82f100000,0x000000c82f200000)]
  0x0000020e99d6ad70 JavaThread "jar transforms Thread 6" [_thread_blocked, id=22088, stack(0x000000c82f200000,0x000000c82f300000)]
  0x0000020e99d6b710 JavaThread "jar transforms Thread 7" [_thread_blocked, id=17964, stack(0x000000c82f300000,0x000000c82f400000)]
  0x0000020e99d6bbe0 JavaThread "jar transforms Thread 8" [_thread_blocked, id=12184, stack(0x000000c82f400000,0x000000c82f500000)]
  0x0000020e99d6c0b0 JavaThread "Cache worker for dependencies-accessors (C:\Java\j1-ukol01_2\.gradle\7.4.2\dependencies-accessors)" [_thread_blocked, id=17732, stack(0x000000c82f500000,0x000000c82f600000)]
  0x0000020e99d6ca50 JavaThread "Cache worker for Build Output Cleanup Cache (C:\Java\j1-ukol01_2\.gradle\buildOutputCleanup)" [_thread_blocked, id=11252, stack(0x000000c82f600000,0x000000c82f700000)]
  0x0000020e99d67880 JavaThread "Memory manager" [_thread_blocked, id=1488, stack(0x000000c82f700000,0x000000c82f800000)]
  0x0000020e99d66540 JavaThread "ForkJoinPool.commonPool-worker-1" daemon [_thread_blocked, id=19748, stack(0x000000c82f800000,0x000000c82f900000)]
  0x0000020e99d66a10 JavaThread "ForkJoinPool.commonPool-worker-2" daemon [_thread_blocked, id=19604, stack(0x000000c82f900000,0x000000c82fa00000)]
  0x0000020e9922c570 JavaThread "ForkJoinPool.commonPool-worker-3" daemon [_thread_blocked, id=27340, stack(0x000000c82fa00000,0x000000c82fb00000)]
  0x0000020e99233dc0 JavaThread "ForkJoinPool.commonPool-worker-4" daemon [_thread_blocked, id=11804, stack(0x000000c82fb00000,0x000000c82fc00000)]
  0x0000020e99231c10 JavaThread "Exec process" [_thread_in_native, id=25008, stack(0x000000c82fc00000,0x000000c82fd00000)]
  0x0000020e9922e250 JavaThread "Exec process Thread 2" [_thread_in_native, id=13412, stack(0x000000c82fd00000,0x000000c82fe00000)]
  0x0000020e9922dd80 JavaThread "Exec process Thread 3" [_thread_in_native, id=13780, stack(0x000000c82fe00000,0x000000c82ff00000)]

Other Threads:
  0x0000020eff264c70 VMThread "VM Thread" [stack: 0x000000c82c200000,0x000000c82c300000] [id=11360]
  0x0000020effce8b60 WatcherThread [stack: 0x000000c82ce00000,0x000000c82cf00000] [id=23588]
  0x0000020efb194670 GCTaskThread "GC Thread#0" [stack: 0x000000c82bd00000,0x000000c82be00000] [id=6552]
  0x0000020efff66aa0 GCTaskThread "GC Thread#1" [stack: 0x000000c82cf00000,0x000000c82d000000] [id=18532]
  0x0000020efff66d50 GCTaskThread "GC Thread#2" [stack: 0x000000c82d000000,0x000000c82d100000] [id=27056]
  0x0000020e970aa440 GCTaskThread "GC Thread#3" [stack: 0x000000c82d100000,0x000000c82d200000] [id=16080]
  0x0000020e970aa6f0 GCTaskThread "GC Thread#4" [stack: 0x000000c82d200000,0x000000c82d300000] [id=23988]
  0x0000020e970aa9a0 GCTaskThread "GC Thread#5" [stack: 0x000000c82d300000,0x000000c82d400000] [id=19632]
  0x0000020e9a547890 GCTaskThread "GC Thread#6" [stack: 0x000000c82e800000,0x000000c82e900000] [id=17340]
  0x0000020e9a5465c0 GCTaskThread "GC Thread#7" [stack: 0x000000c82e900000,0x000000c82ea00000] [id=10768]
  0x0000020efb199360 ConcurrentGCThread "G1 Main Marker" [stack: 0x000000c82be00000,0x000000c82bf00000] [id=24164]
  0x0000020efb199b20 ConcurrentGCThread "G1 Conc#0" [stack: 0x000000c82bf00000,0x000000c82c000000] [id=23508]
  0x0000020e9a546b20 ConcurrentGCThread "G1 Conc#1" [stack: 0x000000c82ea00000,0x000000c82eb00000] [id=23672]
  0x0000020eff1260d0 ConcurrentGCThread "G1 Refine#0" [stack: 0x000000c82c000000,0x000000c82c100000] [id=25212]
  0x0000020eff1267a0 ConcurrentGCThread "G1 Service" [stack: 0x000000c82c100000,0x000000c82c200000] [id=26056]

Threads with active compile tasks:
C2 CompilerThread0    24476 4896       4       java.util.jar.JarFile::getManifest (5 bytes)

VM state: not at safepoint (normal execution)

VM Mutex/Monitor currently owned by a thread: None

Heap address: 0x00000000e0000000, size: 512 MB, Compressed Oops mode: 32-bit

CDS archive(s) mapped at: [0x0000000800000000-0x0000000800bc0000-0x0000000800bc0000), size 12320768, SharedBaseAddress: 0x0000000800000000, ArchiveRelocationMode: 0.
Compressed class space mapped at: 0x0000000800c00000-0x000000080dc00000, reserved size: 218103808
Narrow klass base: 0x0000000800000000, Narrow klass shift: 0, Narrow klass range: 0x100000000

GC Precious Log:
 CPUs: 8 total, 8 available
 Memory: 6024M
 Large Page Support: Disabled
 NUMA Support: Disabled
 Compressed Oops: Enabled (32-bit)
 Heap Region Size: 1M
 Heap Min Capacity: 256M
 Heap Initial Capacity: 256M
 Heap Max Capacity: 512M
 Pre-touch: Disabled
 Parallel Workers: 8
 Concurrent Workers: 2
 Concurrent Refinement Workers: 8
 Periodic GC: Disabled

Heap:
 garbage-first heap   total 262144K, used 95277K [0x00000000e0000000, 0x0000000100000000)
  region size 1024K, 66 young (67584K), 1 survivors (1024K)
 Metaspace       used 41837K, committed 42240K, reserved 253952K
  class space    used 5841K, committed 6016K, reserved 212992K

Heap Regions: E=young(eden), S=young(survivor), O=old, HS=humongous(starts), HC=humongous(continues), CS=collection set, F=free, OA=open archive, CA=closed archive, TAMS=top-at-mark-start (previous, next)
|   0|0x00000000e0000000, 0x00000000e0100000, 0x00000000e0100000|100%| O|  |TAMS 0x00000000e0100000, 0x00000000e0000000| Untracked 
|   1|0x00000000e0100000, 0x00000000e0200000, 0x00000000e0200000|100%| O|  |TAMS 0x00000000e0200000, 0x00000000e0100000| Untracked 
|   2|0x00000000e0200000, 0x00000000e0300000, 0x00000000e0300000|100%| O|  |TAMS 0x00000000e0300000, 0x00000000e0200000| Untracked 
|   3|0x00000000e0300000, 0x00000000e0400000, 0x00000000e0400000|100%|HS|  |TAMS 0x00000000e0400000, 0x00000000e0300000| Complete 
|   4|0x00000000e0400000, 0x00000000e0500000, 0x00000000e0500000|100%|HC|  |TAMS 0x00000000e0500000, 0x00000000e0400000| Complete 
|   5|0x00000000e0500000, 0x00000000e0600000, 0x00000000e0600000|100%|HC|  |TAMS 0x00000000e0600000, 0x00000000e0500000| Complete 
|   6|0x00000000e0600000, 0x00000000e0600000, 0x00000000e0700000|  0%| F|  |TAMS 0x00000000e0600000, 0x00000000e0600000| Untracked 
|   7|0x00000000e0700000, 0x00000000e0800000, 0x00000000e0800000|100%| O|  |TAMS 0x00000000e0800000, 0x00000000e0700000| Untracked 
|   8|0x00000000e0800000, 0x00000000e0900000, 0x00000000e0900000|100%| O|  |TAMS 0x00000000e0900000, 0x00000000e0800000| Untracked 
|   9|0x00000000e0900000, 0x00000000e0a00000, 0x00000000e0a00000|100%| O|  |TAMS 0x00000000e0a00000, 0x00000000e0900000| Untracked 
|  10|0x00000000e0a00000, 0x00000000e0b00000, 0x00000000e0b00000|100%| O|  |TAMS 0x00000000e0b00000, 0x00000000e0a00000| Untracked 
|  11|0x00000000e0b00000, 0x00000000e0c00000, 0x00000000e0c00000|100%| O|  |TAMS 0x00000000e0c00000, 0x00000000e0b00000| Untracked 
|  12|0x00000000e0c00000, 0x00000000e0d00000, 0x00000000e0d00000|100%| O|  |TAMS 0x00000000e0d00000, 0x00000000e0c00000| Untracked 
|  13|0x00000000e0d00000, 0x00000000e0e00000, 0x00000000e0e00000|100%| O|  |TAMS 0x00000000e0e00000, 0x00000000e0d00000| Untracked 
|  14|0x00000000e0e00000, 0x00000000e0f00000, 0x00000000e0f00000|100%| O|  |TAMS 0x00000000e0f00000, 0x00000000e0e00000| Untracked 
|  15|0x00000000e0f00000, 0x00000000e1000000, 0x00000000e1000000|100%| O|  |TAMS 0x00000000e1000000, 0x00000000e0f00000| Untracked 
|  16|0x00000000e1000000, 0x00000000e1100000, 0x00000000e1100000|100%| O|  |TAMS 0x00000000e1100000, 0x00000000e1000000| Untracked 
|  17|0x00000000e1100000, 0x00000000e1200000, 0x00000000e1200000|100%| O|  |TAMS 0x00000000e1200000, 0x00000000e1100000| Untracked 
|  18|0x00000000e1200000, 0x00000000e1300000, 0x00000000e1300000|100%| O|  |TAMS 0x00000000e1300000, 0x00000000e1200000| Untracked 
|  19|0x00000000e1300000, 0x00000000e1400000, 0x00000000e1400000|100%| O|  |TAMS 0x00000000e1400000, 0x00000000e1300000| Untracked 
|  20|0x00000000e1400000, 0x00000000e1500000, 0x00000000e1500000|100%| O|  |TAMS 0x00000000e1500000, 0x00000000e1400000| Untracked 
|  21|0x00000000e1500000, 0x00000000e1600000, 0x00000000e1600000|100%| O|  |TAMS 0x00000000e1600000, 0x00000000e1500000| Untracked 
|  22|0x00000000e1600000, 0x00000000e1700000, 0x00000000e1700000|100%| O|  |TAMS 0x00000000e1700000, 0x00000000e1600000| Untracked 
|  23|0x00000000e1700000, 0x00000000e1800000, 0x00000000e1800000|100%| O|  |TAMS 0x00000000e1800000, 0x00000000e1700000| Untracked 
|  24|0x00000000e1800000, 0x00000000e1900000, 0x00000000e1900000|100%| O|  |TAMS 0x00000000e1900000, 0x00000000e1800000| Untracked 
|  25|0x00000000e1900000, 0x00000000e1a00000, 0x00000000e1a00000|100%| O|  |TAMS 0x00000000e1a00000, 0x00000000e1900000| Untracked 
|  26|0x00000000e1a00000, 0x00000000e1b00000, 0x00000000e1b00000|100%| O|  |TAMS 0x00000000e1b00000, 0x00000000e1a00000| Untracked 
|  27|0x00000000e1b00000, 0x00000000e1c00000, 0x00000000e1c00000|100%| O|  |TAMS 0x00000000e1c00000, 0x00000000e1b00000| Untracked 
|  28|0x00000000e1c00000, 0x00000000e1d00000, 0x00000000e1d00000|100%| O|  |TAMS 0x00000000e1d00000, 0x00000000e1c00000| Untracked 
|  29|0x00000000e1d00000, 0x00000000e1da4a00, 0x00000000e1e00000| 64%| O|  |TAMS 0x00000000e1da4a00, 0x00000000e1d00000| Untracked 
|  30|0x00000000e1e00000, 0x00000000e1e00000, 0x00000000e1f00000|  0%| F|  |TAMS 0x00000000e1e00000, 0x00000000e1e00000| Untracked 
|  31|0x00000000e1f00000, 0x00000000e1f00000, 0x00000000e2000000|  0%| F|  |TAMS 0x00000000e1f00000, 0x00000000e1f00000| Untracked 
|  32|0x00000000e2000000, 0x00000000e2000000, 0x00000000e2100000|  0%| F|  |TAMS 0x00000000e2000000, 0x00000000e2000000| Untracked 
|  33|0x00000000e2100000, 0x00000000e2100000, 0x00000000e2200000|  0%| F|  |TAMS 0x00000000e2100000, 0x00000000e2100000| Untracked 
|  34|0x00000000e2200000, 0x00000000e2200000, 0x00000000e2300000|  0%| F|  |TAMS 0x00000000e2200000, 0x00000000e2200000| Untracked 
|  35|0x00000000e2300000, 0x00000000e2300000, 0x00000000e2400000|  0%| F|  |TAMS 0x00000000e2300000, 0x00000000e2300000| Untracked 
|  36|0x00000000e2400000, 0x00000000e2400000, 0x00000000e2500000|  0%| F|  |TAMS 0x00000000e2400000, 0x00000000e2400000| Untracked 
|  37|0x00000000e2500000, 0x00000000e2500000, 0x00000000e2600000|  0%| F|  |TAMS 0x00000000e2500000, 0x00000000e2500000| Untracked 
|  38|0x00000000e2600000, 0x00000000e2600000, 0x00000000e2700000|  0%| F|  |TAMS 0x00000000e2600000, 0x00000000e2600000| Untracked 
|  39|0x00000000e2700000, 0x00000000e2700000, 0x00000000e2800000|  0%| F|  |TAMS 0x00000000e2700000, 0x00000000e2700000| Untracked 
|  40|0x00000000e2800000, 0x00000000e2800000, 0x00000000e2900000|  0%| F|  |TAMS 0x00000000e2800000, 0x00000000e2800000| Untracked 
|  41|0x00000000e2900000, 0x00000000e2900000, 0x00000000e2a00000|  0%| F|  |TAMS 0x00000000e2900000, 0x00000000e2900000| Untracked 
|  42|0x00000000e2a00000, 0x00000000e2a00000, 0x00000000e2b00000|  0%| F|  |TAMS 0x00000000e2a00000, 0x00000000e2a00000| Untracked 
|  43|0x00000000e2b00000, 0x00000000e2b00000, 0x00000000e2c00000|  0%| F|  |TAMS 0x00000000e2b00000, 0x00000000e2b00000| Untracked 
|  44|0x00000000e2c00000, 0x00000000e2c00000, 0x00000000e2d00000|  0%| F|  |TAMS 0x00000000e2c00000, 0x00000000e2c00000| Untracked 
|  45|0x00000000e2d00000, 0x00000000e2d00000, 0x00000000e2e00000|  0%| F|  |TAMS 0x00000000e2d00000, 0x00000000e2d00000| Untracked 
|  46|0x00000000e2e00000, 0x00000000e2e00000, 0x00000000e2f00000|  0%| F|  |TAMS 0x00000000e2e00000, 0x00000000e2e00000| Untracked 
|  47|0x00000000e2f00000, 0x00000000e2f00000, 0x00000000e3000000|  0%| F|  |TAMS 0x00000000e2f00000, 0x00000000e2f00000| Untracked 
|  48|0x00000000e3000000, 0x00000000e3000000, 0x00000000e3100000|  0%| F|  |TAMS 0x00000000e3000000, 0x00000000e3000000| Untracked 
|  49|0x00000000e3100000, 0x00000000e3100000, 0x00000000e3200000|  0%| F|  |TAMS 0x00000000e3100000, 0x00000000e3100000| Untracked 
|  50|0x00000000e3200000, 0x00000000e3200000, 0x00000000e3300000|  0%| F|  |TAMS 0x00000000e3200000, 0x00000000e3200000| Untracked 
|  51|0x00000000e3300000, 0x00000000e3300000, 0x00000000e3400000|  0%| F|  |TAMS 0x00000000e3300000, 0x00000000e3300000| Untracked 
|  52|0x00000000e3400000, 0x00000000e3400000, 0x00000000e3500000|  0%| F|  |TAMS 0x00000000e3400000, 0x00000000e3400000| Untracked 
|  53|0x00000000e3500000, 0x00000000e3500000, 0x00000000e3600000|  0%| F|  |TAMS 0x00000000e3500000, 0x00000000e3500000| Untracked 
|  54|0x00000000e3600000, 0x00000000e3600000, 0x00000000e3700000|  0%| F|  |TAMS 0x00000000e3600000, 0x00000000e3600000| Untracked 
|  55|0x00000000e3700000, 0x00000000e3700000, 0x00000000e3800000|  0%| F|  |TAMS 0x00000000e3700000, 0x00000000e3700000| Untracked 
|  56|0x00000000e3800000, 0x00000000e3800000, 0x00000000e3900000|  0%| F|  |TAMS 0x00000000e3800000, 0x00000000e3800000| Untracked 
|  57|0x00000000e3900000, 0x00000000e3900000, 0x00000000e3a00000|  0%| F|  |TAMS 0x00000000e3900000, 0x00000000e3900000| Untracked 
|  58|0x00000000e3a00000, 0x00000000e3a00000, 0x00000000e3b00000|  0%| F|  |TAMS 0x00000000e3a00000, 0x00000000e3a00000| Untracked 
|  59|0x00000000e3b00000, 0x00000000e3b00000, 0x00000000e3c00000|  0%| F|  |TAMS 0x00000000e3b00000, 0x00000000e3b00000| Untracked 
|  60|0x00000000e3c00000, 0x00000000e3c00000, 0x00000000e3d00000|  0%| F|  |TAMS 0x00000000e3c00000, 0x00000000e3c00000| Untracked 
|  61|0x00000000e3d00000, 0x00000000e3d00000, 0x00000000e3e00000|  0%| F|  |TAMS 0x00000000e3d00000, 0x00000000e3d00000| Untracked 
|  62|0x00000000e3e00000, 0x00000000e3e00000, 0x00000000e3f00000|  0%| F|  |TAMS 0x00000000e3e00000, 0x00000000e3e00000| Untracked 
|  63|0x00000000e3f00000, 0x00000000e3f00000, 0x00000000e4000000|  0%| F|  |TAMS 0x00000000e3f00000, 0x00000000e3f00000| Untracked 
|  64|0x00000000e4000000, 0x00000000e4000000, 0x00000000e4100000|  0%| F|  |TAMS 0x00000000e4000000, 0x00000000e4000000| Untracked 
|  65|0x00000000e4100000, 0x00000000e4100000, 0x00000000e4200000|  0%| F|  |TAMS 0x00000000e4100000, 0x00000000e4100000| Untracked 
|  66|0x00000000e4200000, 0x00000000e4200000, 0x00000000e4300000|  0%| F|  |TAMS 0x00000000e4200000, 0x00000000e4200000| Untracked 
|  67|0x00000000e4300000, 0x00000000e4300000, 0x00000000e4400000|  0%| F|  |TAMS 0x00000000e4300000, 0x00000000e4300000| Untracked 
|  68|0x00000000e4400000, 0x00000000e4400000, 0x00000000e4500000|  0%| F|  |TAMS 0x00000000e4400000, 0x00000000e4400000| Untracked 
|  69|0x00000000e4500000, 0x00000000e4500000, 0x00000000e4600000|  0%| F|  |TAMS 0x00000000e4500000, 0x00000000e4500000| Untracked 
|  70|0x00000000e4600000, 0x00000000e4600000, 0x00000000e4700000|  0%| F|  |TAMS 0x00000000e4600000, 0x00000000e4600000| Untracked 
|  71|0x00000000e4700000, 0x00000000e4700000, 0x00000000e4800000|  0%| F|  |TAMS 0x00000000e4700000, 0x00000000e4700000| Untracked 
|  72|0x00000000e4800000, 0x00000000e4800000, 0x00000000e4900000|  0%| F|  |TAMS 0x00000000e4800000, 0x00000000e4800000| Untracked 
|  73|0x00000000e4900000, 0x00000000e4900000, 0x00000000e4a00000|  0%| F|  |TAMS 0x00000000e4900000, 0x00000000e4900000| Untracked 
|  74|0x00000000e4a00000, 0x00000000e4a00000, 0x00000000e4b00000|  0%| F|  |TAMS 0x00000000e4a00000, 0x00000000e4a00000| Untracked 
|  75|0x00000000e4b00000, 0x00000000e4b00000, 0x00000000e4c00000|  0%| F|  |TAMS 0x00000000e4b00000, 0x00000000e4b00000| Untracked 
|  76|0x00000000e4c00000, 0x00000000e4c00000, 0x00000000e4d00000|  0%| F|  |TAMS 0x00000000e4c00000, 0x00000000e4c00000| Untracked 
|  77|0x00000000e4d00000, 0x00000000e4d00000, 0x00000000e4e00000|  0%| F|  |TAMS 0x00000000e4d00000, 0x00000000e4d00000| Untracked 
|  78|0x00000000e4e00000, 0x00000000e4e00000, 0x00000000e4f00000|  0%| F|  |TAMS 0x00000000e4e00000, 0x00000000e4e00000| Untracked 
|  79|0x00000000e4f00000, 0x00000000e4f00000, 0x00000000e5000000|  0%| F|  |TAMS 0x00000000e4f00000, 0x00000000e4f00000| Untracked 
|  80|0x00000000e5000000, 0x00000000e5000000, 0x00000000e5100000|  0%| F|  |TAMS 0x00000000e5000000, 0x00000000e5000000| Untracked 
|  81|0x00000000e5100000, 0x00000000e5100000, 0x00000000e5200000|  0%| F|  |TAMS 0x00000000e5100000, 0x00000000e5100000| Untracked 
|  82|0x00000000e5200000, 0x00000000e5200000, 0x00000000e5300000|  0%| F|  |TAMS 0x00000000e5200000, 0x00000000e5200000| Untracked 
|  83|0x00000000e5300000, 0x00000000e5300000, 0x00000000e5400000|  0%| F|  |TAMS 0x00000000e5300000, 0x00000000e5300000| Untracked 
|  84|0x00000000e5400000, 0x00000000e5400000, 0x00000000e5500000|  0%| F|  |TAMS 0x00000000e5400000, 0x00000000e5400000| Untracked 
|  85|0x00000000e5500000, 0x00000000e5500000, 0x00000000e5600000|  0%| F|  |TAMS 0x00000000e5500000, 0x00000000e5500000| Untracked 
|  86|0x00000000e5600000, 0x00000000e5600000, 0x00000000e5700000|  0%| F|  |TAMS 0x00000000e5600000, 0x00000000e5600000| Untracked 
|  87|0x00000000e5700000, 0x00000000e5700000, 0x00000000e5800000|  0%| F|  |TAMS 0x00000000e5700000, 0x00000000e5700000| Untracked 
|  88|0x00000000e5800000, 0x00000000e5800000, 0x00000000e5900000|  0%| F|  |TAMS 0x00000000e5800000, 0x00000000e5800000| Untracked 
|  89|0x00000000e5900000, 0x00000000e5900000, 0x00000000e5a00000|  0%| F|  |TAMS 0x00000000e5900000, 0x00000000e5900000| Untracked 
|  90|0x00000000e5a00000, 0x00000000e5a00000, 0x00000000e5b00000|  0%| F|  |TAMS 0x00000000e5a00000, 0x00000000e5a00000| Untracked 
|  91|0x00000000e5b00000, 0x00000000e5b00000, 0x00000000e5c00000|  0%| F|  |TAMS 0x00000000e5b00000, 0x00000000e5b00000| Untracked 
|  92|0x00000000e5c00000, 0x00000000e5c00000, 0x00000000e5d00000|  0%| F|  |TAMS 0x00000000e5c00000, 0x00000000e5c00000| Untracked 
|  93|0x00000000e5d00000, 0x00000000e5d00000, 0x00000000e5e00000|  0%| F|  |TAMS 0x00000000e5d00000, 0x00000000e5d00000| Untracked 
|  94|0x00000000e5e00000, 0x00000000e5e00000, 0x00000000e5f00000|  0%| F|  |TAMS 0x00000000e5e00000, 0x00000000e5e00000| Untracked 
|  95|0x00000000e5f00000, 0x00000000e5f00000, 0x00000000e6000000|  0%| F|  |TAMS 0x00000000e5f00000, 0x00000000e5f00000| Untracked 
|  96|0x00000000e6000000, 0x00000000e6000000, 0x00000000e6100000|  0%| F|  |TAMS 0x00000000e6000000, 0x00000000e6000000| Untracked 
|  97|0x00000000e6100000, 0x00000000e6100000, 0x00000000e6200000|  0%| F|  |TAMS 0x00000000e6100000, 0x00000000e6100000| Untracked 
|  98|0x00000000e6200000, 0x00000000e6200000, 0x00000000e6300000|  0%| F|  |TAMS 0x00000000e6200000, 0x00000000e6200000| Untracked 
|  99|0x00000000e6300000, 0x00000000e6300000, 0x00000000e6400000|  0%| F|  |TAMS 0x00000000e6300000, 0x00000000e6300000| Untracked 
| 100|0x00000000e6400000, 0x00000000e6400000, 0x00000000e6500000|  0%| F|  |TAMS 0x00000000e6400000, 0x00000000e6400000| Untracked 
| 101|0x00000000e6500000, 0x00000000e6500000, 0x00000000e6600000|  0%| F|  |TAMS 0x00000000e6500000, 0x00000000e6500000| Untracked 
| 102|0x00000000e6600000, 0x00000000e6600000, 0x00000000e6700000|  0%| F|  |TAMS 0x00000000e6600000, 0x00000000e6600000| Untracked 
| 103|0x00000000e6700000, 0x00000000e6700000, 0x00000000e6800000|  0%| F|  |TAMS 0x00000000e6700000, 0x00000000e6700000| Untracked 
| 104|0x00000000e6800000, 0x00000000e6800000, 0x00000000e6900000|  0%| F|  |TAMS 0x00000000e6800000, 0x00000000e6800000| Untracked 
| 105|0x00000000e6900000, 0x00000000e6900000, 0x00000000e6a00000|  0%| F|  |TAMS 0x00000000e6900000, 0x00000000e6900000| Untracked 
| 106|0x00000000e6a00000, 0x00000000e6a00000, 0x00000000e6b00000|  0%| F|  |TAMS 0x00000000e6a00000, 0x00000000e6a00000| Untracked 
| 107|0x00000000e6b00000, 0x00000000e6b00000, 0x00000000e6c00000|  0%| F|  |TAMS 0x00000000e6b00000, 0x00000000e6b00000| Untracked 
| 108|0x00000000e6c00000, 0x00000000e6c00000, 0x00000000e6d00000|  0%| F|  |TAMS 0x00000000e6c00000, 0x00000000e6c00000| Untracked 
| 109|0x00000000e6d00000, 0x00000000e6d00000, 0x00000000e6e00000|  0%| F|  |TAMS 0x00000000e6d00000, 0x00000000e6d00000| Untracked 
| 110|0x00000000e6e00000, 0x00000000e6e00000, 0x00000000e6f00000|  0%| F|  |TAMS 0x00000000e6e00000, 0x00000000e6e00000| Untracked 
| 111|0x00000000e6f00000, 0x00000000e6f00000, 0x00000000e7000000|  0%| F|  |TAMS 0x00000000e6f00000, 0x00000000e6f00000| Untracked 
| 112|0x00000000e7000000, 0x00000000e7000000, 0x00000000e7100000|  0%| F|  |TAMS 0x00000000e7000000, 0x00000000e7000000| Untracked 
| 113|0x00000000e7100000, 0x00000000e7100000, 0x00000000e7200000|  0%| F|  |TAMS 0x00000000e7100000, 0x00000000e7100000| Untracked 
| 114|0x00000000e7200000, 0x00000000e7200000, 0x00000000e7300000|  0%| F|  |TAMS 0x00000000e7200000, 0x00000000e7200000| Untracked 
| 115|0x00000000e7300000, 0x00000000e7300000, 0x00000000e7400000|  0%| F|  |TAMS 0x00000000e7300000, 0x00000000e7300000| Untracked 
| 116|0x00000000e7400000, 0x00000000e7400000, 0x00000000e7500000|  0%| F|  |TAMS 0x00000000e7400000, 0x00000000e7400000| Untracked 
| 117|0x00000000e7500000, 0x00000000e7500000, 0x00000000e7600000|  0%| F|  |TAMS 0x00000000e7500000, 0x00000000e7500000| Untracked 
| 118|0x00000000e7600000, 0x00000000e7600000, 0x00000000e7700000|  0%| F|  |TAMS 0x00000000e7600000, 0x00000000e7600000| Untracked 
| 119|0x00000000e7700000, 0x00000000e7700000, 0x00000000e7800000|  0%| F|  |TAMS 0x00000000e7700000, 0x00000000e7700000| Untracked 
| 120|0x00000000e7800000, 0x00000000e7800000, 0x00000000e7900000|  0%| F|  |TAMS 0x00000000e7800000, 0x00000000e7800000| Untracked 
| 121|0x00000000e7900000, 0x00000000e7900000, 0x00000000e7a00000|  0%| F|  |TAMS 0x00000000e7900000, 0x00000000e7900000| Untracked 
| 122|0x00000000e7a00000, 0x00000000e7a00000, 0x00000000e7b00000|  0%| F|  |TAMS 0x00000000e7a00000, 0x00000000e7a00000| Untracked 
| 123|0x00000000e7b00000, 0x00000000e7b00000, 0x00000000e7c00000|  0%| F|  |TAMS 0x00000000e7b00000, 0x00000000e7b00000| Untracked 
| 124|0x00000000e7c00000, 0x00000000e7c00000, 0x00000000e7d00000|  0%| F|  |TAMS 0x00000000e7c00000, 0x00000000e7c00000| Untracked 
| 125|0x00000000e7d00000, 0x00000000e7d00000, 0x00000000e7e00000|  0%| F|  |TAMS 0x00000000e7d00000, 0x00000000e7d00000| Untracked 
| 126|0x00000000e7e00000, 0x00000000e7e00000, 0x00000000e7f00000|  0%| F|  |TAMS 0x00000000e7e00000, 0x00000000e7e00000| Untracked 
| 127|0x00000000e7f00000, 0x00000000e7f00000, 0x00000000e8000000|  0%| F|  |TAMS 0x00000000e7f00000, 0x00000000e7f00000| Untracked 
| 128|0x00000000e8000000, 0x00000000e8000000, 0x00000000e8100000|  0%| F|  |TAMS 0x00000000e8000000, 0x00000000e8000000| Untracked 
| 129|0x00000000e8100000, 0x00000000e8100000, 0x00000000e8200000|  0%| F|  |TAMS 0x00000000e8100000, 0x00000000e8100000| Untracked 
| 130|0x00000000e8200000, 0x00000000e8200000, 0x00000000e8300000|  0%| F|  |TAMS 0x00000000e8200000, 0x00000000e8200000| Untracked 
| 131|0x00000000e8300000, 0x00000000e8300000, 0x00000000e8400000|  0%| F|  |TAMS 0x00000000e8300000, 0x00000000e8300000| Untracked 
| 132|0x00000000e8400000, 0x00000000e8400000, 0x00000000e8500000|  0%| F|  |TAMS 0x00000000e8400000, 0x00000000e8400000| Untracked 
| 133|0x00000000e8500000, 0x00000000e8500000, 0x00000000e8600000|  0%| F|  |TAMS 0x00000000e8500000, 0x00000000e8500000| Untracked 
| 134|0x00000000e8600000, 0x00000000e8600000, 0x00000000e8700000|  0%| F|  |TAMS 0x00000000e8600000, 0x00000000e8600000| Untracked 
| 135|0x00000000e8700000, 0x00000000e8700000, 0x00000000e8800000|  0%| F|  |TAMS 0x00000000e8700000, 0x00000000e8700000| Untracked 
| 136|0x00000000e8800000, 0x00000000e8800000, 0x00000000e8900000|  0%| F|  |TAMS 0x00000000e8800000, 0x00000000e8800000| Untracked 
| 137|0x00000000e8900000, 0x00000000e8900000, 0x00000000e8a00000|  0%| F|  |TAMS 0x00000000e8900000, 0x00000000e8900000| Untracked 
| 138|0x00000000e8a00000, 0x00000000e8a00000, 0x00000000e8b00000|  0%| F|  |TAMS 0x00000000e8a00000, 0x00000000e8a00000| Untracked 
| 139|0x00000000e8b00000, 0x00000000e8b00000, 0x00000000e8c00000|  0%| F|  |TAMS 0x00000000e8b00000, 0x00000000e8b00000| Untracked 
| 140|0x00000000e8c00000, 0x00000000e8c00000, 0x00000000e8d00000|  0%| F|  |TAMS 0x00000000e8c00000, 0x00000000e8c00000| Untracked 
| 141|0x00000000e8d00000, 0x00000000e8d00000, 0x00000000e8e00000|  0%| F|  |TAMS 0x00000000e8d00000, 0x00000000e8d00000| Untracked 
| 142|0x00000000e8e00000, 0x00000000e8e00000, 0x00000000e8f00000|  0%| F|  |TAMS 0x00000000e8e00000, 0x00000000e8e00000| Untracked 
| 143|0x00000000e8f00000, 0x00000000e8f00000, 0x00000000e9000000|  0%| F|  |TAMS 0x00000000e8f00000, 0x00000000e8f00000| Untracked 
| 144|0x00000000e9000000, 0x00000000e9000000, 0x00000000e9100000|  0%| F|  |TAMS 0x00000000e9000000, 0x00000000e9000000| Untracked 
| 145|0x00000000e9100000, 0x00000000e9100000, 0x00000000e9200000|  0%| F|  |TAMS 0x00000000e9100000, 0x00000000e9100000| Untracked 
| 146|0x00000000e9200000, 0x00000000e9200000, 0x00000000e9300000|  0%| F|  |TAMS 0x00000000e9200000, 0x00000000e9200000| Untracked 
| 147|0x00000000e9300000, 0x00000000e9300000, 0x00000000e9400000|  0%| F|  |TAMS 0x00000000e9300000, 0x00000000e9300000| Untracked 
| 148|0x00000000e9400000, 0x00000000e9400000, 0x00000000e9500000|  0%| F|  |TAMS 0x00000000e9400000, 0x00000000e9400000| Untracked 
| 149|0x00000000e9500000, 0x00000000e9500000, 0x00000000e9600000|  0%| F|  |TAMS 0x00000000e9500000, 0x00000000e9500000| Untracked 
| 150|0x00000000e9600000, 0x00000000e9600000, 0x00000000e9700000|  0%| F|  |TAMS 0x00000000e9600000, 0x00000000e9600000| Untracked 
| 151|0x00000000e9700000, 0x00000000e9700000, 0x00000000e9800000|  0%| F|  |TAMS 0x00000000e9700000, 0x00000000e9700000| Untracked 
| 152|0x00000000e9800000, 0x00000000e9800000, 0x00000000e9900000|  0%| F|  |TAMS 0x00000000e9800000, 0x00000000e9800000| Untracked 
| 153|0x00000000e9900000, 0x00000000e9900000, 0x00000000e9a00000|  0%| F|  |TAMS 0x00000000e9900000, 0x00000000e9900000| Untracked 
| 154|0x00000000e9a00000, 0x00000000e9a00000, 0x00000000e9b00000|  0%| F|  |TAMS 0x00000000e9a00000, 0x00000000e9a00000| Untracked 
| 155|0x00000000e9b00000, 0x00000000e9b00000, 0x00000000e9c00000|  0%| F|  |TAMS 0x00000000e9b00000, 0x00000000e9b00000| Untracked 
| 156|0x00000000e9c00000, 0x00000000e9c00000, 0x00000000e9d00000|  0%| F|  |TAMS 0x00000000e9c00000, 0x00000000e9c00000| Untracked 
| 157|0x00000000e9d00000, 0x00000000e9d00000, 0x00000000e9e00000|  0%| F|  |TAMS 0x00000000e9d00000, 0x00000000e9d00000| Untracked 
| 158|0x00000000e9e00000, 0x00000000e9e00000, 0x00000000e9f00000|  0%| F|  |TAMS 0x00000000e9e00000, 0x00000000e9e00000| Untracked 
| 159|0x00000000e9f00000, 0x00000000e9f00000, 0x00000000ea000000|  0%| F|  |TAMS 0x00000000e9f00000, 0x00000000e9f00000| Untracked 
| 160|0x00000000ea000000, 0x00000000ea000000, 0x00000000ea100000|  0%| F|  |TAMS 0x00000000ea000000, 0x00000000ea000000| Untracked 
| 161|0x00000000ea100000, 0x00000000ea100000, 0x00000000ea200000|  0%| F|  |TAMS 0x00000000ea100000, 0x00000000ea100000| Untracked 
| 162|0x00000000ea200000, 0x00000000ea200000, 0x00000000ea300000|  0%| F|  |TAMS 0x00000000ea200000, 0x00000000ea200000| Untracked 
| 163|0x00000000ea300000, 0x00000000ea300000, 0x00000000ea400000|  0%| F|  |TAMS 0x00000000ea300000, 0x00000000ea300000| Untracked 
| 164|0x00000000ea400000, 0x00000000ea400000, 0x00000000ea500000|  0%| F|  |TAMS 0x00000000ea400000, 0x00000000ea400000| Untracked 
| 165|0x00000000ea500000, 0x00000000ea500000, 0x00000000ea600000|  0%| F|  |TAMS 0x00000000ea500000, 0x00000000ea500000| Untracked 
| 166|0x00000000ea600000, 0x00000000ea600000, 0x00000000ea700000|  0%| F|  |TAMS 0x00000000ea600000, 0x00000000ea600000| Untracked 
| 167|0x00000000ea700000, 0x00000000ea700000, 0x00000000ea800000|  0%| F|  |TAMS 0x00000000ea700000, 0x00000000ea700000| Untracked 
| 168|0x00000000ea800000, 0x00000000ea800000, 0x00000000ea900000|  0%| F|  |TAMS 0x00000000ea800000, 0x00000000ea800000| Untracked 
| 169|0x00000000ea900000, 0x00000000ea900000, 0x00000000eaa00000|  0%| F|  |TAMS 0x00000000ea900000, 0x00000000ea900000| Untracked 
| 170|0x00000000eaa00000, 0x00000000eaa00000, 0x00000000eab00000|  0%| F|  |TAMS 0x00000000eaa00000, 0x00000000eaa00000| Untracked 
| 171|0x00000000eab00000, 0x00000000eab00000, 0x00000000eac00000|  0%| F|  |TAMS 0x00000000eab00000, 0x00000000eab00000| Untracked 
| 172|0x00000000eac00000, 0x00000000eac00000, 0x00000000ead00000|  0%| F|  |TAMS 0x00000000eac00000, 0x00000000eac00000| Untracked 
| 173|0x00000000ead00000, 0x00000000ead00000, 0x00000000eae00000|  0%| F|  |TAMS 0x00000000ead00000, 0x00000000ead00000| Untracked 
| 174|0x00000000eae00000, 0x00000000eae00000, 0x00000000eaf00000|  0%| F|  |TAMS 0x00000000eae00000, 0x00000000eae00000| Untracked 
| 175|0x00000000eaf00000, 0x00000000eaf00000, 0x00000000eb000000|  0%| F|  |TAMS 0x00000000eaf00000, 0x00000000eaf00000| Untracked 
| 176|0x00000000eb000000, 0x00000000eb000000, 0x00000000eb100000|  0%| F|  |TAMS 0x00000000eb000000, 0x00000000eb000000| Untracked 
| 177|0x00000000eb100000, 0x00000000eb100000, 0x00000000eb200000|  0%| F|  |TAMS 0x00000000eb100000, 0x00000000eb100000| Untracked 
| 178|0x00000000eb200000, 0x00000000eb200000, 0x00000000eb300000|  0%| F|  |TAMS 0x00000000eb200000, 0x00000000eb200000| Untracked 
| 179|0x00000000eb300000, 0x00000000eb300000, 0x00000000eb400000|  0%| F|  |TAMS 0x00000000eb300000, 0x00000000eb300000| Untracked 
| 180|0x00000000eb400000, 0x00000000eb400000, 0x00000000eb500000|  0%| F|  |TAMS 0x00000000eb400000, 0x00000000eb400000| Untracked 
| 181|0x00000000eb500000, 0x00000000eb500000, 0x00000000eb600000|  0%| F|  |TAMS 0x00000000eb500000, 0x00000000eb500000| Untracked 
| 182|0x00000000eb600000, 0x00000000eb600000, 0x00000000eb700000|  0%| F|  |TAMS 0x00000000eb600000, 0x00000000eb600000| Untracked 
| 183|0x00000000eb700000, 0x00000000eb700000, 0x00000000eb800000|  0%| F|  |TAMS 0x00000000eb700000, 0x00000000eb700000| Untracked 
| 184|0x00000000eb800000, 0x00000000eb800000, 0x00000000eb900000|  0%| F|  |TAMS 0x00000000eb800000, 0x00000000eb800000| Untracked 
| 185|0x00000000eb900000, 0x00000000eb900000, 0x00000000eba00000|  0%| F|  |TAMS 0x00000000eb900000, 0x00000000eb900000| Untracked 
| 186|0x00000000eba00000, 0x00000000eba00000, 0x00000000ebb00000|  0%| F|  |TAMS 0x00000000eba00000, 0x00000000eba00000| Untracked 
| 187|0x00000000ebb00000, 0x00000000ebb00000, 0x00000000ebc00000|  0%| F|  |TAMS 0x00000000ebb00000, 0x00000000ebb00000| Untracked 
| 188|0x00000000ebc00000, 0x00000000ebc00000, 0x00000000ebd00000|  0%| F|  |TAMS 0x00000000ebc00000, 0x00000000ebc00000| Untracked 
| 189|0x00000000ebd00000, 0x00000000ebd00000, 0x00000000ebe00000|  0%| F|  |TAMS 0x00000000ebd00000, 0x00000000ebd00000| Untracked 
| 190|0x00000000ebe00000, 0x00000000ebedd620, 0x00000000ebf00000| 86%| E|  |TAMS 0x00000000ebe00000, 0x00000000ebe00000| Complete 
| 191|0x00000000ebf00000, 0x00000000ec000000, 0x00000000ec000000|100%| E|CS|TAMS 0x00000000ebf00000, 0x00000000ebf00000| Complete 
| 192|0x00000000ec000000, 0x00000000ec100000, 0x00000000ec100000|100%| E|CS|TAMS 0x00000000ec000000, 0x00000000ec000000| Complete 
| 193|0x00000000ec100000, 0x00000000ec200000, 0x00000000ec200000|100%| E|CS|TAMS 0x00000000ec100000, 0x00000000ec100000| Complete 
| 194|0x00000000ec200000, 0x00000000ec300000, 0x00000000ec300000|100%| E|CS|TAMS 0x00000000ec200000, 0x00000000ec200000| Complete 
| 195|0x00000000ec300000, 0x00000000ec400000, 0x00000000ec400000|100%| E|CS|TAMS 0x00000000ec300000, 0x00000000ec300000| Complete 
| 196|0x00000000ec400000, 0x00000000ec500000, 0x00000000ec500000|100%| E|CS|TAMS 0x00000000ec400000, 0x00000000ec400000| Complete 
| 197|0x00000000ec500000, 0x00000000ec600000, 0x00000000ec600000|100%| E|CS|TAMS 0x00000000ec500000, 0x00000000ec500000| Complete 
| 198|0x00000000ec600000, 0x00000000ec700000, 0x00000000ec700000|100%| E|CS|TAMS 0x00000000ec600000, 0x00000000ec600000| Complete 
| 199|0x00000000ec700000, 0x00000000ec800000, 0x00000000ec800000|100%| E|CS|TAMS 0x00000000ec700000, 0x00000000ec700000| Complete 
| 200|0x00000000ec800000, 0x00000000ec900000, 0x00000000ec900000|100%| E|CS|TAMS 0x00000000ec800000, 0x00000000ec800000| Complete 
| 201|0x00000000ec900000, 0x00000000eca00000, 0x00000000eca00000|100%| E|CS|TAMS 0x00000000ec900000, 0x00000000ec900000| Complete 
| 202|0x00000000eca00000, 0x00000000ecb00000, 0x00000000ecb00000|100%| E|CS|TAMS 0x00000000eca00000, 0x00000000eca00000| Complete 
| 203|0x00000000ecb00000, 0x00000000ecc00000, 0x00000000ecc00000|100%| E|CS|TAMS 0x00000000ecb00000, 0x00000000ecb00000| Complete 
| 204|0x00000000ecc00000, 0x00000000ecd00000, 0x00000000ecd00000|100%| E|CS|TAMS 0x00000000ecc00000, 0x00000000ecc00000| Complete 
| 205|0x00000000ecd00000, 0x00000000ece00000, 0x00000000ece00000|100%| E|CS|TAMS 0x00000000ecd00000, 0x00000000ecd00000| Complete 
| 206|0x00000000ece00000, 0x00000000ecf00000, 0x00000000ecf00000|100%| E|CS|TAMS 0x00000000ece00000, 0x00000000ece00000| Complete 
| 207|0x00000000ecf00000, 0x00000000ed000000, 0x00000000ed000000|100%| E|CS|TAMS 0x00000000ecf00000, 0x00000000ecf00000| Complete 
| 208|0x00000000ed000000, 0x00000000ed100000, 0x00000000ed100000|100%| E|CS|TAMS 0x00000000ed000000, 0x00000000ed000000| Complete 
| 209|0x00000000ed100000, 0x00000000ed200000, 0x00000000ed200000|100%| E|CS|TAMS 0x00000000ed100000, 0x00000000ed100000| Complete 
| 210|0x00000000ed200000, 0x00000000ed300000, 0x00000000ed300000|100%| E|CS|TAMS 0x00000000ed200000, 0x00000000ed200000| Complete 
| 211|0x00000000ed300000, 0x00000000ed400000, 0x00000000ed400000|100%| E|CS|TAMS 0x00000000ed300000, 0x00000000ed300000| Complete 
| 212|0x00000000ed400000, 0x00000000ed500000, 0x00000000ed500000|100%| E|CS|TAMS 0x00000000ed400000, 0x00000000ed400000| Complete 
| 213|0x00000000ed500000, 0x00000000ed600000, 0x00000000ed600000|100%| E|CS|TAMS 0x00000000ed500000, 0x00000000ed500000| Complete 
| 214|0x00000000ed600000, 0x00000000ed700000, 0x00000000ed700000|100%| E|CS|TAMS 0x00000000ed600000, 0x00000000ed600000| Complete 
| 215|0x00000000ed700000, 0x00000000ed800000, 0x00000000ed800000|100%| E|CS|TAMS 0x00000000ed700000, 0x00000000ed700000| Complete 
| 216|0x00000000ed800000, 0x00000000ed900000, 0x00000000ed900000|100%| E|CS|TAMS 0x00000000ed800000, 0x00000000ed800000| Complete 
| 217|0x00000000ed900000, 0x00000000eda00000, 0x00000000eda00000|100%| E|CS|TAMS 0x00000000ed900000, 0x00000000ed900000| Complete 
| 218|0x00000000eda00000, 0x00000000edb00000, 0x00000000edb00000|100%| E|CS|TAMS 0x00000000eda00000, 0x00000000eda00000| Complete 
| 219|0x00000000edb00000, 0x00000000edc00000, 0x00000000edc00000|100%| E|CS|TAMS 0x00000000edb00000, 0x00000000edb00000| Complete 
| 220|0x00000000edc00000, 0x00000000edd00000, 0x00000000edd00000|100%| E|CS|TAMS 0x00000000edc00000, 0x00000000edc00000| Complete 
| 221|0x00000000edd00000, 0x00000000ede00000, 0x00000000ede00000|100%| E|CS|TAMS 0x00000000edd00000, 0x00000000edd00000| Complete 
| 222|0x00000000ede00000, 0x00000000edf00000, 0x00000000edf00000|100%| E|CS|TAMS 0x00000000ede00000, 0x00000000ede00000| Complete 
| 223|0x00000000edf00000, 0x00000000ee000000, 0x00000000ee000000|100%| E|CS|TAMS 0x00000000edf00000, 0x00000000edf00000| Complete 
| 224|0x00000000ee000000, 0x00000000ee100000, 0x00000000ee100000|100%| E|CS|TAMS 0x00000000ee000000, 0x00000000ee000000| Complete 
| 225|0x00000000ee100000, 0x00000000ee200000, 0x00000000ee200000|100%| E|CS|TAMS 0x00000000ee100000, 0x00000000ee100000| Complete 
| 226|0x00000000ee200000, 0x00000000ee300000, 0x00000000ee300000|100%| E|CS|TAMS 0x00000000ee200000, 0x00000000ee200000| Complete 
| 227|0x00000000ee300000, 0x00000000ee400000, 0x00000000ee400000|100%| E|CS|TAMS 0x00000000ee300000, 0x00000000ee300000| Complete 
| 228|0x00000000ee400000, 0x00000000ee500000, 0x00000000ee500000|100%| E|CS|TAMS 0x00000000ee400000, 0x00000000ee400000| Complete 
| 229|0x00000000ee500000, 0x00000000ee600000, 0x00000000ee600000|100%| E|CS|TAMS 0x00000000ee500000, 0x00000000ee500000| Complete 
| 230|0x00000000ee600000, 0x00000000ee700000, 0x00000000ee700000|100%| E|CS|TAMS 0x00000000ee600000, 0x00000000ee600000| Complete 
| 231|0x00000000ee700000, 0x00000000ee800000, 0x00000000ee800000|100%| E|CS|TAMS 0x00000000ee700000, 0x00000000ee700000| Complete 
| 232|0x00000000ee800000, 0x00000000ee900000, 0x00000000ee900000|100%| E|CS|TAMS 0x00000000ee800000, 0x00000000ee800000| Complete 
| 233|0x00000000ee900000, 0x00000000eea00000, 0x00000000eea00000|100%| E|CS|TAMS 0x00000000ee900000, 0x00000000ee900000| Complete 
| 234|0x00000000eea00000, 0x00000000eeb00000, 0x00000000eeb00000|100%| E|CS|TAMS 0x00000000eea00000, 0x00000000eea00000| Complete 
| 235|0x00000000eeb00000, 0x00000000eec00000, 0x00000000eec00000|100%| E|CS|TAMS 0x00000000eeb00000, 0x00000000eeb00000| Complete 
| 236|0x00000000eec00000, 0x00000000eed00000, 0x00000000eed00000|100%| E|CS|TAMS 0x00000000eec00000, 0x00000000eec00000| Complete 
| 237|0x00000000eed00000, 0x00000000eee00000, 0x00000000eee00000|100%| E|CS|TAMS 0x00000000eed00000, 0x00000000eed00000| Complete 
| 238|0x00000000eee00000, 0x00000000eef00000, 0x00000000eef00000|100%| E|CS|TAMS 0x00000000eee00000, 0x00000000eee00000| Complete 
| 239|0x00000000eef00000, 0x00000000ef000000, 0x00000000ef000000|100%| E|CS|TAMS 0x00000000eef00000, 0x00000000eef00000| Complete 
| 240|0x00000000ef000000, 0x00000000ef100000, 0x00000000ef100000|100%| E|CS|TAMS 0x00000000ef000000, 0x00000000ef000000| Complete 
| 241|0x00000000ef100000, 0x00000000ef200000, 0x00000000ef200000|100%| E|CS|TAMS 0x00000000ef100000, 0x00000000ef100000| Complete 
| 242|0x00000000ef200000, 0x00000000ef300000, 0x00000000ef300000|100%| E|CS|TAMS 0x00000000ef200000, 0x00000000ef200000| Complete 
| 243|0x00000000ef300000, 0x00000000ef400000, 0x00000000ef400000|100%| E|CS|TAMS 0x00000000ef300000, 0x00000000ef300000| Complete 
| 244|0x00000000ef400000, 0x00000000ef500000, 0x00000000ef500000|100%| E|CS|TAMS 0x00000000ef400000, 0x00000000ef400000| Complete 
| 245|0x00000000ef500000, 0x00000000ef600000, 0x00000000ef600000|100%| E|CS|TAMS 0x00000000ef500000, 0x00000000ef500000| Complete 
| 246|0x00000000ef600000, 0x00000000ef700000, 0x00000000ef700000|100%| E|CS|TAMS 0x00000000ef600000, 0x00000000ef600000| Complete 
| 247|0x00000000ef700000, 0x00000000ef800000, 0x00000000ef800000|100%| E|CS|TAMS 0x00000000ef700000, 0x00000000ef700000| Complete 
| 248|0x00000000ef800000, 0x00000000ef900000, 0x00000000ef900000|100%| E|CS|TAMS 0x00000000ef800000, 0x00000000ef800000| Complete 
| 249|0x00000000ef900000, 0x00000000efa00000, 0x00000000efa00000|100%| E|CS|TAMS 0x00000000ef900000, 0x00000000ef900000| Complete 
| 250|0x00000000efa00000, 0x00000000efa66d00, 0x00000000efb00000| 40%| S|CS|TAMS 0x00000000efa00000, 0x00000000efa00000| Complete 
| 251|0x00000000efb00000, 0x00000000efc00000, 0x00000000efc00000|100%| E|CS|TAMS 0x00000000efb00000, 0x00000000efb00000| Complete 
| 252|0x00000000efc00000, 0x00000000efd00000, 0x00000000efd00000|100%| E|CS|TAMS 0x00000000efc00000, 0x00000000efc00000| Complete 
| 253|0x00000000efd00000, 0x00000000efe00000, 0x00000000efe00000|100%| E|CS|TAMS 0x00000000efd00000, 0x00000000efd00000| Complete 
| 254|0x00000000efe00000, 0x00000000eff00000, 0x00000000eff00000|100%| E|CS|TAMS 0x00000000efe00000, 0x00000000efe00000| Complete 
| 255|0x00000000eff00000, 0x00000000f0000000, 0x00000000f0000000|100%| E|CS|TAMS 0x00000000eff00000, 0x00000000eff00000| Complete 

Card table byte_map: [0x0000020efb670000,0x0000020efb770000] _byte_map_base: 0x0000020efaf70000

Marking Bits (Prev, Next): (CMBitMap*) 0x0000020efb194a30, (CMBitMap*) 0x0000020efb194a70
 Prev Bits: [0x0000020efb870000, 0x0000020efc070000)
 Next Bits: [0x0000020efc070000, 0x0000020efc870000)

Polling page: 0x0000020efa940000

Metaspace:

Usage:
  Non-class:     35.15 MB used.
      Class:      5.70 MB used.
       Both:     40.86 MB used.

Virtual space:
  Non-class space:       40.00 MB reserved,      35.38 MB ( 88%) committed,  5 nodes.
      Class space:      208.00 MB reserved,       5.88 MB (  3%) committed,  1 nodes.
             Both:      248.00 MB reserved,      41.25 MB ( 17%) committed. 

Chunk freelists:
   Non-Class:  64.00 KB
       Class:  2.00 MB
        Both:  2.06 MB

MaxMetaspaceSize: 256.00 MB
CompressedClassSpaceSize: 208.00 MB
Initial GC threshold: 21.00 MB
Current GC threshold: 59.38 MB
CDS: on
MetaspaceReclaimPolicy: balanced
 - commit_granule_bytes: 65536.
 - commit_granule_words: 8192.
 - virtual_space_node_default_size: 1048576.
 - enlarge_chunks_in_place: 1.
 - new_chunks_are_fully_committed: 0.
 - uncommit_free_chunks: 1.
 - use_allocation_guard: 0.
 - handle_deallocations: 1.


Internal statistics:

num_allocs_failed_limit: 9.
num_arena_births: 462.
num_arena_deaths: 0.
num_vsnodes_births: 6.
num_vsnodes_deaths: 0.
num_space_committed: 660.
num_space_uncommitted: 0.
num_chunks_returned_to_freelist: 9.
num_chunks_taken_from_freelist: 2041.
num_chunk_merges: 9.
num_chunk_splits: 1338.
num_chunks_enlarged: 894.
num_purges: 0.
num_inconsistent_stats: 0.

CodeHeap 'non-profiled nmethods': size=120000Kb used=2823Kb max_used=2823Kb free=117176Kb
 bounds [0x0000020e8f500000, 0x0000020e8f7d0000, 0x0000020e96a30000]
CodeHeap 'profiled nmethods': size=120000Kb used=10654Kb max_used=10654Kb free=109345Kb
 bounds [0x0000020e87a30000, 0x0000020e884a0000, 0x0000020e8ef60000]
CodeHeap 'non-nmethods': size=5760Kb used=2306Kb max_used=2376Kb free=3453Kb
 bounds [0x0000020e8ef60000, 0x0000020e8f1d0000, 0x0000020e8f500000]
 total_blobs=5711 nmethods=4892 adapters=730
 compilation: enabled
              stopped_count=0, restarted_count=0
 full_count=0

Compilation events (20 events):
Event: 23.316 Thread 0x0000020eff289b20 nmethod 4727 0x0000020e8f7ba110 code [0x0000020e8f7ba2a0, 0x0000020e8f7ba918]
Event: 23.317 Thread 0x0000020eff289b20 4680       4       groovy.lang.MetaClassImpl::addMetaMethodToIndex (65 bytes)
Event: 23.585 Thread 0x0000020eff289b20 nmethod 4680 0x0000020e8f7bab10 code [0x0000020e8f7baf00, 0x0000020e8f7bfcb8]
Event: 23.738 Thread 0x0000020eff28a4d0 4893       3       java.lang.invoke.DirectMethodHandle$Holder::invokeStatic (17 bytes)
Event: 23.738 Thread 0x0000020eff28a4d0 nmethod 4893 0x0000020e88494990 code [0x0000020e88494b60, 0x0000020e88495078]
Event: 23.739 Thread 0x0000020eff28a4d0 4894       3       java.util.stream.AbstractPipeline::close (48 bytes)
Event: 23.739 Thread 0x0000020eff28a4d0 nmethod 4894 0x0000020e88495190 code [0x0000020e88495340, 0x0000020e884955e8]
Event: 23.739 Thread 0x0000020eff28a4d0 4895       1       org.gradle.internal.concurrent.ManagedExecutorImpl::access$000 (5 bytes)
Event: 23.739 Thread 0x0000020eff28a4d0 nmethod 4895 0x0000020e8f7c1b10 code [0x0000020e8f7c1ca0, 0x0000020e8f7c1d58]
Event: 24.345 Thread 0x0000020eff289b20 4896       4       java.util.jar.JarFile::getManifest (5 bytes)
Event: 24.363 Thread 0x0000020eff28a4d0 4898       3       java.lang.ProcessEnvironment$CheckedEntrySet$1::hasNext (10 bytes)
Event: 24.363 Thread 0x0000020eff28a4d0 nmethod 4898 0x0000020e88495710 code [0x0000020e884958c0, 0x0000020e88495a88]
Event: 24.363 Thread 0x0000020eff28a4d0 4899       3       java.lang.ProcessEnvironment$CheckedEntrySet$1::next (5 bytes)
Event: 24.363 Thread 0x0000020eff28a4d0 nmethod 4899 0x0000020e88495b90 code [0x0000020e88495d60, 0x0000020e88496248]
Event: 24.364 Thread 0x0000020eff28a4d0 4900       3       java.lang.ProcessEnvironment$CheckedEntry::getValue (5 bytes)
Event: 24.364 Thread 0x0000020eff28a4d0 nmethod 4900 0x0000020e88496410 code [0x0000020e884965c0, 0x0000020e88496908]
Event: 24.364 Thread 0x0000020eff28a4d0 4902       3       java.lang.ProcessEnvironment$EntryComparator::compare (13 bytes)
Event: 24.364 Thread 0x0000020eff28a4d0 nmethod 4902 0x0000020e88496a10 code [0x0000020e88496c00, 0x0000020e88497368]
Event: 24.364 Thread 0x0000020eff28a4d0 4901       3       java.lang.ProcessEnvironment$CheckedEntry::getValue (13 bytes)
Event: 24.365 Thread 0x0000020eff28a4d0 nmethod 4901 0x0000020e88497510 code [0x0000020e884976c0, 0x0000020e88497988]

GC Heap History (12 events):
Event: 3.086 GC heap before
{Heap before GC invocations=0 (full 0):
 garbage-first heap   total 262144K, used 28672K [0x00000000e0000000, 0x0000000100000000)
  region size 1024K, 23 young (23552K), 0 survivors (0K)
 Metaspace       used 3007K, committed 3200K, reserved 221184K
  class space    used 381K, committed 448K, reserved 212992K
}
Event: 3.308 GC heap after
{Heap after GC invocations=1 (full 0):
 garbage-first heap   total 262144K, used 9545K [0x00000000e0000000, 0x0000000100000000)
  region size 1024K, 3 young (3072K), 3 survivors (3072K)
 Metaspace       used 3007K, committed 3200K, reserved 221184K
  class space    used 381K, committed 448K, reserved 212992K
}
Event: 4.775 GC heap before
{Heap before GC invocations=1 (full 0):
 garbage-first heap   total 262144K, used 38217K [0x00000000e0000000, 0x0000000100000000)
  region size 1024K, 30 young (30720K), 3 survivors (3072K)
 Metaspace       used 3908K, committed 4096K, reserved 221184K
  class space    used 477K, committed 576K, reserved 212992K
}
Event: 4.781 GC heap after
{Heap after GC invocations=2 (full 0):
 garbage-first heap   total 262144K, used 13512K [0x00000000e0000000, 0x0000000100000000)
  region size 1024K, 4 young (4096K), 4 survivors (4096K)
 Metaspace       used 3908K, committed 4096K, reserved 221184K
  class space    used 477K, committed 576K, reserved 212992K
}
Event: 12.727 GC heap before
{Heap before GC invocations=2 (full 0):
 garbage-first heap   total 262144K, used 115912K [0x00000000e0000000, 0x0000000100000000)
  region size 1024K, 105 young (107520K), 4 survivors (4096K)
 Metaspace       used 21302K, committed 21504K, reserved 237568K
  class space    used 3176K, committed 3264K, reserved 212992K
}
Event: 12.750 GC heap after
{Heap after GC invocations=3 (full 0):
 garbage-first heap   total 262144K, used 21036K [0x00000000e0000000, 0x0000000100000000)
  region size 1024K, 12 young (12288K), 12 survivors (12288K)
 Metaspace       used 21302K, committed 21504K, reserved 237568K
  class space    used 3176K, committed 3264K, reserved 212992K
}
Event: 18.912 GC heap before
{Heap before GC invocations=4 (full 0):
 garbage-first heap   total 262144K, used 125484K [0x00000000e0000000, 0x0000000100000000)
  region size 1024K, 112 young (114688K), 12 survivors (12288K)
 Metaspace       used 35684K, committed 36096K, reserved 245760K
  class space    used 4903K, committed 5120K, reserved 212992K
}
Event: 18.934 GC heap after
{Heap after GC invocations=5 (full 0):
 garbage-first heap   total 262144K, used 30167K [0x00000000e0000000, 0x0000000100000000)
  region size 1024K, 16 young (16384K), 16 survivors (16384K)
 Metaspace       used 35684K, committed 36096K, reserved 245760K
  class space    used 4903K, committed 5120K, reserved 212992K
}
Event: 18.984 GC heap before
{Heap before GC invocations=5 (full 0):
 garbage-first heap   total 262144K, used 31191K [0x00000000e0000000, 0x0000000100000000)
  region size 1024K, 17 young (17408K), 16 survivors (16384K)
 Metaspace       used 35796K, committed 36224K, reserved 245760K
  class space    used 4921K, committed 5120K, reserved 212992K
}
Event: 19.002 GC heap after
{Heap after GC invocations=6 (full 0):
 garbage-first heap   total 262144K, used 30679K [0x00000000e0000000, 0x0000000100000000)
  region size 1024K, 2 young (2048K), 2 survivors (2048K)
 Metaspace       used 35796K, committed 36224K, reserved 245760K
  class space    used 4921K, committed 5120K, reserved 212992K
}
Event: 19.061 GC heap before
{Heap before GC invocations=6 (full 0):
 garbage-first heap   total 262144K, used 32727K [0x00000000e0000000, 0x0000000100000000)
  region size 1024K, 5 young (5120K), 2 survivors (2048K)
 Metaspace       used 36010K, committed 36416K, reserved 245760K
  class space    used 4960K, committed 5120K, reserved 212992K
}
Event: 19.063 GC heap after
{Heap after GC invocations=7 (full 0):
 garbage-first heap   total 262144K, used 29741K [0x00000000e0000000, 0x0000000100000000)
  region size 1024K, 1 young (1024K), 1 survivors (1024K)
 Metaspace       used 36010K, committed 36416K, reserved 245760K
  class space    used 4960K, committed 5120K, reserved 212992K
}

Dll operation events (12 events):
Event: 0.021 Loaded shared library C:\Users\hp\.jdks\corretto-17.0.6\bin\java.dll
Event: 0.052 Loaded shared library C:\Users\hp\.jdks\corretto-17.0.6\bin\jsvml.dll
Event: 0.295 Loaded shared library C:\Users\hp\.jdks\corretto-17.0.6\bin\net.dll
Event: 0.300 Loaded shared library C:\Users\hp\.jdks\corretto-17.0.6\bin\nio.dll
Event: 0.315 Loaded shared library C:\Users\hp\.jdks\corretto-17.0.6\bin\zip.dll
Event: 1.235 Loaded shared library C:\Users\hp\.jdks\corretto-17.0.6\bin\jimage.dll
Event: 1.549 Loaded shared library C:\Users\hp\.jdks\corretto-17.0.6\bin\verify.dll
Event: 2.249 Loaded shared library C:\Users\hp\.gradle\native\e1d6ef7f7dcc3fd88c89a11ec53ec762bb8ba0a96d01ffa2cd45eb1d1d8dd5c5\windows-amd64\native-platform.dll
Event: 2.265 Loaded shared library C:\Users\hp\.gradle\native\0d407fdbe67a94daf76414ababcb853783967236a71b16ec16e742cd7a986fd3\windows-amd64\native-platform-file-events.dll
Event: 5.580 Loaded shared library C:\Users\hp\.jdks\corretto-17.0.6\bin\management.dll
Event: 5.587 Loaded shared library C:\Users\hp\.jdks\corretto-17.0.6\bin\management_ext.dll
Event: 7.142 Loaded shared library C:\Users\hp\.jdks\corretto-17.0.6\bin\sunmscapi.dll

Deoptimization events (20 events):
Event: 22.812 Thread 0x0000020e97ab4d40 DEOPT PACKING pc=0x0000020e8f789a98 sp=0x000000c82daf8310
Event: 22.812 Thread 0x0000020e97ab4d40 DEOPT UNPACKING pc=0x0000020e8efb69a3 sp=0x000000c82daf82d0 mode 2
Event: 22.885 Thread 0x0000020e99d66540 DEOPT PACKING pc=0x0000020e87aea44b sp=0x000000c82f8fe7b0
Event: 22.885 Thread 0x0000020e99d66540 DEOPT UNPACKING pc=0x0000020e8efb7143 sp=0x000000c82f8fdcd0 mode 0
Event: 22.939 Thread 0x0000020e97ab4d40 Uncommon trap: trap_request=0xffffffde fr.pc=0x0000020e8f60c4d8 relative=0x00000000000012b8
Event: 22.939 Thread 0x0000020e97ab4d40 Uncommon trap: reason=class_check action=maybe_recompile pc=0x0000020e8f60c4d8 method=java.util.concurrent.ConcurrentHashMap.putVal(Ljava/lang/Object;Ljava/lang/Object;Z)Ljava/lang/Object; @ 242 c2
Event: 22.939 Thread 0x0000020e97ab4d40 DEOPT PACKING pc=0x0000020e8f60c4d8 sp=0x000000c82daf76a0
Event: 22.939 Thread 0x0000020e97ab4d40 DEOPT UNPACKING pc=0x0000020e8efb69a3 sp=0x000000c82daf7640 mode 2
Event: 23.517 Thread 0x0000020e9922dd80 Uncommon trap: trap_request=0xffffffde fr.pc=0x0000020e8f6bae48 relative=0x00000000000008a8
Event: 23.517 Thread 0x0000020e9922dd80 Uncommon trap: reason=class_check action=maybe_recompile pc=0x0000020e8f6bae48 method=java.io.BufferedInputStream.read1([BII)I @ 39 c2
Event: 23.517 Thread 0x0000020e9922dd80 DEOPT PACKING pc=0x0000020e8f6bae48 sp=0x000000c82fefec20
Event: 23.517 Thread 0x0000020e9922dd80 DEOPT UNPACKING pc=0x0000020e8efb69a3 sp=0x000000c82fefeb38 mode 2
Event: 24.329 Thread 0x0000020e9922dd80 Uncommon trap: trap_request=0xffffffde fr.pc=0x0000020e8f6bae48 relative=0x00000000000008a8
Event: 24.329 Thread 0x0000020e9922dd80 Uncommon trap: reason=class_check action=maybe_recompile pc=0x0000020e8f6bae48 method=java.io.BufferedInputStream.read1([BII)I @ 39 c2
Event: 24.329 Thread 0x0000020e9922dd80 DEOPT PACKING pc=0x0000020e8f6bae48 sp=0x000000c82fefec20
Event: 24.329 Thread 0x0000020e9922dd80 DEOPT UNPACKING pc=0x0000020e8efb69a3 sp=0x000000c82fefeb38 mode 2
Event: 24.391 Thread 0x0000020e9922dd80 Uncommon trap: trap_request=0xffffffde fr.pc=0x0000020e8f6bae48 relative=0x00000000000008a8
Event: 24.391 Thread 0x0000020e9922dd80 Uncommon trap: reason=class_check action=maybe_recompile pc=0x0000020e8f6bae48 method=java.io.BufferedInputStream.read1([BII)I @ 39 c2
Event: 24.391 Thread 0x0000020e9922dd80 DEOPT PACKING pc=0x0000020e8f6bae48 sp=0x000000c82fefec20
Event: 24.391 Thread 0x0000020e9922dd80 DEOPT UNPACKING pc=0x0000020e8efb69a3 sp=0x000000c82fefeb38 mode 2

Classes unloaded (0 events):
No events

Classes redefined (0 events):
No events

Internal exceptions (20 events):
Event: 22.147 Thread 0x0000020e97ab4d40 Exception <a 'java/lang/ClassNotFoundException'{0x00000000eced4a28}: org/gradle/api/internal/tasks/DefaultSourceSetContainer_DecoratedBeanInfo> (0x00000000eced4a28) 
thrown [s\src\hotspot\share\classfile\systemDictionary.cpp, line 256]
Event: 22.149 Thread 0x0000020e97ab4d40 Exception <a 'java/lang/ClassNotFoundException'{0x00000000ecee2840}: org/gradle/api/internal/tasks/DefaultSourceSetContainerBeanInfo> (0x00000000ecee2840) 
thrown [s\src\hotspot\share\classfile\systemDictionary.cpp, line 256]
Event: 22.151 Thread 0x0000020e97ab4d40 Exception <a 'java/lang/ClassNotFoundException'{0x00000000eceeeef0}: org/gradle/api/internal/AbstractValidatingNamedDomainObjectContainerBeanInfo> (0x00000000eceeeef0) 
thrown [s\src\hotspot\share\classfile\systemDictionary.cpp, line 256]
Event: 22.152 Thread 0x0000020e97ab4d40 Exception <a 'java/lang/ClassNotFoundException'{0x00000000ecefb788}: org/gradle/api/internal/AbstractNamedDomainObjectContainerBeanInfo> (0x00000000ecefb788) 
thrown [s\src\hotspot\share\classfile\systemDictionary.cpp, line 256]
Event: 22.152 Thread 0x0000020e97ab4d40 Exception <a 'java/lang/ClassNotFoundException'{0x00000000ecd087e0}: org/gradle/api/internal/AbstractNamedDomainObjectContainerCustomizer> (0x00000000ecd087e0) 
thrown [s\src\hotspot\share\classfile\systemDictionary.cpp, line 256]
Event: 22.155 Thread 0x0000020e97ab4d40 Exception <a 'java/lang/ClassNotFoundException'{0x00000000ecd27750}: org/gradle/api/internal/AbstractValidatingNamedDomainObjectContainerCustomizer> (0x00000000ecd27750) 
thrown [s\src\hotspot\share\classfile\systemDictionary.cpp, line 256]
Event: 22.159 Thread 0x0000020e97ab4d40 Exception <a 'java/lang/ClassNotFoundException'{0x00000000ecd40590}: org/gradle/api/internal/tasks/DefaultSourceSetContainerCustomizer> (0x00000000ecd40590) 
thrown [s\src\hotspot\share\classfile\systemDictionary.cpp, line 256]
Event: 22.161 Thread 0x0000020e97ab4d40 Exception <a 'java/lang/ClassNotFoundException'{0x00000000ecd59c00}: org/gradle/api/internal/tasks/DefaultSourceSetContainer_DecoratedCustomizer> (0x00000000ecd59c00) 
thrown [s\src\hotspot\share\classfile\systemDictionary.cpp, line 256]
Event: 22.174 Thread 0x0000020e97ab4d40 Exception <a 'java/lang/ClassNotFoundException'{0x00000000ecde68c8}: org/gradle/api/internal/tasks/DefaultSourceSet_DecoratedBeanInfo> (0x00000000ecde68c8) 
thrown [s\src\hotspot\share\classfile\systemDictionary.cpp, line 256]
Event: 22.175 Thread 0x0000020e97ab4d40 Exception <a 'java/lang/ClassNotFoundException'{0x00000000ecdf57b0}: org/gradle/api/internal/tasks/DefaultSourceSetBeanInfo> (0x00000000ecdf57b0) 
thrown [s\src\hotspot\share\classfile\systemDictionary.cpp, line 256]
Event: 22.176 Thread 0x0000020e97ab4d40 Exception <a 'java/lang/ClassNotFoundException'{0x00000000ecc043d0}: org/gradle/api/internal/tasks/DefaultSourceSetCustomizer> (0x00000000ecc043d0) 
thrown [s\src\hotspot\share\classfile\systemDictionary.cpp, line 256]
Event: 22.179 Thread 0x0000020e97ab4d40 Exception <a 'java/lang/ClassNotFoundException'{0x00000000ecc33980}: org/gradle/api/internal/tasks/DefaultSourceSet_DecoratedCustomizer> (0x00000000ecc33980) 
thrown [s\src\hotspot\share\classfile\systemDictionary.cpp, line 256]
Event: 22.422 Thread 0x0000020e97ab4d40 Exception <a 'java/lang/NoSuchMethodError'{0x00000000ecad99f8}: 'int java.lang.invoke.DirectMethodHandle$Holder.invokeInterface(java.lang.Object, java.lang.Object, java.lang.Object, java.lang.Object)'> (0x00000000ecad99f8) 
thrown [s\src\hotspot\share\interpreter\linkResolver.cpp, line 759]
Event: 22.520 Thread 0x0000020e97ab4d40 Exception <a 'java/lang/NoSuchMethodError'{0x00000000ec8e8cb0}: 'java.lang.Object java.lang.invoke.DirectMethodHandle$Holder.newInvokeSpecial(java.lang.Object, int, java.lang.Object)'> (0x00000000ec8e8cb0) 
thrown [s\src\hotspot\share\interpreter\linkResolver.cpp, line 759]
Event: 23.291 Thread 0x0000020e99231c10 Exception <a 'java/lang/NoSuchMethodError'{0x00000000ebf87c98}: 'void java.lang.invoke.DirectMethodHandle$Holder.invokeStatic(java.lang.Object, long)'> (0x00000000ebf87c98) 
thrown [s\src\hotspot\share\interpreter\linkResolver.cpp, line 759]
Event: 23.291 Thread 0x0000020e99231c10 Exception <a 'java/lang/NoSuchMethodError'{0x00000000ebf8d040}: 'java.lang.Object java.lang.invoke.DirectMethodHandle$Holder.newInvokeSpecial(java.lang.Object, long)'> (0x00000000ebf8d040) 
thrown [s\src\hotspot\share\interpreter\linkResolver.cpp, line 759]
Event: 23.294 Thread 0x0000020e99231c10 Exception <a 'java/lang/NoSuchMethodError'{0x00000000ebf93b78}: 'java.lang.Object java.lang.invoke.DirectMethodHandle$Holder.invokeStatic(java.lang.Object, java.lang.Object, long, java.lang.Object)'> (0x00000000ebf93b78) 
thrown [s\src\hotspot\share\interpreter\linkResolver.cpp, line 759]
Event: 23.294 Thread 0x0000020e99231c10 Exception <a 'java/lang/NoSuchMethodError'{0x00000000ebf97610}: 'java.lang.Object java.lang.invoke.DirectMethodHandle$Holder.invokeStaticInit(java.lang.Object, java.lang.Object, long, java.lang.Object)'> (0x00000000ebf97610) 
thrown [s\src\hotspot\share\interpreter\linkResolver.cpp, line 759]
Event: 23.295 Thread 0x0000020e99231c10 Exception <a 'java/lang/NoSuchMethodError'{0x00000000ebf9dc20}: 'java.lang.Object java.lang.invoke.DirectMethodHandle$Holder.newInvokeSpecial(java.lang.Object, java.lang.Object, long)'> (0x00000000ebf9dc20) 
thrown [s\src\hotspot\share\interpreter\linkResolver.cpp, line 759]
Event: 23.296 Thread 0x0000020e99231c10 Exception <a 'java/lang/NoSuchMethodError'{0x00000000ebfa1790}: 'java.lang.Object java.lang.invoke.Invokers$Holder.linkToTargetMethod(java.lang.Object, long, java.lang.Object)'> (0x00000000ebfa1790) 
thrown [s\src\hotspot\share\interpreter\linkResolver.cpp, line 759]

VM Operations (20 events):
Event: 19.341 Executing VM operation: HandshakeAllThreads
Event: 19.341 Executing VM operation: HandshakeAllThreads done
Event: 19.342 Executing VM operation: HandshakeAllThreads
Event: 19.342 Executing VM operation: HandshakeAllThreads done
Event: 20.339 Executing VM operation: ICBufferFull
Event: 20.339 Executing VM operation: ICBufferFull done
Event: 21.339 Executing VM operation: Cleanup
Event: 21.339 Executing VM operation: Cleanup done
Event: 21.690 Executing VM operation: HandshakeAllThreads
Event: 21.690 Executing VM operation: HandshakeAllThreads done
Event: 21.775 Executing VM operation: HandshakeAllThreads
Event: 21.775 Executing VM operation: HandshakeAllThreads done
Event: 22.397 Executing VM operation: HandshakeAllThreads
Event: 22.397 Executing VM operation: HandshakeAllThreads done
Event: 22.397 Executing VM operation: Cleanup
Event: 22.397 Executing VM operation: Cleanup done
Event: 22.420 Executing VM operation: HandshakeAllThreads
Event: 22.421 Executing VM operation: HandshakeAllThreads done
Event: 23.421 Executing VM operation: Cleanup
Event: 23.517 Executing VM operation: Cleanup done

Events (20 events):
Event: 22.956 loading class java/util/stream/ReduceOps$2 done
Event: 22.956 loading class java/util/stream/ReduceOps$2ReducingSink
Event: 22.956 loading class java/util/stream/ReduceOps$2ReducingSink done
Event: 23.134 Thread 0x0000020e99231c10 Thread added: 0x0000020e99231c10
Event: 23.207 loading class java/lang/ProcessBuilder
Event: 23.207 loading class java/lang/ProcessBuilder done
Event: 23.208 loading class java/lang/ProcessImpl
Event: 23.209 loading class java/lang/ProcessImpl done
Event: 23.292 loading class java/lang/ProcessHandleImpl
Event: 23.293 loading class java/lang/ProcessHandleImpl done
Event: 23.297 loading class java/lang/ProcessImpl$2
Event: 23.297 loading class java/lang/ProcessImpl$2 done
Event: 23.297 loading class java/lang/Process$PipeInputStream
Event: 23.297 loading class java/lang/Process$PipeInputStream done
Event: 23.297 loading class jdk/internal/event/ProcessStartEvent
Event: 23.297 loading class jdk/internal/event/Event
Event: 23.298 loading class jdk/internal/event/Event done
Event: 23.298 loading class jdk/internal/event/ProcessStartEvent done
Event: 23.302 Thread 0x0000020e9922e250 Thread added: 0x0000020e9922e250
Event: 23.302 Thread 0x0000020e9922dd80 Thread added: 0x0000020e9922dd80


Dynamic libraries:
0x00007ff7ffcc0000 - 0x00007ff7ffccd000 	C:\Users\hp\.jdks\corretto-17.0.6\bin\java.exe
0x00007ffd230b0000 - 0x00007ffd232a8000 	C:\Windows\SYSTEM32\ntdll.dll
0x00007ffd22020000 - 0x00007ffd220df000 	C:\Windows\System32\KERNEL32.DLL
0x00007ffd20a10000 - 0x00007ffd20ce2000 	C:\Windows\System32\KERNELBASE.dll
0x00007ffd20910000 - 0x00007ffd20a10000 	C:\Windows\System32\ucrtbase.dll
0x00007ffd0e150000 - 0x00007ffd0e167000 	C:\Users\hp\.jdks\corretto-17.0.6\bin\jli.dll
0x00007ffd22860000 - 0x00007ffd22a01000 	C:\Windows\System32\USER32.dll
0x00007ffd20f90000 - 0x00007ffd20fb2000 	C:\Windows\System32\win32u.dll
0x00007ffd21620000 - 0x00007ffd2164b000 	C:\Windows\System32\GDI32.dll
0x00007ffd20e80000 - 0x00007ffd20f8f000 	C:\Windows\System32\gdi32full.dll
0x00007ffd20870000 - 0x00007ffd2090d000 	C:\Windows\System32\msvcp_win.dll
0x00007ffd053d0000 - 0x00007ffd0566a000 	C:\Windows\WinSxS\amd64_microsoft.windows.common-controls_6595b64144ccf1df_6.0.19041.1110_none_60b5254171f9507e\COMCTL32.dll
0x00007ffd0e270000 - 0x00007ffd0e285000 	C:\Users\hp\.jdks\corretto-17.0.6\bin\VCRUNTIME140.dll
0x00007ffd21e20000 - 0x00007ffd21ebe000 	C:\Windows\System32\msvcrt.dll
0x00007ffd22e80000 - 0x00007ffd22eb2000 	C:\Windows\System32\IMM32.DLL
0x00007ffcdbd00000 - 0x00007ffcdbd9b000 	C:\Users\hp\.jdks\corretto-17.0.6\bin\msvcp140.dll
0x00007ffca51f0000 - 0x00007ffca5e08000 	C:\Users\hp\.jdks\corretto-17.0.6\bin\server\jvm.dll
0x00007ffd21170000 - 0x00007ffd2121e000 	C:\Windows\System32\ADVAPI32.dll
0x00007ffd210c0000 - 0x00007ffd2115c000 	C:\Windows\System32\sechost.dll
0x00007ffd21c10000 - 0x00007ffd21d35000 	C:\Windows\System32\RPCRT4.dll
0x00007ffd074b0000 - 0x00007ffd074b9000 	C:\Windows\SYSTEM32\WSOCK32.dll
0x00007ffd21ba0000 - 0x00007ffd21c0b000 	C:\Windows\System32\WS2_32.dll
0x00007ffd05bc0000 - 0x00007ffd05be7000 	C:\Windows\SYSTEM32\WINMM.dll
0x00007ffd1a030000 - 0x00007ffd1a03a000 	C:\Windows\SYSTEM32\VERSION.dll
0x00007ffd1e5f0000 - 0x00007ffd1e602000 	C:\Windows\SYSTEM32\kernel.appcore.dll
0x00007ffd14290000 - 0x00007ffd1429a000 	C:\Users\hp\.jdks\corretto-17.0.6\bin\jimage.dll
0x00007ffd16400000 - 0x00007ffd165e4000 	C:\Windows\SYSTEM32\DBGHELP.DLL
0x00007ffd161f0000 - 0x00007ffd16225000 	C:\Windows\SYSTEM32\dbgcore.DLL
0x00007ffd20fc0000 - 0x00007ffd21042000 	C:\Windows\System32\bcryptPrimitives.dll
0x00007ffd09050000 - 0x00007ffd09075000 	C:\Users\hp\.jdks\corretto-17.0.6\bin\java.dll
0x00007ffcdbc20000 - 0x00007ffcdbcf6000 	C:\Users\hp\.jdks\corretto-17.0.6\bin\jsvml.dll
0x00007ffd220e0000 - 0x00007ffd22825000 	C:\Windows\System32\SHELL32.dll
0x00007ffd1e7f0000 - 0x00007ffd1ef82000 	C:\Windows\SYSTEM32\windows.storage.dll
0x00007ffd21650000 - 0x00007ffd219a5000 	C:\Windows\System32\combase.dll
0x00007ffd201d0000 - 0x00007ffd20200000 	C:\Windows\SYSTEM32\Wldp.dll
0x00007ffd22f90000 - 0x00007ffd2303d000 	C:\Windows\System32\SHCORE.dll
0x00007ffd21a90000 - 0x00007ffd21ae5000 	C:\Windows\System32\shlwapi.dll
0x00007ffd206b0000 - 0x00007ffd206cf000 	C:\Windows\SYSTEM32\profapi.dll
0x00007ffcff380000 - 0x00007ffcff399000 	C:\Users\hp\.jdks\corretto-17.0.6\bin\net.dll
0x00007ffd165f0000 - 0x00007ffd166fc000 	C:\Windows\SYSTEM32\WINHTTP.dll
0x00007ffd1ff30000 - 0x00007ffd1ff9a000 	C:\Windows\system32\mswsock.dll
0x00007ffcfbd20000 - 0x00007ffcfbd35000 	C:\Users\hp\.jdks\corretto-17.0.6\bin\nio.dll
0x00007ffce9880000 - 0x00007ffce9898000 	C:\Users\hp\.jdks\corretto-17.0.6\bin\zip.dll
0x00007ffd0e0f0000 - 0x00007ffd0e100000 	C:\Users\hp\.jdks\corretto-17.0.6\bin\verify.dll
0x00007ffd142b0000 - 0x00007ffd142d7000 	C:\Users\hp\.gradle\native\e1d6ef7f7dcc3fd88c89a11ec53ec762bb8ba0a96d01ffa2cd45eb1d1d8dd5c5\windows-amd64\native-platform.dll
0x00007ffcd9b00000 - 0x00007ffcd9c44000 	C:\Users\hp\.gradle\native\0d407fdbe67a94daf76414ababcb853783967236a71b16ec16e742cd7a986fd3\windows-amd64\native-platform-file-events.dll
0x00007ffd1abc0000 - 0x00007ffd1abc9000 	C:\Users\hp\.jdks\corretto-17.0.6\bin\management.dll
0x00007ffd1abb0000 - 0x00007ffd1abbb000 	C:\Users\hp\.jdks\corretto-17.0.6\bin\management_ext.dll
0x00007ffd21160000 - 0x00007ffd21168000 	C:\Windows\System32\PSAPI.DLL
0x00007ffd20130000 - 0x00007ffd20148000 	C:\Windows\SYSTEM32\CRYPTSP.dll
0x00007ffd1f7a0000 - 0x00007ffd1f7d4000 	C:\Windows\system32\rsaenh.dll
0x00007ffd20cf0000 - 0x00007ffd20d17000 	C:\Windows\System32\bcrypt.dll
0x00007ffd20670000 - 0x00007ffd2069e000 	C:\Windows\SYSTEM32\USERENV.dll
0x00007ffd20120000 - 0x00007ffd2012c000 	C:\Windows\SYSTEM32\CRYPTBASE.dll
0x00007ffd1fba0000 - 0x00007ffd1fbdb000 	C:\Windows\SYSTEM32\IPHLPAPI.DLL
0x00007ffd21fb0000 - 0x00007ffd21fb8000 	C:\Windows\System32\NSI.dll
0x00007ffd19f60000 - 0x00007ffd19f77000 	C:\Windows\SYSTEM32\dhcpcsvc6.DLL
0x00007ffd1ab00000 - 0x00007ffd1ab1d000 	C:\Windows\SYSTEM32\dhcpcsvc.DLL
0x00007ffd1fc00000 - 0x00007ffd1fccb000 	C:\Windows\SYSTEM32\DNSAPI.dll
0x00007ffd0e390000 - 0x00007ffd0e39e000 	C:\Users\hp\.jdks\corretto-17.0.6\bin\sunmscapi.dll
0x00007ffd20d20000 - 0x00007ffd20e76000 	C:\Windows\System32\CRYPT32.dll
0x00007ffd20240000 - 0x00007ffd20267000 	C:\Windows\SYSTEM32\ncrypt.dll
0x00007ffd20200000 - 0x00007ffd2023b000 	C:\Windows\SYSTEM32\NTASN1.dll
0x00007ffcbf7d0000 - 0x00007ffcbf7d7000 	C:\Windows\system32\wshunix.dll

dbghelp: loaded successfully - version: 4.0.5 - missing functions: none
symbol engine: initialized successfully - sym options: 0x614 - pdb path: .;C:\Users\hp\.jdks\corretto-17.0.6\bin;C:\Windows\SYSTEM32;C:\Windows\WinSxS\amd64_microsoft.windows.common-controls_6595b64144ccf1df_6.0.19041.1110_none_60b5254171f9507e;C:\Users\hp\.jdks\corretto-17.0.6\bin\server;C:\Users\hp\.gradle\native\e1d6ef7f7dcc3fd88c89a11ec53ec762bb8ba0a96d01ffa2cd45eb1d1d8dd5c5\windows-amd64;C:\Users\hp\.gradle\native\0d407fdbe67a94daf76414ababcb853783967236a71b16ec16e742cd7a986fd3\windows-amd64

VM Arguments:
jvm_args: --add-opens=java.base/java.util=ALL-UNNAMED --add-opens=java.base/java.lang=ALL-UNNAMED --add-opens=java.base/java.lang.invoke=ALL-UNNAMED --add-opens=java.base/java.util=ALL-UNNAMED --add-opens=java.prefs/java.util.prefs=ALL-UNNAMED --add-opens=java.prefs/java.util.prefs=ALL-UNNAMED --add-opens=java.base/java.nio.charset=ALL-UNNAMED --add-opens=java.base/java.net=ALL-UNNAMED --add-opens=java.base/java.util.concurrent.atomic=ALL-UNNAMED -XX:MaxMetaspaceSize=256m -XX:+HeapDumpOnOutOfMemoryError -Xms256m -Xmx512m -Dfile.encoding=windows-1250 -Duser.country=CZ -Duser.language=cs -Duser.variant 
java_command: org.gradle.launcher.daemon.bootstrap.GradleDaemon 7.4.2
java_class_path (initial): C:\Users\hp\.gradle\wrapper\dists\gradle-7.4.2-bin\48ivgl02cpt2ed3fh9dbalvx8\gradle-7.4.2\lib\gradle-launcher-7.4.2.jar
Launcher Type: SUN_STANDARD

[Global flags]
     intx CICompilerCount                          = 4                                         {product} {ergonomic}
   size_t CompressedClassSpaceSize                 = 218103808                                 {product} {ergonomic}
     uint ConcGCThreads                            = 2                                         {product} {ergonomic}
     uint G1ConcRefinementThreads                  = 8                                         {product} {ergonomic}
   size_t G1HeapRegionSize                         = 1048576                                   {product} {ergonomic}
    uintx GCDrainStackTargetSize                   = 64                                        {product} {ergonomic}
     bool HeapDumpOnOutOfMemoryError               = true                                   {manageable} {command line}
   size_t InitialHeapSize                          = 268435456                                 {product} {command line}
   size_t MarkStackSize                            = 4194304                                   {product} {ergonomic}
   size_t MaxHeapSize                              = 536870912                                 {product} {command line}
   size_t MaxMetaspaceSize                         = 268435456                                 {product} {command line}
   size_t MaxNewSize                               = 321912832                                 {product} {ergonomic}
   size_t MinHeapDeltaBytes                        = 1048576                                   {product} {ergonomic}
   size_t MinHeapSize                              = 268435456                                 {product} {command line}
    uintx NonNMethodCodeHeapSize                   = 5839372                                {pd product} {ergonomic}
    uintx NonProfiledCodeHeapSize                  = 122909434                              {pd product} {ergonomic}
    uintx ProfiledCodeHeapSize                     = 122909434                              {pd product} {ergonomic}
    uintx ReservedCodeCacheSize                    = 251658240                              {pd product} {ergonomic}
     bool SegmentedCodeCache                       = true                                      {product} {ergonomic}
   size_t SoftMaxHeapSize                          = 536870912                              {manageable} {ergonomic}
     bool UseCompressedClassPointers               = true                           {product lp64_product} {ergonomic}
     bool UseCompressedOops                        = true                           {product lp64_product} {ergonomic}
     bool UseG1GC                                  = true                                      {product} {ergonomic}
     bool UseLargePagesIndividualAllocation        = false                                  {pd product} {ergonomic}

Logging:
Log output configuration:
 #0: stdout all=warning uptime,level,tags
 #1: stderr all=off uptime,level,tags

Environment Variables:
PATH=C:\Program Files\Microsoft\jdk-11.0.12.7-hotspot\bin;C:\Program Files (x86)\Common Files\Oracle\Java\javapath;C:\Windows\system32;C:\Windows;C:\Windows\System32\Wbem;C:\Windows\System32\WindowsPowerShell\v1.0\;C:\Windows\System32\OpenSSH\;C:\Program Files\Microsoft SQL Server\Client SDK\ODBC\170\Tools\Binn\;C:\Program Files (x86)\Microsoft SQL Server\150\Tools\Binn\;C:\Program Files\Microsoft SQL Server\150\Tools\Binn\;C:\Program Files\Microsoft SQL Server\150\DTS\Binn\;C:\Program Files (x86)\Microsoft SQL Server\150\DTS\Binn\;C:\Program Files\Azure Data Studio\bin;C:\Program Files\Git\cmd;C:\Program Files\dotnet\;C:\Users\hp\AppData\Local\Programs\Python\Python39\Scripts\;C:\Users\hp\AppData\Local\Programs\Python\Python39\;C:\Users\hp\AppData\Local\Microsoft\WindowsApps;C:\Users\hp\AppData\Local\Programs\Microsoft VS Code\bin;C:\Users\hp\.dotnet\tools;C:\Users\hp\AppData\Local\JetBrains\Toolbox\scripts
USERNAME=hp
OS=Windows_NT
PROCESSOR_IDENTIFIER=Intel64 Family 6 Model 142 Stepping 10, GenuineIntel
TMP=C:\Users\hp\AppData\Local\Temp
TEMP=C:\Users\hp\AppData\Local\Temp



---------------  S Y S T E M  ---------------

OS:
 Windows 10 , 64 bit Build 19041 (10.0.19041.2546)
OS uptime: 3 days 10:10 hours
Hyper-V role detected

CPU: total 8 (initial active 8) (4 cores per cpu, 2 threads per core) family 6 model 142 stepping 10 microcode 0xea, cx8, cmov, fxsr, ht, mmx, 3dnowpref, sse, sse2, sse3, ssse3, sse4.1, sse4.2, popcnt, lzcnt, tsc, tscinvbit, avx, avx2, aes, erms, clmul, bmi1, bmi2, adx, fma, vzeroupper, clflush, clflushopt, hv

Memory: 4k page, system-wide physical 6024M (220M free)
TotalPageFile size 24456M (AvailPageFile size 22M)
current process WorkingSet (physical memory assigned to process): 298M, peak: 299M
current process commit charge ("private bytes"): 452M, peak: 454M

vm_info: OpenJDK 64-Bit Server VM (17.0.6+10-LTS) for windows-amd64 JRE (17.0.6+10-LTS), built on Jan 13 2023 22:57:04 by "Administrator" with MS VC++ 15.9 (VS2017)

END.
