#
# There is insufficient memory for the Java Runtime Environment to continue.
# Native memory allocation (malloc) failed to allocate 1276976 bytes for Chunk::new
# Possible reasons:
#   The system is out of physical RAM or swap space
#   The process is running with CompressedOops enabled, and the Java Heap may be blocking the growth of the native heap
# Possible solutions:
#   Reduce memory load on the system
#   Increase physical memory or swap space
#   Check if swap backing store is full
#   Decrease Java heap size (-Xmx/-Xms)
#   Decrease number of Java threads
#   Decrease Java thread stack sizes (-Xss)
#   Set larger code cache with -XX:ReservedCodeCacheSize=
#   JVM is running with Unscaled Compressed Oops mode in which the Java heap is
#     placed in the first 4GB address space. The Java Heap base address is the
#     maximum limit for the native heap growth. Please use -XX:HeapBaseMinAddress
#     to set the Java Heap base and to place the Java Heap above 4GB virtual address.
# This output file may be truncated or incomplete.
#
#  Out of Memory Error (arena.cpp:189), pid=11668, tid=3336
#
# JRE version: OpenJDK Runtime Environment Corretto-17.0.6.10.1 (17.0.6+10) (build 17.0.6+10-LTS)
# Java VM: OpenJDK 64-Bit Server VM Corretto-17.0.6.10.1 (17.0.6+10-LTS, mixed mode, sharing, tiered, compressed oops, compressed class ptrs, g1 gc, windows-amd64)
# No core dump will be written. Minidumps are not enabled by default on client versions of Windows
#

---------------  S U M M A R Y ------------

Command Line: -Dfile.encoding=windows-1250 -Duser.country=CZ -Duser.language=cs -Duser.variant cz.czechitas.java.ukol01.HlavniProgram

Host: Intel(R) Core(TM) i5-8250U CPU @ 1.60GHz, 8 cores, 5G,  Windows 10 , 64 bit Build 19041 (10.0.19041.2546)
Time: Sun Feb 19 14:33:07 2023 Stindows 10 , 64 bit Build 19041 (10.0.19041.2546) elapsed time: 19.886514 seconds (0d 0h 0m 19s)

---------------  T H R E A D  ---------------

Current thread (0x0000013d46afd570):  JavaThread "C2 CompilerThread0" daemon [_thread_in_native, id=3336, stack(0x0000000cfbb00000,0x0000000cfbc00000)]


Current CompileTask:
C2:  19886 1749       4       java.awt.Container::validateTree (153 bytes)

Stack: [0x0000000cfbb00000,0x0000000cfbc00000]
Native frames: (J=compiled Java code, j=interpreted, Vv=VM code, C=native code)
V  [jvm.dll+0x64b39a]
V  [jvm.dll+0x7ff044]
V  [jvm.dll+0x8007fe]
V  [jvm.dll+0x800e53]
V  [jvm.dll+0x235848]
V  [jvm.dll+0xbce6c]
V  [jvm.dll+0xbd44c]
V  [jvm.dll+0x29cc12]
V  [jvm.dll+0x557b28]
V  [jvm.dll+0x211cfb]
V  [jvm.dll+0x20b2f9]
V  [jvm.dll+0x209122]
V  [jvm.dll+0x19926d]
V  [jvm.dll+0x2185dd]
V  [jvm.dll+0x216824]
V  [jvm.dll+0x7b77bb]
V  [jvm.dll+0x7b1d6a]
V  [jvm.dll+0x64a265]
C  [ucrtbase.dll+0x21bb2]
C  [KERNEL32.DLL+0x17614]
C  [ntdll.dll+0x526a1]


---------------  P R O C E S S  ---------------

Threads class SMR info:
_java_thread_list=0x0000013d4857bed0, length=17, elements={
0x0000013d29aa25a0, 0x0000013d46ae0820, 0x0000013d46ae1690, 0x0000013d46af7b60,
0x0000013d46afb530, 0x0000013d46afbee0, 0x0000013d46afc890, 0x0000013d46afd570,
0x0000013d46aff020, 0x0000013d46b27940, 0x0000013d475bc880, 0x0000013d475bfd70,
0x0000013d47827450, 0x0000013d47827920, 0x0000013d477fc8b0, 0x0000013d4834d6d0,
0x0000013d48580ae0
}

Java Threads: ( => current thread )
  0x0000013d29aa25a0 JavaThread "main" [_thread_blocked, id=19596, stack(0x0000000cfae00000,0x0000000cfaf00000)]
  0x0000013d46ae0820 JavaThread "Reference Handler" daemon [_thread_blocked, id=18404, stack(0x0000000cfb500000,0x0000000cfb600000)]
  0x0000013d46ae1690 JavaThread "Finalizer" daemon [_thread_blocked, id=20936, stack(0x0000000cfb600000,0x0000000cfb700000)]
  0x0000013d46af7b60 JavaThread "Signal Dispatcher" daemon [_thread_blocked, id=3652, stack(0x0000000cfb700000,0x0000000cfb800000)]
  0x0000013d46afb530 JavaThread "Attach Listener" daemon [_thread_blocked, id=15220, stack(0x0000000cfb800000,0x0000000cfb900000)]
  0x0000013d46afbee0 JavaThread "Service Thread" daemon [_thread_blocked, id=12556, stack(0x0000000cfb900000,0x0000000cfba00000)]
  0x0000013d46afc890 JavaThread "Monitor Deflation Thread" daemon [_thread_blocked, id=22884, stack(0x0000000cfba00000,0x0000000cfbb00000)]
=>0x0000013d46afd570 JavaThread "C2 CompilerThread0" daemon [_thread_in_native, id=3336, stack(0x0000000cfbb00000,0x0000000cfbc00000)]
  0x0000013d46aff020 JavaThread "C1 CompilerThread0" daemon [_thread_blocked, id=2888, stack(0x0000000cfbc00000,0x0000000cfbd00000)]
  0x0000013d46b27940 JavaThread "Sweeper thread" daemon [_thread_blocked, id=26316, stack(0x0000000cfbd00000,0x0000000cfbe00000)]
  0x0000013d475bc880 JavaThread "Notification Thread" daemon [_thread_blocked, id=20284, stack(0x0000000cfbe00000,0x0000000cfbf00000)]
  0x0000013d475bfd70 JavaThread "Common-Cleaner" daemon [_thread_blocked, id=27444, stack(0x0000000cfc000000,0x0000000cfc100000)]
  0x0000013d47827450 JavaThread "Java2D Disposer" daemon [_thread_blocked, id=27208, stack(0x0000000cfc100000,0x0000000cfc200000)]
  0x0000013d47827920 JavaThread "AWT-Shutdown" [_thread_blocked, id=304, stack(0x0000000cfc200000,0x0000000cfc300000)]
  0x0000013d477fc8b0 JavaThread "AWT-Windows" daemon [_thread_in_native, id=10400, stack(0x0000000cfc300000,0x0000000cfc400000)]
  0x0000013d4834d6d0 JavaThread "AWT-EventQueue-0" [_thread_in_native, id=21916, stack(0x0000000cfc400000,0x0000000cfc500000)]
  0x0000013d48580ae0 JavaThread "TimerQueue" daemon [_thread_blocked, id=14592, stack(0x0000000cfc500000,0x0000000cfc600000)]

Other Threads:
  0x0000013d46add830 VMThread "VM Thread" [stack: 0x0000000cfb400000,0x0000000cfb500000] [id=13104]
  0x0000013d29b146c0 WatcherThread [stack: 0x0000000cfbf00000,0x0000000cfc000000] [id=8104]
  0x0000013d29af0fb0 GCTaskThread "GC Thread#0" [stack: 0x0000000cfaf00000,0x0000000cfb000000] [id=24604]
  0x0000013d486afb70 GCTaskThread "GC Thread#1" [stack: 0x0000000cfc600000,0x0000000cfc700000] [id=18600]
  0x0000013d486afe20 GCTaskThread "GC Thread#2" [stack: 0x0000000cfc700000,0x0000000cfc800000] [id=11620]
  0x0000013d486b00d0 GCTaskThread "GC Thread#3" [stack: 0x0000000cfc800000,0x0000000cfc900000] [id=15700]
  0x0000013d486b0ba0 GCTaskThread "GC Thread#4" [stack: 0x0000000cfc900000,0x0000000cfca00000] [id=19372]
  0x0000013d486b1670 GCTaskThread "GC Thread#5" [stack: 0x0000000cfca00000,0x0000000cfcb00000] [id=24568]
  0x0000013d486d9920 GCTaskThread "GC Thread#6" [stack: 0x0000000cfcb00000,0x0000000cfcc00000] [id=12796]
  0x0000013d486d9de0 GCTaskThread "GC Thread#7" [stack: 0x0000000cfcc00000,0x0000000cfcd00000] [id=8360]
  0x0000013d29afeb80 ConcurrentGCThread "G1 Main Marker" [stack: 0x0000000cfb000000,0x0000000cfb100000] [id=6808]
  0x0000013d29affdd0 ConcurrentGCThread "G1 Conc#0" [stack: 0x0000000cfb100000,0x0000000cfb200000] [id=9916]
  0x0000013d29b73750 ConcurrentGCThread "G1 Refine#0" [stack: 0x0000000cfb200000,0x0000000cfb300000] [id=23344]
  0x0000013d29b74170 ConcurrentGCThread "G1 Service" [stack: 0x0000000cfb300000,0x0000000cfb400000] [id=24740]

Threads with active compile tasks:
C2 CompilerThread0    19950 1749       4       java.awt.Container::validateTree (153 bytes)

VM state: not at safepoint (normal execution)

VM Mutex/Monitor currently owned by a thread: None

Heap address: 0x00000000a1c00000, size: 1508 MB, Compressed Oops mode: 32-bit

CDS archive(s) mapped at: [0x0000000800000000-0x0000000800bc0000-0x0000000800bc0000), size 12320768, SharedBaseAddress: 0x0000000800000000, ArchiveRelocationMode: 0.
Compressed class space mapped at: 0x0000000800c00000-0x0000000840c00000, reserved size: 1073741824
Narrow klass base: 0x0000000800000000, Narrow klass shift: 0, Narrow klass range: 0x100000000

GC Precious Log:
 CPUs: 8 total, 8 available
 Memory: 6024M
 Large Page Support: Disabled
 NUMA Support: Disabled
 Compressed Oops: Enabled (32-bit)
 Heap Region Size: 1M
 Heap Min Capacity: 8M
 Heap Initial Capacity: 96M
 Heap Max Capacity: 1508M
 Pre-touch: Disabled
 Parallel Workers: 8
 Concurrent Workers: 2
 Concurrent Refinement Workers: 8
 Periodic GC: Disabled

Heap:
 garbage-first heap   total 134144K, used 50677K [0x00000000a1c00000, 0x0000000100000000)
  region size 1024K, 5 young (5120K), 1 survivors (1024K)
 Metaspace       used 9350K, committed 9472K, reserved 1064960K
  class space    used 980K, committed 1024K, reserved 1048576K

Heap Regions: E=young(eden), S=young(survivor), O=old, HS=humongous(starts), HC=humongous(continues), CS=collection set, F=free, OA=open archive, CA=closed archive, TAMS=top-at-mark-start (previous, next)
|   0|0x00000000a1c00000, 0x00000000a1d00000, 0x00000000a1d00000|100%|HS|  |TAMS 0x00000000a1c00000, 0x00000000a1d00000| Complete 
|   1|0x00000000a1d00000, 0x00000000a1e00000, 0x00000000a1e00000|100%|HC|  |TAMS 0x00000000a1d00000, 0x00000000a1e00000| Complete 
|   2|0x00000000a1e00000, 0x00000000a1f00000, 0x00000000a1f00000|100%|HC|  |TAMS 0x00000000a1e00000, 0x00000000a1f00000| Complete 
|   3|0x00000000a1f00000, 0x00000000a2000000, 0x00000000a2000000|100%|HC|  |TAMS 0x00000000a1f00000, 0x00000000a2000000| Complete 
|   4|0x00000000a2000000, 0x00000000a2100000, 0x00000000a2100000|100%|HC|  |TAMS 0x00000000a2000000, 0x00000000a2100000| Complete 
|   5|0x00000000a2100000, 0x00000000a2200000, 0x00000000a2200000|100%|HC|  |TAMS 0x00000000a2100000, 0x00000000a2200000| Complete 
|   6|0x00000000a2200000, 0x00000000a2300000, 0x00000000a2300000|100%|HC|  |TAMS 0x00000000a2200000, 0x00000000a2300000| Complete 
|   7|0x00000000a2300000, 0x00000000a2400000, 0x00000000a2400000|100%|HC|  |TAMS 0x00000000a2300000, 0x00000000a2400000| Complete 
|   8|0x00000000a2400000, 0x00000000a2500000, 0x00000000a2500000|100%|HS|  |TAMS 0x00000000a2400000, 0x00000000a2500000| Complete 
|   9|0x00000000a2500000, 0x00000000a2600000, 0x00000000a2600000|100%|HC|  |TAMS 0x00000000a2500000, 0x00000000a2600000| Complete 
|  10|0x00000000a2600000, 0x00000000a2700000, 0x00000000a2700000|100%|HC|  |TAMS 0x00000000a2600000, 0x00000000a2700000| Complete 
|  11|0x00000000a2700000, 0x00000000a2800000, 0x00000000a2800000|100%|HC|  |TAMS 0x00000000a2700000, 0x00000000a2800000| Complete 
|  12|0x00000000a2800000, 0x00000000a2900000, 0x00000000a2900000|100%|HS|  |TAMS 0x00000000a2800000, 0x00000000a2900000| Complete 
|  13|0x00000000a2900000, 0x00000000a2a00000, 0x00000000a2a00000|100%|HC|  |TAMS 0x00000000a2900000, 0x00000000a2a00000| Complete 
|  14|0x00000000a2a00000, 0x00000000a2b00000, 0x00000000a2b00000|100%|HC|  |TAMS 0x00000000a2a00000, 0x00000000a2b00000| Complete 
|  15|0x00000000a2b00000, 0x00000000a2c00000, 0x00000000a2c00000|100%|HC|  |TAMS 0x00000000a2b00000, 0x00000000a2c00000| Complete 
|  16|0x00000000a2c00000, 0x00000000a2d00000, 0x00000000a2d00000|100%|HS|  |TAMS 0x00000000a2c00000, 0x00000000a2c00000| Complete 
|  17|0x00000000a2d00000, 0x00000000a2e00000, 0x00000000a2e00000|100%|HC|  |TAMS 0x00000000a2d00000, 0x00000000a2d00000| Complete 
|  18|0x00000000a2e00000, 0x00000000a2f00000, 0x00000000a2f00000|100%|HC|  |TAMS 0x00000000a2e00000, 0x00000000a2e00000| Complete 
|  19|0x00000000a2f00000, 0x00000000a3000000, 0x00000000a3000000|100%|HC|  |TAMS 0x00000000a2f00000, 0x00000000a2f00000| Complete 
|  20|0x00000000a3000000, 0x00000000a3100000, 0x00000000a3100000|100%|HS|  |TAMS 0x00000000a3000000, 0x00000000a3100000| Complete 
|  21|0x00000000a3100000, 0x00000000a3200000, 0x00000000a3200000|100%|HC|  |TAMS 0x00000000a3100000, 0x00000000a3200000| Complete 
|  22|0x00000000a3200000, 0x00000000a3300000, 0x00000000a3300000|100%|HC|  |TAMS 0x00000000a3200000, 0x00000000a3300000| Complete 
|  23|0x00000000a3300000, 0x00000000a3400000, 0x00000000a3400000|100%|HC|  |TAMS 0x00000000a3300000, 0x00000000a3400000| Complete 
|  24|0x00000000a3400000, 0x00000000a3500000, 0x00000000a3500000|100%|HC|  |TAMS 0x00000000a3400000, 0x00000000a3500000| Complete 
|  25|0x00000000a3500000, 0x00000000a3600000, 0x00000000a3600000|100%|HC|  |TAMS 0x00000000a3500000, 0x00000000a3600000| Complete 
|  26|0x00000000a3600000, 0x00000000a3700000, 0x00000000a3700000|100%|HC|  |TAMS 0x00000000a3600000, 0x00000000a3700000| Complete 
|  27|0x00000000a3700000, 0x00000000a3800000, 0x00000000a3800000|100%|HC|  |TAMS 0x00000000a3700000, 0x00000000a3800000| Complete 
|  28|0x00000000a3800000, 0x00000000a3900000, 0x00000000a3900000|100%|HS|  |TAMS 0x00000000a3800000, 0x00000000a3800000| Complete 
|  29|0x00000000a3900000, 0x00000000a3a00000, 0x00000000a3a00000|100%|HC|  |TAMS 0x00000000a3900000, 0x00000000a3900000| Complete 
|  30|0x00000000a3a00000, 0x00000000a3b00000, 0x00000000a3b00000|100%|HC|  |TAMS 0x00000000a3a00000, 0x00000000a3a00000| Complete 
|  31|0x00000000a3b00000, 0x00000000a3c00000, 0x00000000a3c00000|100%|HC|  |TAMS 0x00000000a3b00000, 0x00000000a3b00000| Complete 
|  32|0x00000000a3c00000, 0x00000000a3d00000, 0x00000000a3d00000|100%|HC|  |TAMS 0x00000000a3c00000, 0x00000000a3c00000| Complete 
|  33|0x00000000a3d00000, 0x00000000a3e00000, 0x00000000a3e00000|100%|HC|  |TAMS 0x00000000a3d00000, 0x00000000a3d00000| Complete 
|  34|0x00000000a3e00000, 0x00000000a3f00000, 0x00000000a3f00000|100%|HC|  |TAMS 0x00000000a3e00000, 0x00000000a3e00000| Complete 
|  35|0x00000000a3f00000, 0x00000000a4000000, 0x00000000a4000000|100%|HC|  |TAMS 0x00000000a3f00000, 0x00000000a3f00000| Complete 
|  36|0x00000000a4000000, 0x00000000a4000000, 0x00000000a4100000|  0%| F|  |TAMS 0x00000000a4000000, 0x00000000a4000000| Untracked 
|  37|0x00000000a4100000, 0x00000000a4100000, 0x00000000a4200000|  0%| F|  |TAMS 0x00000000a4100000, 0x00000000a4100000| Untracked 
|  38|0x00000000a4200000, 0x00000000a4200000, 0x00000000a4300000|  0%| F|  |TAMS 0x00000000a4200000, 0x00000000a4200000| Untracked 
|  39|0x00000000a4300000, 0x00000000a4300000, 0x00000000a4400000|  0%| F|  |TAMS 0x00000000a4300000, 0x00000000a4300000| Untracked 
|  40|0x00000000a4400000, 0x00000000a4500000, 0x00000000a4500000|100%| O|  |TAMS 0x00000000a4400000, 0x00000000a4500000| Untracked 
|  41|0x00000000a4500000, 0x00000000a4600000, 0x00000000a4600000|100%| O|  |TAMS 0x00000000a4500000, 0x00000000a4600000| Untracked 
|  42|0x00000000a4600000, 0x00000000a4672e00, 0x00000000a4700000| 44%| O|  |TAMS 0x00000000a4600000, 0x00000000a4672400| Untracked 
|  43|0x00000000a4700000, 0x00000000a4800000, 0x00000000a4800000|100%|HS|  |TAMS 0x00000000a4700000, 0x00000000a4800000| Complete 
|  44|0x00000000a4800000, 0x00000000a4900000, 0x00000000a4900000|100%|HC|  |TAMS 0x00000000a4800000, 0x00000000a4900000| Complete 
|  45|0x00000000a4900000, 0x00000000a4a00000, 0x00000000a4a00000|100%|HC|  |TAMS 0x00000000a4900000, 0x00000000a4a00000| Complete 
|  46|0x00000000a4a00000, 0x00000000a4b00000, 0x00000000a4b00000|100%|HC|  |TAMS 0x00000000a4a00000, 0x00000000a4b00000| Complete 
|  47|0x00000000a4b00000, 0x00000000a4c00000, 0x00000000a4c00000|100%|HC|  |TAMS 0x00000000a4b00000, 0x00000000a4c00000| Complete 
|  48|0x00000000a4c00000, 0x00000000a4d00000, 0x00000000a4d00000|100%|HC|  |TAMS 0x00000000a4c00000, 0x00000000a4d00000| Complete 
|  49|0x00000000a4d00000, 0x00000000a4e00000, 0x00000000a4e00000|100%|HC|  |TAMS 0x00000000a4d00000, 0x00000000a4e00000| Complete 
|  50|0x00000000a4e00000, 0x00000000a4f00000, 0x00000000a4f00000|100%|HC|  |TAMS 0x00000000a4e00000, 0x00000000a4f00000| Complete 
|  51|0x00000000a4f00000, 0x00000000a4f00000, 0x00000000a5000000|  0%| F|  |TAMS 0x00000000a4f00000, 0x00000000a4f00000| Untracked 
|  52|0x00000000a5000000, 0x00000000a5000000, 0x00000000a5100000|  0%| F|  |TAMS 0x00000000a5000000, 0x00000000a5000000| Untracked 
|  53|0x00000000a5100000, 0x00000000a5100000, 0x00000000a5200000|  0%| F|  |TAMS 0x00000000a5100000, 0x00000000a5100000| Untracked 
|  54|0x00000000a5200000, 0x00000000a5200000, 0x00000000a5300000|  0%| F|  |TAMS 0x00000000a5200000, 0x00000000a5200000| Untracked 
|  55|0x00000000a5300000, 0x00000000a5300000, 0x00000000a5400000|  0%| F|  |TAMS 0x00000000a5300000, 0x00000000a5300000| Untracked 
|  56|0x00000000a5400000, 0x00000000a5400000, 0x00000000a5500000|  0%| F|  |TAMS 0x00000000a5400000, 0x00000000a5400000| Untracked 
|  57|0x00000000a5500000, 0x00000000a5500000, 0x00000000a5600000|  0%| F|  |TAMS 0x00000000a5500000, 0x00000000a5500000| Untracked 
|  58|0x00000000a5600000, 0x00000000a5600000, 0x00000000a5700000|  0%| F|  |TAMS 0x00000000a5600000, 0x00000000a5600000| Untracked 
|  59|0x00000000a5700000, 0x00000000a5700000, 0x00000000a5800000|  0%| F|  |TAMS 0x00000000a5700000, 0x00000000a5700000| Untracked 
|  60|0x00000000a5800000, 0x00000000a5800000, 0x00000000a5900000|  0%| F|  |TAMS 0x00000000a5800000, 0x00000000a5800000| Untracked 
|  61|0x00000000a5900000, 0x00000000a5900000, 0x00000000a5a00000|  0%| F|  |TAMS 0x00000000a5900000, 0x00000000a5900000| Untracked 
|  62|0x00000000a5a00000, 0x00000000a5a00000, 0x00000000a5b00000|  0%| F|  |TAMS 0x00000000a5a00000, 0x00000000a5a00000| Untracked 
|  63|0x00000000a5b00000, 0x00000000a5b00000, 0x00000000a5c00000|  0%| F|  |TAMS 0x00000000a5b00000, 0x00000000a5b00000| Untracked 
|  64|0x00000000a5c00000, 0x00000000a5c00000, 0x00000000a5d00000|  0%| F|  |TAMS 0x00000000a5c00000, 0x00000000a5c00000| Untracked 
|  65|0x00000000a5d00000, 0x00000000a5d00000, 0x00000000a5e00000|  0%| F|  |TAMS 0x00000000a5d00000, 0x00000000a5d00000| Untracked 
|  66|0x00000000a5e00000, 0x00000000a5e00000, 0x00000000a5f00000|  0%| F|  |TAMS 0x00000000a5e00000, 0x00000000a5e00000| Untracked 
|  67|0x00000000a5f00000, 0x00000000a5f00000, 0x00000000a6000000|  0%| F|  |TAMS 0x00000000a5f00000, 0x00000000a5f00000| Untracked 
|  68|0x00000000a6000000, 0x00000000a6000000, 0x00000000a6100000|  0%| F|  |TAMS 0x00000000a6000000, 0x00000000a6000000| Untracked 
|  69|0x00000000a6100000, 0x00000000a6100000, 0x00000000a6200000|  0%| F|  |TAMS 0x00000000a6100000, 0x00000000a6100000| Untracked 
|  70|0x00000000a6200000, 0x00000000a6200000, 0x00000000a6300000|  0%| F|  |TAMS 0x00000000a6200000, 0x00000000a6200000| Untracked 
|  71|0x00000000a6300000, 0x00000000a6300000, 0x00000000a6400000|  0%| F|  |TAMS 0x00000000a6300000, 0x00000000a6300000| Untracked 
|  72|0x00000000a6400000, 0x00000000a6400000, 0x00000000a6500000|  0%| F|  |TAMS 0x00000000a6400000, 0x00000000a6400000| Untracked 
|  73|0x00000000a6500000, 0x00000000a6500000, 0x00000000a6600000|  0%| F|  |TAMS 0x00000000a6500000, 0x00000000a6500000| Untracked 
|  74|0x00000000a6600000, 0x00000000a6600000, 0x00000000a6700000|  0%| F|  |TAMS 0x00000000a6600000, 0x00000000a6600000| Untracked 
|  75|0x00000000a6700000, 0x00000000a6700000, 0x00000000a6800000|  0%| F|  |TAMS 0x00000000a6700000, 0x00000000a6700000| Untracked 
|  76|0x00000000a6800000, 0x00000000a6800000, 0x00000000a6900000|  0%| F|  |TAMS 0x00000000a6800000, 0x00000000a6800000| Untracked 
|  77|0x00000000a6900000, 0x00000000a6900000, 0x00000000a6a00000|  0%| F|  |TAMS 0x00000000a6900000, 0x00000000a6900000| Untracked 
|  78|0x00000000a6a00000, 0x00000000a6a00000, 0x00000000a6b00000|  0%| F|  |TAMS 0x00000000a6a00000, 0x00000000a6a00000| Untracked 
|  79|0x00000000a6b00000, 0x00000000a6b00000, 0x00000000a6c00000|  0%| F|  |TAMS 0x00000000a6b00000, 0x00000000a6b00000| Untracked 
|  80|0x00000000a6c00000, 0x00000000a6c00000, 0x00000000a6d00000|  0%| F|  |TAMS 0x00000000a6c00000, 0x00000000a6c00000| Untracked 
|  81|0x00000000a6d00000, 0x00000000a6d00000, 0x00000000a6e00000|  0%| F|  |TAMS 0x00000000a6d00000, 0x00000000a6d00000| Untracked 
|  82|0x00000000a6e00000, 0x00000000a6e00000, 0x00000000a6f00000|  0%| F|  |TAMS 0x00000000a6e00000, 0x00000000a6e00000| Untracked 
|  83|0x00000000a6f00000, 0x00000000a6f00000, 0x00000000a7000000|  0%| F|  |TAMS 0x00000000a6f00000, 0x00000000a6f00000| Untracked 
|  84|0x00000000a7000000, 0x00000000a7000000, 0x00000000a7100000|  0%| F|  |TAMS 0x00000000a7000000, 0x00000000a7000000| Untracked 
|  85|0x00000000a7100000, 0x00000000a7100000, 0x00000000a7200000|  0%| F|  |TAMS 0x00000000a7100000, 0x00000000a7100000| Untracked 
|  86|0x00000000a7200000, 0x00000000a7200000, 0x00000000a7300000|  0%| F|  |TAMS 0x00000000a7200000, 0x00000000a7200000| Untracked 
|  87|0x00000000a7300000, 0x00000000a7300000, 0x00000000a7400000|  0%| F|  |TAMS 0x00000000a7300000, 0x00000000a7300000| Untracked 
|  88|0x00000000a7400000, 0x00000000a7400000, 0x00000000a7500000|  0%| F|  |TAMS 0x00000000a7400000, 0x00000000a7400000| Untracked 
|  89|0x00000000a7500000, 0x00000000a7500000, 0x00000000a7600000|  0%| F|  |TAMS 0x00000000a7500000, 0x00000000a7500000| Untracked 
|  90|0x00000000a7600000, 0x00000000a7600000, 0x00000000a7700000|  0%| F|  |TAMS 0x00000000a7600000, 0x00000000a7600000| Untracked 
|  91|0x00000000a7700000, 0x00000000a7700000, 0x00000000a7800000|  0%| F|  |TAMS 0x00000000a7700000, 0x00000000a7700000| Untracked 
|  92|0x00000000a7800000, 0x00000000a7800000, 0x00000000a7900000|  0%| F|  |TAMS 0x00000000a7800000, 0x00000000a7800000| Untracked 
|  93|0x00000000a7900000, 0x00000000a7900000, 0x00000000a7a00000|  0%| F|  |TAMS 0x00000000a7900000, 0x00000000a7900000| Untracked 
|  94|0x00000000a7a00000, 0x00000000a7a00000, 0x00000000a7b00000|  0%| F|  |TAMS 0x00000000a7a00000, 0x00000000a7a00000| Untracked 
|  95|0x00000000a7b00000, 0x00000000a7b00000, 0x00000000a7c00000|  0%| F|  |TAMS 0x00000000a7b00000, 0x00000000a7b00000| Untracked 
|  96|0x00000000a7c00000, 0x00000000a7c00000, 0x00000000a7d00000|  0%| F|  |TAMS 0x00000000a7c00000, 0x00000000a7c00000| Untracked 
|  97|0x00000000a7d00000, 0x00000000a7d00000, 0x00000000a7e00000|  0%| F|  |TAMS 0x00000000a7d00000, 0x00000000a7d00000| Untracked 
|  98|0x00000000a7e00000, 0x00000000a7e00000, 0x00000000a7f00000|  0%| F|  |TAMS 0x00000000a7e00000, 0x00000000a7e00000| Untracked 
|  99|0x00000000a7f00000, 0x00000000a7f00000, 0x00000000a8000000|  0%| F|  |TAMS 0x00000000a7f00000, 0x00000000a7f00000| Untracked 
| 100|0x00000000a8000000, 0x00000000a8000000, 0x00000000a8100000|  0%| F|  |TAMS 0x00000000a8000000, 0x00000000a8000000| Untracked 
| 101|0x00000000a8100000, 0x00000000a8100000, 0x00000000a8200000|  0%| F|  |TAMS 0x00000000a8100000, 0x00000000a8100000| Untracked 
| 102|0x00000000a8200000, 0x00000000a8200000, 0x00000000a8300000|  0%| F|  |TAMS 0x00000000a8200000, 0x00000000a8200000| Untracked 
| 103|0x00000000a8300000, 0x00000000a8300000, 0x00000000a8400000|  0%| F|  |TAMS 0x00000000a8300000, 0x00000000a8300000| Untracked 
| 104|0x00000000a8400000, 0x00000000a8400000, 0x00000000a8500000|  0%| F|  |TAMS 0x00000000a8400000, 0x00000000a8400000| Untracked 
| 105|0x00000000a8500000, 0x00000000a8500000, 0x00000000a8600000|  0%| F|  |TAMS 0x00000000a8500000, 0x00000000a8500000| Untracked 
| 106|0x00000000a8600000, 0x00000000a8600000, 0x00000000a8700000|  0%| F|  |TAMS 0x00000000a8600000, 0x00000000a8600000| Untracked 
| 107|0x00000000a8700000, 0x00000000a8700000, 0x00000000a8800000|  0%| F|  |TAMS 0x00000000a8700000, 0x00000000a8700000| Untracked 
| 108|0x00000000a8800000, 0x00000000a8800000, 0x00000000a8900000|  0%| F|  |TAMS 0x00000000a8800000, 0x00000000a8800000| Untracked 
| 109|0x00000000a8900000, 0x00000000a8900000, 0x00000000a8a00000|  0%| F|  |TAMS 0x00000000a8900000, 0x00000000a8900000| Untracked 
| 110|0x00000000a8a00000, 0x00000000a8a00000, 0x00000000a8b00000|  0%| F|  |TAMS 0x00000000a8a00000, 0x00000000a8a00000| Untracked 
| 111|0x00000000a8b00000, 0x00000000a8b00000, 0x00000000a8c00000|  0%| F|  |TAMS 0x00000000a8b00000, 0x00000000a8b00000| Untracked 
| 112|0x00000000a8c00000, 0x00000000a8c00000, 0x00000000a8d00000|  0%| F|  |TAMS 0x00000000a8c00000, 0x00000000a8c00000| Untracked 
| 113|0x00000000a8d00000, 0x00000000a8d00000, 0x00000000a8e00000|  0%| F|  |TAMS 0x00000000a8d00000, 0x00000000a8d00000| Untracked 
| 114|0x00000000a8e00000, 0x00000000a8e00000, 0x00000000a8f00000|  0%| F|  |TAMS 0x00000000a8e00000, 0x00000000a8e00000| Untracked 
| 115|0x00000000a8f00000, 0x00000000a8f00000, 0x00000000a9000000|  0%| F|  |TAMS 0x00000000a8f00000, 0x00000000a8f00000| Untracked 
| 116|0x00000000a9000000, 0x00000000a9000000, 0x00000000a9100000|  0%| F|  |TAMS 0x00000000a9000000, 0x00000000a9000000| Untracked 
| 117|0x00000000a9100000, 0x00000000a9100000, 0x00000000a9200000|  0%| F|  |TAMS 0x00000000a9100000, 0x00000000a9100000| Untracked 
| 118|0x00000000a9200000, 0x00000000a9200000, 0x00000000a9300000|  0%| F|  |TAMS 0x00000000a9200000, 0x00000000a9200000| Untracked 
| 119|0x00000000a9300000, 0x00000000a9300000, 0x00000000a9400000|  0%| F|  |TAMS 0x00000000a9300000, 0x00000000a9300000| Untracked 
| 120|0x00000000a9400000, 0x00000000a9400000, 0x00000000a9500000|  0%| F|  |TAMS 0x00000000a9400000, 0x00000000a9400000| Untracked 
| 121|0x00000000a9500000, 0x00000000a9500000, 0x00000000a9600000|  0%| F|  |TAMS 0x00000000a9500000, 0x00000000a9500000| Untracked 
| 122|0x00000000a9600000, 0x00000000a9600000, 0x00000000a9700000|  0%| F|  |TAMS 0x00000000a9600000, 0x00000000a9600000| Untracked 
| 123|0x00000000a9700000, 0x00000000a9700000, 0x00000000a9800000|  0%| F|  |TAMS 0x00000000a9700000, 0x00000000a9700000| Untracked 
| 124|0x00000000a9800000, 0x00000000a9800000, 0x00000000a9900000|  0%| F|  |TAMS 0x00000000a9800000, 0x00000000a9800000| Untracked 
| 125|0x00000000a9900000, 0x00000000a9900000, 0x00000000a9a00000|  0%| F|  |TAMS 0x00000000a9900000, 0x00000000a9900000| Untracked 
| 126|0x00000000a9a00000, 0x00000000a9a0a898, 0x00000000a9b00000|  4%| S|CS|TAMS 0x00000000a9a00000, 0x00000000a9a00000| Complete 
| 127|0x00000000a9b00000, 0x00000000a9b073b8, 0x00000000a9c00000|  2%| E|  |TAMS 0x00000000a9b00000, 0x00000000a9b00000| Complete 
| 128|0x00000000a9c00000, 0x00000000a9d00000, 0x00000000a9d00000|100%| E|CS|TAMS 0x00000000a9c00000, 0x00000000a9c00000| Complete 
| 129|0x00000000a9d00000, 0x00000000a9e00000, 0x00000000a9e00000|100%| E|CS|TAMS 0x00000000a9d00000, 0x00000000a9d00000| Complete 
| 130|0x00000000a9e00000, 0x00000000a9f00000, 0x00000000a9f00000|100%| E|CS|TAMS 0x00000000a9e00000, 0x00000000a9e00000| Complete 

Card table byte_map: [0x0000013d40bf0000,0x0000013d40ef0000] _byte_map_base: 0x0000013d406e2000

Marking Bits (Prev, Next): (CMBitMap*) 0x0000013d29af15c0, (CMBitMap*) 0x0000013d29af1600
 Prev Bits: [0x0000013d411f0000, 0x0000013d42980000)
 Next Bits: [0x0000013d42980000, 0x0000013d44110000)

Polling page: 0x0000013d29280000

Metaspace:

Usage:
  Non-class:      8.17 MB used.
      Class:    980.80 KB used.
       Both:      9.13 MB used.

Virtual space:
  Non-class space:       16.00 MB reserved,       8.25 MB ( 52%) committed,  2 nodes.
      Class space:        1.00 GB reserved,       1.00 MB ( <1%) committed,  1 nodes.
             Both:        1.02 GB reserved,       9.25 MB ( <1%) committed. 

Chunk freelists:
   Non-Class:  3.00 MB
       Class:  3.00 MB
        Both:  6.00 MB

MaxMetaspaceSize: unlimited
CompressedClassSpaceSize: 1.00 GB
Initial GC threshold: 21.00 MB
Current GC threshold: 21.00 MB
CDS: on
MetaspaceReclaimPolicy: balanced
 - commit_granule_bytes: 65536.
 - commit_granule_words: 8192.
 - virtual_space_node_default_size: 1048576.
 - enlarge_chunks_in_place: 1.
 - new_chunks_are_fully_committed: 0.
 - uncommit_free_chunks: 1.
 - use_allocation_guard: 0.
 - handle_deallocations: 1.


Internal statistics:

num_allocs_failed_limit: 0.
num_arena_births: 134.
num_arena_deaths: 0.
num_vsnodes_births: 3.
num_vsnodes_deaths: 0.
num_space_committed: 148.
num_space_uncommitted: 0.
num_chunks_returned_to_freelist: 0.
num_chunks_taken_from_freelist: 197.
num_chunk_merges: 0.
num_chunk_splits: 109.
num_chunks_enlarged: 38.
num_purges: 0.
num_inconsistent_stats: 0.

CodeHeap 'non-profiled nmethods': size=120000Kb used=797Kb max_used=797Kb free=119202Kb
 bounds [0x0000013d39080000, 0x0000013d392f0000, 0x0000013d405b0000]
CodeHeap 'profiled nmethods': size=120000Kb used=3021Kb max_used=3021Kb free=116978Kb
 bounds [0x0000013d315b0000, 0x0000013d318b0000, 0x0000013d38ae0000]
CodeHeap 'non-nmethods': size=5760Kb used=1280Kb max_used=1355Kb free=4479Kb
 bounds [0x0000013d38ae0000, 0x0000013d38d50000, 0x0000013d39080000]
 total_blobs=2356 nmethods=1748 adapters=521
 compilation: enabled
              stopped_count=0, restarted_count=0
 full_count=0

Compilation events (20 events):
Event: 18.380 Thread 0x0000013d46afd570 nmethod 1739 0x0000013d39131990 code [0x0000013d39131b00, 0x0000013d39131b78]
Event: 18.381 Thread 0x0000013d46aff020 1740       3       java.lang.invoke.ConstantCallSite::getTarget (20 bytes)
Event: 18.381 Thread 0x0000013d46aff020 nmethod 1740 0x0000013d318a1a90 code [0x0000013d318a1c40, 0x0000013d318a1e48]
Event: 18.532 Thread 0x0000013d46afd570 1741   !   4       javax.swing.RepaintManager::addDirtyRegion0 (205 bytes)
Event: 18.746 Thread 0x0000013d46afd570 nmethod 1741 0x0000013d39131c90 code [0x0000013d39132080, 0x0000013d39136018]
Event: 18.747 Thread 0x0000013d46afd570 1742  s    4       javax.swing.RepaintManager::getPaintManager (107 bytes)
Event: 18.749 Thread 0x0000013d46afd570 nmethod 1742 0x0000013d39138390 code [0x0000013d39138500, 0x0000013d391386d8]
Event: 18.749 Thread 0x0000013d46afd570 1743       4       sun.java2d.SunGraphics2D::drawImage (11 bytes)
Event: 18.961 Thread 0x0000013d46afd570 nmethod 1743 0x0000013d39138790 code [0x0000013d39138b80, 0x0000013d3913c988]
Event: 18.962 Thread 0x0000013d46afd570 1744   !   4       sun.java2d.SunGraphics2D::drawImage (150 bytes)
Event: 19.059 Thread 0x0000013d46aff020 1745       1       sun.java2d.pipe.Region::getLoX (5 bytes)
Event: 19.059 Thread 0x0000013d46aff020 nmethod 1745 0x0000013d3913f490 code [0x0000013d3913f620, 0x0000013d3913f6f8]
Event: 19.059 Thread 0x0000013d46aff020 1746       1       sun.java2d.pipe.Region::getLoY (5 bytes)
Event: 19.059 Thread 0x0000013d46aff020 nmethod 1746 0x0000013d3913f790 code [0x0000013d3913f920, 0x0000013d3913f9f8]
Event: 19.107 Thread 0x0000013d46aff020 1747       1       java.awt.BasicStroke::getLineWidth (5 bytes)
Event: 19.107 Thread 0x0000013d46aff020 nmethod 1747 0x0000013d3913fa90 code [0x0000013d3913fc20, 0x0000013d3913fcf8]
Event: 19.170 Thread 0x0000013d46afd570 nmethod 1744 0x0000013d3913fd90 code [0x0000013d39140180, 0x0000013d391446a8]
Event: 19.195 Thread 0x0000013d46aff020 1748   !   3       sun.awt.PostEventQueue::flush (168 bytes)
Event: 19.196 Thread 0x0000013d46aff020 nmethod 1748 0x0000013d318a1f10 code [0x0000013d318a21c0, 0x0000013d318a2f08]
Event: 19.549 Thread 0x0000013d46afd570 1749       4       java.awt.Container::validateTree (153 bytes)

GC Heap History (20 events):
Event: 12.578 GC heap before
{Heap before GC invocations=15 (full 0):
 garbage-first heap   total 134144K, used 59859K [0x00000000a1c00000, 0x0000000100000000)
  region size 1024K, 6 young (6144K), 1 survivors (1024K)
 Metaspace       used 9344K, committed 9472K, reserved 1064960K
  class space    used 979K, committed 1024K, reserved 1048576K
}
Event: 12.579 GC heap after
{Heap after GC invocations=16 (full 0):
 garbage-first heap   total 134144K, used 35289K [0x00000000a1c00000, 0x0000000100000000)
  region size 1024K, 1 young (1024K), 1 survivors (1024K)
 Metaspace       used 9344K, committed 9472K, reserved 1064960K
  class space    used 979K, committed 1024K, reserved 1048576K
}
Event: 13.402 GC heap before
{Heap before GC invocations=16 (full 0):
 garbage-first heap   total 134144K, used 59865K [0x00000000a1c00000, 0x0000000100000000)
  region size 1024K, 6 young (6144K), 1 survivors (1024K)
 Metaspace       used 9344K, committed 9472K, reserved 1064960K
  class space    used 979K, committed 1024K, reserved 1048576K
}
Event: 13.403 GC heap after
{Heap after GC invocations=17 (full 0):
 garbage-first heap   total 134144K, used 35297K [0x00000000a1c00000, 0x0000000100000000)
  region size 1024K, 1 young (1024K), 1 survivors (1024K)
 Metaspace       used 9344K, committed 9472K, reserved 1064960K
  class space    used 979K, committed 1024K, reserved 1048576K
}
Event: 13.939 GC heap before
{Heap before GC invocations=17 (full 0):
 garbage-first heap   total 134144K, used 57825K [0x00000000a1c00000, 0x0000000100000000)
  region size 1024K, 4 young (4096K), 1 survivors (1024K)
 Metaspace       used 9344K, committed 9472K, reserved 1064960K
  class space    used 979K, committed 1024K, reserved 1048576K
}
Event: 13.940 GC heap after
{Heap after GC invocations=18 (full 0):
 garbage-first heap   total 134144K, used 35294K [0x00000000a1c00000, 0x0000000100000000)
  region size 1024K, 1 young (1024K), 1 survivors (1024K)
 Metaspace       used 9344K, committed 9472K, reserved 1064960K
  class space    used 979K, committed 1024K, reserved 1048576K
}
Event: 14.775 GC heap before
{Heap before GC invocations=18 (full 0):
 garbage-first heap   total 134144K, used 59870K [0x00000000a1c00000, 0x0000000100000000)
  region size 1024K, 6 young (6144K), 1 survivors (1024K)
 Metaspace       used 9344K, committed 9472K, reserved 1064960K
  class space    used 979K, committed 1024K, reserved 1048576K
}
Event: 14.776 GC heap after
{Heap after GC invocations=19 (full 0):
 garbage-first heap   total 134144K, used 35295K [0x00000000a1c00000, 0x0000000100000000)
  region size 1024K, 1 young (1024K), 1 survivors (1024K)
 Metaspace       used 9344K, committed 9472K, reserved 1064960K
  class space    used 979K, committed 1024K, reserved 1048576K
}
Event: 15.623 GC heap before
{Heap before GC invocations=19 (full 0):
 garbage-first heap   total 134144K, used 59871K [0x00000000a1c00000, 0x0000000100000000)
  region size 1024K, 6 young (6144K), 1 survivors (1024K)
 Metaspace       used 9347K, committed 9472K, reserved 1064960K
  class space    used 980K, committed 1024K, reserved 1048576K
}
Event: 15.624 GC heap after
{Heap after GC invocations=20 (full 0):
 garbage-first heap   total 134144K, used 35309K [0x00000000a1c00000, 0x0000000100000000)
  region size 1024K, 1 young (1024K), 1 survivors (1024K)
 Metaspace       used 9347K, committed 9472K, reserved 1064960K
  class space    used 980K, committed 1024K, reserved 1048576K
}
Event: 16.166 GC heap before
{Heap before GC invocations=20 (full 0):
 garbage-first heap   total 134144K, used 57837K [0x00000000a1c00000, 0x0000000100000000)
  region size 1024K, 4 young (4096K), 1 survivors (1024K)
 Metaspace       used 9347K, committed 9472K, reserved 1064960K
  class space    used 980K, committed 1024K, reserved 1048576K
}
Event: 16.166 GC heap after
{Heap after GC invocations=21 (full 0):
 garbage-first heap   total 134144K, used 35316K [0x00000000a1c00000, 0x0000000100000000)
  region size 1024K, 1 young (1024K), 1 survivors (1024K)
 Metaspace       used 9347K, committed 9472K, reserved 1064960K
  class space    used 980K, committed 1024K, reserved 1048576K
}
Event: 16.979 GC heap before
{Heap before GC invocations=21 (full 0):
 garbage-first heap   total 134144K, used 59892K [0x00000000a1c00000, 0x0000000100000000)
  region size 1024K, 6 young (6144K), 1 survivors (1024K)
 Metaspace       used 9347K, committed 9472K, reserved 1064960K
  class space    used 980K, committed 1024K, reserved 1048576K
}
Event: 16.980 GC heap after
{Heap after GC invocations=22 (full 0):
 garbage-first heap   total 134144K, used 35321K [0x00000000a1c00000, 0x0000000100000000)
  region size 1024K, 1 young (1024K), 1 survivors (1024K)
 Metaspace       used 9347K, committed 9472K, reserved 1064960K
  class space    used 980K, committed 1024K, reserved 1048576K
}
Event: 17.837 GC heap before
{Heap before GC invocations=22 (full 0):
 garbage-first heap   total 134144K, used 59897K [0x00000000a1c00000, 0x0000000100000000)
  region size 1024K, 6 young (6144K), 1 survivors (1024K)
 Metaspace       used 9347K, committed 9472K, reserved 1064960K
  class space    used 980K, committed 1024K, reserved 1048576K
}
Event: 17.838 GC heap after
{Heap after GC invocations=23 (full 0):
 garbage-first heap   total 134144K, used 35318K [0x00000000a1c00000, 0x0000000100000000)
  region size 1024K, 1 young (1024K), 1 survivors (1024K)
 Metaspace       used 9347K, committed 9472K, reserved 1064960K
  class space    used 980K, committed 1024K, reserved 1048576K
}
Event: 18.759 GC heap before
{Heap before GC invocations=23 (full 0):
 garbage-first heap   total 134144K, used 59894K [0x00000000a1c00000, 0x0000000100000000)
  region size 1024K, 6 young (6144K), 1 survivors (1024K)
 Metaspace       used 9350K, committed 9472K, reserved 1064960K
  class space    used 980K, committed 1024K, reserved 1048576K
}
Event: 18.760 GC heap after
{Heap after GC invocations=24 (full 0):
 garbage-first heap   total 134144K, used 35321K [0x00000000a1c00000, 0x0000000100000000)
  region size 1024K, 1 young (1024K), 1 survivors (1024K)
 Metaspace       used 9350K, committed 9472K, reserved 1064960K
  class space    used 980K, committed 1024K, reserved 1048576K
}
Event: 19.449 GC heap before
{Heap before GC invocations=24 (full 0):
 garbage-first heap   total 134144K, used 58873K [0x00000000a1c00000, 0x0000000100000000)
  region size 1024K, 5 young (5120K), 1 survivors (1024K)
 Metaspace       used 9350K, committed 9472K, reserved 1064960K
  class space    used 980K, committed 1024K, reserved 1048576K
}
Event: 19.450 GC heap after
{Heap after GC invocations=25 (full 0):
 garbage-first heap   total 134144K, used 35317K [0x00000000a1c00000, 0x0000000100000000)
  region size 1024K, 1 young (1024K), 1 survivors (1024K)
 Metaspace       used 9350K, committed 9472K, reserved 1064960K
  class space    used 980K, committed 1024K, reserved 1048576K
}

Dll operation events (10 events):
Event: 0.015 Loaded shared library C:\Users\hp\.jdks\corretto-17.0.6\bin\java.dll
Event: 0.033 Loaded shared library C:\Users\hp\.jdks\corretto-17.0.6\bin\jsvml.dll
Event: 0.127 Loaded shared library C:\Users\hp\.jdks\corretto-17.0.6\bin\net.dll
Event: 0.130 Loaded shared library C:\Users\hp\.jdks\corretto-17.0.6\bin\nio.dll
Event: 0.136 Loaded shared library C:\Users\hp\.jdks\corretto-17.0.6\bin\zip.dll
Event: 0.201 Loaded shared library C:\Users\hp\.jdks\corretto-17.0.6\bin\jimage.dll
Event: 0.213 Loaded shared library C:\Users\hp\.jdks\corretto-17.0.6\bin\awt.dll
Event: 0.867 Loaded shared library C:\Users\hp\.jdks\corretto-17.0.6\bin\freetype.dll
Event: 0.869 Loaded shared library C:\Users\hp\.jdks\corretto-17.0.6\bin\fontmanager.dll
Event: 4.389 Loaded shared library C:\Users\hp\.jdks\corretto-17.0.6\bin\mlib_image.dll

Deoptimization events (20 events):
Event: 5.046 Thread 0x0000013d4834d6d0 DEOPT PACKING pc=0x0000013d31807dd9 sp=0x0000000cfc4fec70
Event: 5.046 Thread 0x0000013d4834d6d0 DEOPT UNPACKING pc=0x0000013d38b37143 sp=0x0000000cfc4fe128 mode 0
Event: 5.046 Thread 0x0000013d4834d6d0 DEOPT PACKING pc=0x0000013d31807dd9 sp=0x0000000cfc4fec70
Event: 5.046 Thread 0x0000013d4834d6d0 DEOPT UNPACKING pc=0x0000013d38b37143 sp=0x0000000cfc4fe128 mode 0
Event: 5.047 Thread 0x0000013d4834d6d0 DEOPT PACKING pc=0x0000013d31807dd9 sp=0x0000000cfc4fec70
Event: 5.047 Thread 0x0000013d4834d6d0 DEOPT UNPACKING pc=0x0000013d38b37143 sp=0x0000000cfc4fe128 mode 0
Event: 5.047 Thread 0x0000013d4834d6d0 DEOPT PACKING pc=0x0000013d31807dd9 sp=0x0000000cfc4fec70
Event: 5.047 Thread 0x0000013d4834d6d0 DEOPT UNPACKING pc=0x0000013d38b37143 sp=0x0000000cfc4fe128 mode 0
Event: 5.047 Thread 0x0000013d4834d6d0 DEOPT PACKING pc=0x0000013d31807dd9 sp=0x0000000cfc4fec70
Event: 5.047 Thread 0x0000013d4834d6d0 DEOPT UNPACKING pc=0x0000013d38b37143 sp=0x0000000cfc4fe128 mode 0
Event: 5.047 Thread 0x0000013d4834d6d0 DEOPT PACKING pc=0x0000013d31807dd9 sp=0x0000000cfc4fec70
Event: 5.047 Thread 0x0000013d4834d6d0 DEOPT UNPACKING pc=0x0000013d38b37143 sp=0x0000000cfc4fe128 mode 0
Event: 5.048 Thread 0x0000013d4834d6d0 DEOPT PACKING pc=0x0000013d31807dd9 sp=0x0000000cfc4fec70
Event: 5.048 Thread 0x0000013d4834d6d0 DEOPT UNPACKING pc=0x0000013d38b37143 sp=0x0000000cfc4fe128 mode 0
Event: 5.810 Thread 0x0000013d4834d6d0 DEOPT PACKING pc=0x0000013d3171be1d sp=0x0000000cfc4feda0
Event: 5.810 Thread 0x0000013d4834d6d0 DEOPT UNPACKING pc=0x0000013d38b37143 sp=0x0000000cfc4fe230 mode 0
Event: 19.145 Thread 0x0000013d4834d6d0 Uncommon trap: trap_request=0xffffff45 fr.pc=0x0000013d390f83a0 relative=0x0000000000003380
Event: 19.145 Thread 0x0000013d4834d6d0 Uncommon trap: reason=unstable_if action=reinterpret pc=0x0000013d390f83a0 method=java.awt.EventQueue.postEvent(Ljava/awt/AWTEvent;I)V @ 6 c2
Event: 19.145 Thread 0x0000013d4834d6d0 DEOPT PACKING pc=0x0000013d390f83a0 sp=0x0000000cfc4fea30
Event: 19.145 Thread 0x0000013d4834d6d0 DEOPT UNPACKING pc=0x0000013d38b369a3 sp=0x0000000cfc4fe8f8 mode 2

Classes unloaded (0 events):
No events

Classes redefined (0 events):
No events

Internal exceptions (20 events):
Event: 0.259 Thread 0x0000013d29aa25a0 Exception <a 'java/io/FileNotFoundException'{0x00000000a7aaaa10}> (0x00000000a7aaaa10) 
thrown [s\src\hotspot\share\prims\jni.cpp, line 516]
Event: 0.274 Thread 0x0000013d29aa25a0 Exception <a 'java/io/FileNotFoundException'{0x00000000a7ad7ce0}> (0x00000000a7ad7ce0) 
thrown [s\src\hotspot\share\prims\jni.cpp, line 516]
Event: 0.376 Thread 0x0000013d29aa25a0 Exception <a 'java/lang/NoSuchMethodError'{0x00000000a792ec40}: 'java.lang.Object java.lang.invoke.DirectMethodHandle$Holder.invokeStaticInit(java.lang.Object)'> (0x00000000a792ec40) 
thrown [s\src\hotspot\share\interpreter\linkResolver.cpp, line 759]
Event: 0.379 Thread 0x0000013d29aa25a0 Exception <a 'java/lang/NoSuchMethodError'{0x00000000a7934de8}: 'java.lang.Object java.lang.invoke.DirectMethodHandle$Holder.invokeInterface(java.lang.Object, java.lang.Object)'> (0x00000000a7934de8) 
thrown [s\src\hotspot\share\interpreter\linkResolver.cpp, line 759]
Event: 0.586 Thread 0x0000013d29aa25a0 Exception <a 'java/lang/NoSuchMethodError'{0x00000000a79d6528}: 'void java.lang.invoke.DirectMethodHandle$Holder.invokeSpecial(java.lang.Object, java.lang.Object, java.lang.Object)'> (0x00000000a79d6528) 
thrown [s\src\hotspot\share\interpreter\linkResolver.cpp, line 759]
Event: 0.609 Thread 0x0000013d29aa25a0 Exception <a 'java/lang/NoSuchMethodError'{0x00000000a7814138}: 'java.lang.Object java.lang.invoke.DirectMethodHandle$Holder.newInvokeSpecial(java.lang.Object, java.lang.Object, java.lang.Object, java.lang.Object, java.lang.Object)'> (0x00000000a7814138) 
thrown [s\src\hotspot\share\interpreter\linkResolver.cpp, line 759]
Event: 0.613 Thread 0x0000013d29aa25a0 Exception <a 'java/lang/NoSuchMethodError'{0x00000000a781fb00}: 'java.lang.Object java.lang.invoke.DirectMethodHandle$Holder.invokeStatic(java.lang.Object, int, java.lang.Object, java.lang.Object, java.lang.Object, java.lang.Object)'> (0x00000000a781fb00) 
thrown [s\src\hotspot\share\interpreter\linkResolver.cpp, line 759]
Event: 0.623 Thread 0x0000013d29aa25a0 Exception <a 'java/lang/NoSuchMethodError'{0x00000000a78452c0}: 'java.lang.Object java.lang.invoke.DirectMethodHandle$Holder.invokeStatic(java.lang.Object, int, java.lang.Object)'> (0x00000000a78452c0) 
thrown [s\src\hotspot\share\interpreter\linkResolver.cpp, line 759]
Event: 0.708 Thread 0x0000013d29aa25a0 Exception <a 'java/lang/ClassNotFoundException'{0x00000000a78fce28}: com/sun/swing/internal/plaf/metal/resources/spi/metalProvider> (0x00000000a78fce28) 
thrown [s\src\hotspot\share\classfile\systemDictionary.cpp, line 256]
Event: 0.710 Thread 0x0000013d29aa25a0 Exception <a 'java/lang/ClassNotFoundException'{0x00000000a7701108}: com/sun/swing/internal/plaf/basic/resources/spi/basicProvider> (0x00000000a7701108) 
thrown [s\src\hotspot\share\classfile\systemDictionary.cpp, line 256]
Event: 0.857 Thread 0x0000013d29aa25a0 Exception <a 'java/lang/NoSuchMethodError'{0x00000000a774d508}: 'void java.lang.invoke.DirectMethodHandle$Holder.invokeStaticInit(java.lang.Object)'> (0x00000000a774d508) 
thrown [s\src\hotspot\share\interpreter\linkResolver.cpp, line 759]
Event: 1.025 Thread 0x0000013d477fc8b0 Exception <a 'java/lang/NoSuchMethodError'{0x00000000a7781488}: 'void java.lang.invoke.DirectMethodHandle$Holder.invokeVirtual(java.lang.Object, java.lang.Object)'> (0x00000000a7781488) 
thrown [s\src\hotspot\share\interpreter\linkResolver.cpp, line 759]
Event: 1.107 Thread 0x0000013d29aa25a0 Exception <a 'java/lang/NoSuchMethodError'{0x00000000a7519678}: 'java.lang.Object java.lang.invoke.DirectMethodHandle$Holder.invokeStaticInit(java.lang.Object, int, int, int, int)'> (0x00000000a7519678) 
thrown [s\src\hotspot\share\interpreter\linkResolver.cpp, line 759]
Event: 1.322 Thread 0x0000013d29aa25a0 Exception <a 'java/lang/NoSuchMethodError'{0x00000000a75fc540}: 'java.lang.Object java.lang.invoke.DirectMethodHandle$Holder.invokeStaticInit(java.lang.Object, java.lang.Object, int, int, int, int)'> (0x00000000a75fc540) 
thrown [s\src\hotspot\share\interpreter\linkResolver.cpp, line 759]
Event: 1.894 Thread 0x0000013d29aa25a0 Exception <a 'java/lang/NoSuchMethodError'{0x00000000a742aca0}: 'java.lang.Object java.lang.invoke.DirectMethodHandle$Holder.newInvokeSpecial(java.lang.Object, java.lang.Object, double, double)'> (0x00000000a742aca0) 
thrown [s\src\hotspot\share\interpreter\linkResolver.cpp, line 759]
Event: 4.385 Thread 0x0000013d29aa25a0 Exception <a 'java/lang/NoSuchMethodError'{0x00000000a744aea8}: 'void java.lang.invoke.DirectMethodHandle$Holder.invokeSpecial(java.lang.Object, java.lang.Object, double)'> (0x00000000a744aea8) 
thrown [s\src\hotspot\share\interpreter\linkResolver.cpp, line 759]
Event: 4.386 Thread 0x0000013d29aa25a0 Exception <a 'java/lang/NoSuchMethodError'{0x00000000a7451170}: 'java.lang.Object java.lang.invoke.DirectMethodHandle$Holder.newInvokeSpecial(java.lang.Object, java.lang.Object, double)'> (0x00000000a7451170) 
thrown [s\src\hotspot\share\interpreter\linkResolver.cpp, line 759]
Event: 4.386 Thread 0x0000013d29aa25a0 Exception <a 'java/lang/NoSuchMethodError'{0x00000000a7455038}: 'java.lang.Object java.lang.invoke.DirectMethodHandle$Holder.invokeSpecial(java.lang.Object, java.lang.Object, java.lang.Object, double)'> (0x00000000a7455038) 
thrown [s\src\hotspot\share\interpreter\linkResolver.cpp, line 759]
Event: 4.783 Thread 0x0000013d4834d6d0 Implicit null exception at 0x0000013d390b9510 to 0x0000013d390b9aec
Event: 5.028 Thread 0x0000013d4834d6d0 Implicit null exception at 0x0000013d390d7992 to 0x0000013d390d7f40

VM Operations (20 events):
Event: 12.578 Executing VM operation: G1TryInitiateConcMark
Event: 12.579 Executing VM operation: G1TryInitiateConcMark done
Event: 13.402 Executing VM operation: G1TryInitiateConcMark
Event: 13.403 Executing VM operation: G1TryInitiateConcMark done
Event: 13.939 Executing VM operation: G1TryInitiateConcMark
Event: 13.940 Executing VM operation: G1TryInitiateConcMark done
Event: 14.775 Executing VM operation: G1TryInitiateConcMark
Event: 14.776 Executing VM operation: G1TryInitiateConcMark done
Event: 15.623 Executing VM operation: G1TryInitiateConcMark
Event: 15.624 Executing VM operation: G1TryInitiateConcMark done
Event: 16.165 Executing VM operation: G1TryInitiateConcMark
Event: 16.166 Executing VM operation: G1TryInitiateConcMark done
Event: 16.979 Executing VM operation: G1TryInitiateConcMark
Event: 16.980 Executing VM operation: G1TryInitiateConcMark done
Event: 17.837 Executing VM operation: G1TryInitiateConcMark
Event: 17.838 Executing VM operation: G1TryInitiateConcMark done
Event: 18.759 Executing VM operation: G1TryInitiateConcMark
Event: 18.760 Executing VM operation: G1TryInitiateConcMark done
Event: 19.448 Executing VM operation: G1TryInitiateConcMark
Event: 19.450 Executing VM operation: G1TryInitiateConcMark done

Events (20 events):
Event: 4.774 loading class sun/java2d/marlin/Dasher
Event: 4.774 loading class sun/java2d/marlin/Dasher done
Event: 4.774 loading class sun/java2d/marlin/Dasher$LengthIterator
Event: 4.775 loading class sun/java2d/marlin/Dasher$LengthIterator done
Event: 4.775 loading class sun/java2d/marlin/DMarlinRenderingEngine$NormMode
Event: 4.775 loading class sun/java2d/marlin/DMarlinRenderingEngine$NormMode done
Event: 4.775 loading class sun/java2d/marlin/DMarlinRenderingEngine$NormMode$1
Event: 4.775 loading class sun/java2d/marlin/DMarlinRenderingEngine$NormMode$1 done
Event: 4.775 loading class sun/java2d/marlin/DMarlinRenderingEngine$NormMode$2
Event: 4.775 loading class sun/java2d/marlin/DMarlinRenderingEngine$NormMode$2 done
Event: 4.775 loading class sun/java2d/marlin/DMarlinRenderingEngine$NormMode$3
Event: 4.775 loading class sun/java2d/marlin/DMarlinRenderingEngine$NormMode$3 done
Event: 4.775 loading class java/awt/geom/LineIterator
Event: 4.775 loading class java/awt/geom/LineIterator done
Event: 4.775 loading class sun/java2d/marlin/Helpers
Event: 4.776 loading class sun/java2d/marlin/Helpers done
Event: 4.776 loading class sun/java2d/marlin/ArrayCacheConst
Event: 4.776 loading class sun/java2d/marlin/ArrayCacheConst done
Event: 15.284 loading class java/security/DomainCombiner
Event: 15.284 loading class java/security/DomainCombiner done


Dynamic libraries:
0x00007ff7ffcc0000 - 0x00007ff7ffccd000 	C:\Users\hp\.jdks\corretto-17.0.6\bin\java.exe
0x00007ffd230b0000 - 0x00007ffd232a8000 	C:\Windows\SYSTEM32\ntdll.dll
0x00007ffd22020000 - 0x00007ffd220df000 	C:\Windows\System32\KERNEL32.DLL
0x00007ffd20a10000 - 0x00007ffd20ce2000 	C:\Windows\System32\KERNELBASE.dll
0x00007ffd20910000 - 0x00007ffd20a10000 	C:\Windows\System32\ucrtbase.dll
0x00007ffd0e270000 - 0x00007ffd0e285000 	C:\Users\hp\.jdks\corretto-17.0.6\bin\VCRUNTIME140.dll
0x00007ffd0e150000 - 0x00007ffd0e167000 	C:\Users\hp\.jdks\corretto-17.0.6\bin\jli.dll
0x00007ffd22860000 - 0x00007ffd22a01000 	C:\Windows\System32\USER32.dll
0x00007ffd053d0000 - 0x00007ffd0566a000 	C:\Windows\WinSxS\amd64_microsoft.windows.common-controls_6595b64144ccf1df_6.0.19041.1110_none_60b5254171f9507e\COMCTL32.dll
0x00007ffd21e20000 - 0x00007ffd21ebe000 	C:\Windows\System32\msvcrt.dll
0x00007ffd20f90000 - 0x00007ffd20fb2000 	C:\Windows\System32\win32u.dll
0x00007ffd21620000 - 0x00007ffd2164b000 	C:\Windows\System32\GDI32.dll
0x00007ffd20e80000 - 0x00007ffd20f8f000 	C:\Windows\System32\gdi32full.dll
0x00007ffd20870000 - 0x00007ffd2090d000 	C:\Windows\System32\msvcp_win.dll
0x00007ffd22e80000 - 0x00007ffd22eb2000 	C:\Windows\System32\IMM32.DLL
0x00007ffcdbd00000 - 0x00007ffcdbd9b000 	C:\Users\hp\.jdks\corretto-17.0.6\bin\msvcp140.dll
0x00007ffca51f0000 - 0x00007ffca5e08000 	C:\Users\hp\.jdks\corretto-17.0.6\bin\server\jvm.dll
0x00007ffd21170000 - 0x00007ffd2121e000 	C:\Windows\System32\ADVAPI32.dll
0x00007ffd210c0000 - 0x00007ffd2115c000 	C:\Windows\System32\sechost.dll
0x00007ffd21c10000 - 0x00007ffd21d35000 	C:\Windows\System32\RPCRT4.dll
0x00007ffd1a030000 - 0x00007ffd1a03a000 	C:\Windows\SYSTEM32\VERSION.dll
0x00007ffd05bc0000 - 0x00007ffd05be7000 	C:\Windows\SYSTEM32\WINMM.dll
0x00007ffd074b0000 - 0x00007ffd074b9000 	C:\Windows\SYSTEM32\WSOCK32.dll
0x00007ffd21ba0000 - 0x00007ffd21c0b000 	C:\Windows\System32\WS2_32.dll
0x00007ffd1e5f0000 - 0x00007ffd1e602000 	C:\Windows\SYSTEM32\kernel.appcore.dll
0x00007ffd14290000 - 0x00007ffd1429a000 	C:\Users\hp\.jdks\corretto-17.0.6\bin\jimage.dll
0x00007ffd16400000 - 0x00007ffd165e4000 	C:\Windows\SYSTEM32\DBGHELP.DLL
0x00007ffd161f0000 - 0x00007ffd16225000 	C:\Windows\SYSTEM32\dbgcore.DLL
0x00007ffd20fc0000 - 0x00007ffd21042000 	C:\Windows\System32\bcryptPrimitives.dll
0x00007ffd09050000 - 0x00007ffd09075000 	C:\Users\hp\.jdks\corretto-17.0.6\bin\java.dll
0x00007ffcdbc20000 - 0x00007ffcdbcf6000 	C:\Users\hp\.jdks\corretto-17.0.6\bin\jsvml.dll
0x00007ffd220e0000 - 0x00007ffd22825000 	C:\Windows\System32\SHELL32.dll
0x00007ffd1e7f0000 - 0x00007ffd1ef82000 	C:\Windows\SYSTEM32\windows.storage.dll
0x00007ffd21650000 - 0x00007ffd219a5000 	C:\Windows\System32\combase.dll
0x00007ffd201d0000 - 0x00007ffd20200000 	C:\Windows\SYSTEM32\Wldp.dll
0x00007ffd22f90000 - 0x00007ffd2303d000 	C:\Windows\System32\SHCORE.dll
0x00007ffd21a90000 - 0x00007ffd21ae5000 	C:\Windows\System32\shlwapi.dll
0x00007ffd206b0000 - 0x00007ffd206cf000 	C:\Windows\SYSTEM32\profapi.dll
0x00007ffcff380000 - 0x00007ffcff399000 	C:\Users\hp\.jdks\corretto-17.0.6\bin\net.dll
0x00007ffd165f0000 - 0x00007ffd166fc000 	C:\Windows\SYSTEM32\WINHTTP.dll
0x00007ffd1ff30000 - 0x00007ffd1ff9a000 	C:\Windows\system32\mswsock.dll
0x00007ffcfbd20000 - 0x00007ffcfbd35000 	C:\Users\hp\.jdks\corretto-17.0.6\bin\nio.dll
0x00007ffce9880000 - 0x00007ffce9898000 	C:\Users\hp\.jdks\corretto-17.0.6\bin\zip.dll
0x00007ffcd3ef0000 - 0x00007ffcd4098000 	C:\Users\hp\.jdks\corretto-17.0.6\bin\awt.dll
0x00007ffd22ec0000 - 0x00007ffd22f8d000 	C:\Windows\System32\OLEAUT32.dll
0x00007ffd1df40000 - 0x00007ffd1dfd0000 	C:\Windows\SYSTEM32\apphelp.dll
0x00007ffd1e410000 - 0x00007ffd1e43f000 	C:\Windows\system32\DWMAPI.DLL
0x00007ffd1e030000 - 0x00007ffd1e0ce000 	C:\Windows\system32\uxtheme.dll
0x00007ffcdad20000 - 0x00007ffcdae45000 	C:\Windows\system32\opengl32.dll
0x00007ffcddf90000 - 0x00007ffcddfbc000 	C:\Windows\SYSTEM32\GLU32.dll
0x00007ffd21350000 - 0x00007ffd21465000 	C:\Windows\System32\MSCTF.dll
0x00007ffd21220000 - 0x00007ffd2134a000 	C:\Windows\System32\ole32.dll
0x00007ffd15310000 - 0x00007ffd15393000 	C:\Users\hp\.jdks\corretto-17.0.6\bin\freetype.dll
0x00007ffd0e2a0000 - 0x00007ffd0e362000 	C:\Users\hp\.jdks\corretto-17.0.6\bin\fontmanager.dll
0x00007ffd0dc40000 - 0x00007ffd0dd39000 	C:\Windows\SYSTEM32\textinputframework.dll
0x00007ffd1d9b0000 - 0x00007ffd1dd0e000 	C:\Windows\System32\CoreUIComponents.dll
0x00007ffd1f8c0000 - 0x00007ffd1f8f3000 	C:\Windows\SYSTEM32\ntmarta.dll
0x00007ffd1dd10000 - 0x00007ffd1de02000 	C:\Windows\System32\CoreMessaging.dll
0x00007ffd1c650000 - 0x00007ffd1c7a4000 	C:\Windows\SYSTEM32\wintypes.dll
0x00007ffd20130000 - 0x00007ffd20148000 	C:\Windows\SYSTEM32\CRYPTSP.dll
0x00007ffd1f7a0000 - 0x00007ffd1f7d4000 	C:\Windows\system32\rsaenh.dll
0x00007ffd20cf0000 - 0x00007ffd20d17000 	C:\Windows\System32\bcrypt.dll
0x00007ffd20670000 - 0x00007ffd2069e000 	C:\Windows\SYSTEM32\USERENV.dll
0x00007ffd20120000 - 0x00007ffd2012c000 	C:\Windows\SYSTEM32\CRYPTBASE.dll
0x00007ffd1fba0000 - 0x00007ffd1fbdb000 	C:\Windows\SYSTEM32\IPHLPAPI.DLL
0x00007ffd21fb0000 - 0x00007ffd21fb8000 	C:\Windows\System32\NSI.dll
0x00007ffd19f60000 - 0x00007ffd19f77000 	C:\Windows\SYSTEM32\dhcpcsvc6.DLL
0x00007ffd1ab00000 - 0x00007ffd1ab1d000 	C:\Windows\SYSTEM32\dhcpcsvc.DLL
0x00007ffd1fc00000 - 0x00007ffd1fccb000 	C:\Windows\SYSTEM32\DNSAPI.dll
0x00007ffcd9a80000 - 0x00007ffcd9aff000 	C:\Users\hp\.jdks\corretto-17.0.6\bin\mlib_image.dll

dbghelp: loaded successfully - version: 4.0.5 - missing functions: none
symbol engine: initialized successfully - sym options: 0x614 - pdb path: .;C:\Users\hp\.jdks\corretto-17.0.6\bin;C:\Windows\SYSTEM32;C:\Windows\WinSxS\amd64_microsoft.windows.common-controls_6595b64144ccf1df_6.0.19041.1110_none_60b5254171f9507e;C:\Users\hp\.jdks\corretto-17.0.6\bin\server

VM Arguments:
jvm_args: -Dfile.encoding=windows-1250 -Duser.country=CZ -Duser.language=cs -Duser.variant 
java_command: cz.czechitas.java.ukol01.HlavniProgram
java_class_path (initial): C:\Java\j1-ukol01_2\build\classes\java\main;C:\Java\j1-ukol01_2\build\resources\main;C:\Users\hp\.gradle\caches\modules-2\files-2.1\com.miglayout\miglayout-swing\5.0\7b4c4d92002459e68e8f115b9ae8a774b2660490\miglayout-swing-5.0.jar;C:\Users\hp\.gradle\caches\modules-2\files-2.1\net.sevecek\sevecek-net-utils\0.9.1\c48f90551b8708be50d51c43e34b0df6b291c46d\sevecek-net-utils-0.9.1.jar;C:\Users\hp\.gradle\caches\modules-2\files-2.1\com.miglayout\miglayout-core\5.0\956daa1576bccb24e727ab75540b078171c7c432\miglayout-core-5.0.jar
Launcher Type: SUN_STANDARD

[Global flags]
     intx CICompilerCount                          = 4                                         {product} {ergonomic}
     uint ConcGCThreads                            = 2                                         {product} {ergonomic}
     uint G1ConcRefinementThreads                  = 8                                         {product} {ergonomic}
   size_t G1HeapRegionSize                         = 1048576                                   {product} {ergonomic}
    uintx GCDrainStackTargetSize                   = 64                                        {product} {ergonomic}
   size_t InitialHeapSize                          = 100663296                                 {product} {ergonomic}
   size_t MarkStackSize                            = 4194304                                   {product} {ergonomic}
   size_t MaxHeapSize                              = 1581252608                                {product} {ergonomic}
   size_t MaxNewSize                               = 947912704                                 {product} {ergonomic}
   size_t MinHeapDeltaBytes                        = 1048576                                   {product} {ergonomic}
   size_t MinHeapSize                              = 8388608                                   {product} {ergonomic}
    uintx NonNMethodCodeHeapSize                   = 5839372                                {pd product} {ergonomic}
    uintx NonProfiledCodeHeapSize                  = 122909434                              {pd product} {ergonomic}
    uintx ProfiledCodeHeapSize                     = 122909434                              {pd product} {ergonomic}
    uintx ReservedCodeCacheSize                    = 251658240                              {pd product} {ergonomic}
     bool SegmentedCodeCache                       = true                                      {product} {ergonomic}
   size_t SoftMaxHeapSize                          = 1581252608                             {manageable} {ergonomic}
     bool UseCompressedClassPointers               = true                           {product lp64_product} {ergonomic}
     bool UseCompressedOops                        = true                           {product lp64_product} {ergonomic}
     bool UseG1GC                                  = true                                      {product} {ergonomic}
     bool UseLargePagesIndividualAllocation        = false                                  {pd product} {ergonomic}

Logging:
Log output configuration:
 #0: stdout all=warning uptime,level,tags
 #1: stderr all=off uptime,level,tags

Environment Variables:
PATH=C:\Program Files\Microsoft\jdk-11.0.12.7-hotspot\bin;C:\Program Files (x86)\Common Files\Oracle\Java\javapath;C:\Windows\system32;C:\Windows;C:\Windows\System32\Wbem;C:\Windows\System32\WindowsPowerShell\v1.0\;C:\Windows\System32\OpenSSH\;C:\Program Files\Microsoft SQL Server\Client SDK\ODBC\170\Tools\Binn\;C:\Program Files (x86)\Microsoft SQL Server\150\Tools\Binn\;C:\Program Files\Microsoft SQL Server\150\Tools\Binn\;C:\Program Files\Microsoft SQL Server\150\DTS\Binn\;C:\Program Files (x86)\Microsoft SQL Server\150\DTS\Binn\;C:\Program Files\Azure Data Studio\bin;C:\Program Files\Git\cmd;C:\Program Files\dotnet\;C:\Users\hp\AppData\Local\Programs\Python\Python39\Scripts\;C:\Users\hp\AppData\Local\Programs\Python\Python39\;C:\Users\hp\AppData\Local\Microsoft\WindowsApps;C:\Users\hp\AppData\Local\Programs\Microsoft VS Code\bin;C:\Users\hp\.dotnet\tools;C:\Users\hp\AppData\Local\JetBrains\Toolbox\scripts
USERNAME=hp
OS=Windows_NT
PROCESSOR_IDENTIFIER=Intel64 Family 6 Model 142 Stepping 10, GenuineIntel
TMP=C:\Users\hp\AppData\Local\Temp
TEMP=C:\Users\hp\AppData\Local\Temp



---------------  S Y S T E M  ---------------

OS:
 Windows 10 , 64 bit Build 19041 (10.0.19041.2546)
OS uptime: 3 days 6:06 hours
Hyper-V role detected

CPU: total 8 (initial active 8) (4 cores per cpu, 2 threads per core) family 6 model 142 stepping 10 microcode 0xea, cx8, cmov, fxsr, ht, mmx, 3dnowpref, sse, sse2, sse3, ssse3, sse4.1, sse4.2, popcnt, lzcnt, tsc, tscinvbit, avx, avx2, aes, erms, clmul, bmi1, bmi2, adx, fma, vzeroupper, clflush, clflushopt, hv

Memory: 4k page, system-wide physical 6024M (337M free)
TotalPageFile size 24456M (AvailPageFile size 5M)
current process WorkingSet (physical memory assigned to process): 147M, peak: 154M
current process commit charge ("private bytes"): 240M, peak: 248M

vm_info: OpenJDK 64-Bit Server VM (17.0.6+10-LTS) for windows-amd64 JRE (17.0.6+10-LTS), built on Jan 13 2023 22:57:04 by "Administrator" with MS VC++ 15.9 (VS2017)

END.
