#
# There is insufficient memory for the Java Runtime Environment to continue.
# Native memory allocation (malloc) failed to allocate 636736 bytes for Chunk::new
# Possible reasons:
#   The system is out of physical RAM or swap space
#   The process is running with CompressedOops enabled, and the Java Heap may be blocking the growth of the native heap
# Possible solutions:
#   Reduce memory load on the system
#   Increase physical memory or swap space
#   Check if swap backing store is full
#   Decrease Java heap size (-Xmx/-Xms)
#   Decrease number of Java threads
#   Decrease Java thread stack sizes (-Xss)
#   Set larger code cache with -XX:ReservedCodeCacheSize=
#   JVM is running with Unscaled Compressed Oops mode in which the Java heap is
#     placed in the first 4GB address space. The Java Heap base address is the
#     maximum limit for the native heap growth. Please use -XX:HeapBaseMinAddress
#     to set the Java Heap base and to place the Java Heap above 4GB virtual address.
# This output file may be truncated or incomplete.
#
#  Out of Memory Error (arena.cpp:189), pid=16040, tid=23028
#
# JRE version: OpenJDK Runtime Environment Corretto-17.0.6.10.1 (17.0.6+10) (build 17.0.6+10-LTS)
# Java VM: OpenJDK 64-Bit Server VM Corretto-17.0.6.10.1 (17.0.6+10-LTS, mixed mode, sharing, tiered, compressed oops, compressed class ptrs, g1 gc, windows-amd64)
# No core dump will be written. Minidumps are not enabled by default on client versions of Windows
#

---------------  S U M M A R Y ------------

Command Line: --add-opens=java.base/java.util=ALL-UNNAMED --add-opens=java.base/java.lang=ALL-UNNAMED --add-opens=java.base/java.lang.invoke=ALL-UNNAMED --add-opens=java.base/java.util=ALL-UNNAMED --add-opens=java.prefs/java.util.prefs=ALL-UNNAMED --add-opens=java.prefs/java.util.prefs=ALL-UNNAMED --add-opens=java.base/java.nio.charset=ALL-UNNAMED --add-opens=java.base/java.net=ALL-UNNAMED --add-opens=java.base/java.util.concurrent.atomic=ALL-UNNAMED -XX:MaxMetaspaceSize=256m -XX:+HeapDumpOnOutOfMemoryError -Xms256m -Xmx512m -Dfile.encoding=windows-1250 -Duser.country=CZ -Duser.language=cs -Duser.variant org.gradle.launcher.daemon.bootstrap.GradleDaemon 7.4.2

Host: Intel(R) Core(TM) i5-8250U CPU @ 1.60GHz, 8 cores, 5G,  Windows 10 , 64 bit Build 19041 (10.0.19041.2546)
Time: Sun Feb 19 15:22:32 2023 Stindows 10 , 64 bit Build 19041 (10.0.19041.2546) elapsed time: 11.969630 seconds (0d 0h 0m 11s)

---------------  T H R E A D  ---------------

Current thread (0x00000215dc5c71e0):  JavaThread "C2 CompilerThread0" daemon [_thread_in_native, id=23028, stack(0x0000006f7e900000,0x0000006f7ea00000)]


Current CompileTask:
C2:  11970 2854  s!   4       jdk.internal.loader.URLClassPath::getLoader (194 bytes)

Stack: [0x0000006f7e900000,0x0000006f7ea00000]
Native frames: (J=compiled Java code, j=interpreted, Vv=VM code, C=native code)
V  [jvm.dll+0x64b39a]
V  [jvm.dll+0x7ff044]
V  [jvm.dll+0x8007fe]
V  [jvm.dll+0x800e53]
V  [jvm.dll+0x235848]
V  [jvm.dll+0xbce6c]
V  [jvm.dll+0xbd44c]
V  [jvm.dll+0x29cc12]
V  [jvm.dll+0x557b28]
V  [jvm.dll+0x21216b]
V  [jvm.dll+0x20b8b0]
V  [jvm.dll+0x209122]
V  [jvm.dll+0x19926d]
V  [jvm.dll+0x2185dd]
V  [jvm.dll+0x216824]
V  [jvm.dll+0x7b77bb]
V  [jvm.dll+0x7b1d6a]
V  [jvm.dll+0x64a265]
C  [ucrtbase.dll+0x21bb2]
C  [KERNEL32.DLL+0x17614]
C  [ntdll.dll+0x526a1]


---------------  P R O C E S S  ---------------

Threads class SMR info:
_java_thread_list=0x00000215e0cfb8f0, length=35, elements={
0x00000215c1a77cb0, 0x00000215dc5ac700, 0x00000215dc5ad1c0, 0x00000215dc5c4af0,
0x00000215dc5c53c0, 0x00000215dc5c5c80, 0x00000215dc5c6540, 0x00000215dc5c71e0,
0x00000215dc5c7b90, 0x00000215dc5d1ba0, 0x00000215dd0e1d00, 0x00000215dd0f6200,
0x00000215dea0f6c0, 0x00000215dde9f6c0, 0x00000215de62a890, 0x00000215de4ab2b0,
0x00000215de327e00, 0x00000215df1a18f0, 0x00000215de7b3830, 0x00000215df192ee0,
0x00000215df1933b0, 0x00000215df195a30, 0x00000215df192070, 0x00000215df193880,
0x00000215df192540, 0x00000215df1946f0, 0x00000215df192a10, 0x00000215df193d50,
0x00000215df194220, 0x00000215df195090, 0x00000215df195560, 0x00000215df194bc0,
0x00000215ddb56a00, 0x00000215ddb58bb0, 0x00000215ddb5a3c0
}

Java Threads: ( => current thread )
  0x00000215c1a77cb0 JavaThread "main" [_thread_blocked, id=1728, stack(0x0000006f7dc00000,0x0000006f7dd00000)]
  0x00000215dc5ac700 JavaThread "Reference Handler" daemon [_thread_blocked, id=2708, stack(0x0000006f7e300000,0x0000006f7e400000)]
  0x00000215dc5ad1c0 JavaThread "Finalizer" daemon [_thread_blocked, id=24388, stack(0x0000006f7e400000,0x0000006f7e500000)]
  0x00000215dc5c4af0 JavaThread "Signal Dispatcher" daemon [_thread_blocked, id=6908, stack(0x0000006f7e500000,0x0000006f7e600000)]
  0x00000215dc5c53c0 JavaThread "Attach Listener" daemon [_thread_blocked, id=8824, stack(0x0000006f7e600000,0x0000006f7e700000)]
  0x00000215dc5c5c80 JavaThread "Service Thread" daemon [_thread_blocked, id=20064, stack(0x0000006f7e700000,0x0000006f7e800000)]
  0x00000215dc5c6540 JavaThread "Monitor Deflation Thread" daemon [_thread_blocked, id=26192, stack(0x0000006f7e800000,0x0000006f7e900000)]
=>0x00000215dc5c71e0 JavaThread "C2 CompilerThread0" daemon [_thread_in_native, id=23028, stack(0x0000006f7e900000,0x0000006f7ea00000)]
  0x00000215dc5c7b90 JavaThread "C1 CompilerThread0" daemon [_thread_blocked, id=25024, stack(0x0000006f7ea00000,0x0000006f7eb00000)]
  0x00000215dc5d1ba0 JavaThread "Sweeper thread" daemon [_thread_blocked, id=16312, stack(0x0000006f7eb00000,0x0000006f7ec00000)]
  0x00000215dd0e1d00 JavaThread "Common-Cleaner" daemon [_thread_blocked, id=18680, stack(0x0000006f7ec00000,0x0000006f7ed00000)]
  0x00000215dd0f6200 JavaThread "Notification Thread" daemon [_thread_blocked, id=11620, stack(0x0000006f7ed00000,0x0000006f7ee00000)]
  0x00000215dea0f6c0 JavaThread "Daemon health stats" [_thread_blocked, id=21036, stack(0x0000006f7ef00000,0x0000006f7f000000)]
  0x00000215dde9f6c0 JavaThread "Incoming local TCP Connector on port 61414" [_thread_in_native, id=24040, stack(0x0000006f7f500000,0x0000006f7f600000)]
  0x00000215de62a890 JavaThread "Daemon periodic checks" [_thread_blocked, id=9836, stack(0x0000006f7f600000,0x0000006f7f700000)]
  0x00000215de4ab2b0 JavaThread "Daemon" [_thread_blocked, id=27308, stack(0x0000006f7f700000,0x0000006f7f800000)]
  0x00000215de327e00 JavaThread "Handler for socket connection from /127.0.0.1:61414 to /127.0.0.1:61415" [_thread_in_native, id=4640, stack(0x0000006f7f800000,0x0000006f7f900000)]
  0x00000215df1a18f0 JavaThread "Cancel handler" [_thread_blocked, id=26436, stack(0x0000006f7f900000,0x0000006f7fa00000)]
  0x00000215de7b3830 JavaThread "Daemon worker" [_thread_in_native, id=18052, stack(0x0000006f7fa00000,0x0000006f7fb00000)]
  0x00000215df192ee0 JavaThread "Asynchronous log dispatcher for DefaultDaemonConnection: socket connection from /127.0.0.1:61414 to /127.0.0.1:61415" [_thread_blocked, id=10604, stack(0x0000006f7fb00000,0x0000006f7fc00000)]
  0x00000215df1933b0 JavaThread "Stdin handler" [_thread_blocked, id=9704, stack(0x0000006f7fc00000,0x0000006f7fd00000)]
  0x00000215df195a30 JavaThread "Daemon client event forwarder" [_thread_blocked, id=25884, stack(0x0000006f7fd00000,0x0000006f7fe00000)]
  0x00000215df192070 JavaThread "Cache worker for journal cache (C:\Users\hp\.gradle\caches\journal-1)" [_thread_blocked, id=11900, stack(0x0000006f7fe00000,0x0000006f7ff00000)]
  0x00000215df193880 JavaThread "File lock request listener" [_thread_in_native, id=22012, stack(0x0000006f7ff00000,0x0000006f80000000)]
  0x00000215df192540 JavaThread "Cache worker for file hash cache (C:\Users\hp\.gradle\caches\7.4.2\fileHashes)" [_thread_blocked, id=27148, stack(0x0000006f00000000,0x0000006f00100000)]
  0x00000215df1946f0 JavaThread "File lock release action executor" [_thread_blocked, id=4764, stack(0x0000006f00100000,0x0000006f00200000)]
  0x00000215df192a10 JavaThread "File watcher server" daemon [_thread_in_native, id=24800, stack(0x0000006f00200000,0x0000006f00300000)]
  0x00000215df193d50 JavaThread "File watcher consumer" daemon [_thread_blocked, id=19580, stack(0x0000006f00300000,0x0000006f00400000)]
  0x00000215df194220 JavaThread "Cache worker for checksums cache (C:\Java\j1-ukol01_2\.gradle\7.4.2\checksums)" [_thread_blocked, id=628, stack(0x0000006f00400000,0x0000006f00500000)]
  0x00000215df195090 JavaThread "Cache worker for cache directory md-rule (C:\Users\hp\.gradle\caches\7.4.2\md-rule)" [_thread_blocked, id=5476, stack(0x0000006f00500000,0x0000006f00600000)]
  0x00000215df195560 JavaThread "Cache worker for file hash cache (C:\Java\j1-ukol01_2\.gradle\7.4.2\fileHashes)" [_thread_blocked, id=21848, stack(0x0000006f00600000,0x0000006f00700000)]
  0x00000215df194bc0 JavaThread "Cache worker for cache directory md-supplier (C:\Users\hp\.gradle\caches\7.4.2\md-supplier)" [_thread_blocked, id=8172, stack(0x0000006f00700000,0x0000006f00800000)]
  0x00000215ddb56a00 JavaThread "Cache worker for execution history cache (C:\Users\hp\.gradle\caches\7.4.2\executionHistory)" [_thread_blocked, id=16820, stack(0x0000006f00b00000,0x0000006f00c00000)]
  0x00000215ddb58bb0 JavaThread "jar transforms" [_thread_blocked, id=23792, stack(0x0000006f00c00000,0x0000006f00d00000)]
  0x00000215ddb5a3c0 JavaThread "jar transforms Thread 2" [_thread_blocked, id=17908, stack(0x0000006f00d00000,0x0000006f00e00000)]

Other Threads:
  0x00000215dc5a61a0 VMThread "VM Thread" [stack: 0x0000006f7e200000,0x0000006f7e300000] [id=19892]
  0x00000215dd0f66d0 WatcherThread [stack: 0x0000006f7ee00000,0x0000006f7ef00000] [id=27344]
  0x00000215c1aa6e50 GCTaskThread "GC Thread#0" [stack: 0x0000006f7dd00000,0x0000006f7de00000] [id=24940]
  0x00000215ddae38e0 GCTaskThread "GC Thread#1" [stack: 0x0000006f7f000000,0x0000006f7f100000] [id=14468]
  0x00000215ddae3b90 GCTaskThread "GC Thread#2" [stack: 0x0000006f7f100000,0x0000006f7f200000] [id=11496]
  0x00000215ddbfdf10 GCTaskThread "GC Thread#3" [stack: 0x0000006f7f200000,0x0000006f7f300000] [id=10752]
  0x00000215ddea60d0 GCTaskThread "GC Thread#4" [stack: 0x0000006f7f300000,0x0000006f7f400000] [id=23320]
  0x00000215ddea4e00 GCTaskThread "GC Thread#5" [stack: 0x0000006f7f400000,0x0000006f7f500000] [id=22576]
  0x00000215df475600 GCTaskThread "GC Thread#6" [stack: 0x0000006f00800000,0x0000006f00900000] [id=14928]
  0x00000215df476e30 GCTaskThread "GC Thread#7" [stack: 0x0000006f00900000,0x0000006f00a00000] [id=26320]
  0x00000215c1aabb40 ConcurrentGCThread "G1 Main Marker" [stack: 0x0000006f7de00000,0x0000006f7df00000] [id=25296]
  0x00000215c1aac300 ConcurrentGCThread "G1 Conc#0" [stack: 0x0000006f7df00000,0x0000006f7e000000] [id=27228]
  0x00000215df473dd0 ConcurrentGCThread "G1 Conc#1" [stack: 0x0000006f00a00000,0x0000006f00b00000] [id=23316]
  0x00000215dc46a4f0 ConcurrentGCThread "G1 Refine#0" [stack: 0x0000006f7e000000,0x0000006f7e100000] [id=24896]
  0x00000215dc46acc0 ConcurrentGCThread "G1 Service" [stack: 0x0000006f7e100000,0x0000006f7e200000] [id=19308]

Threads with active compile tasks:
C2 CompilerThread0    12022 2854  s!   4       jdk.internal.loader.URLClassPath::getLoader (194 bytes)

VM state: not at safepoint (normal execution)

VM Mutex/Monitor currently owned by a thread: None

Heap address: 0x00000000e0000000, size: 512 MB, Compressed Oops mode: 32-bit

CDS archive(s) mapped at: [0x0000000800000000-0x0000000800bc0000-0x0000000800bc0000), size 12320768, SharedBaseAddress: 0x0000000800000000, ArchiveRelocationMode: 0.
Compressed class space mapped at: 0x0000000800c00000-0x000000080dc00000, reserved size: 218103808
Narrow klass base: 0x0000000800000000, Narrow klass shift: 0, Narrow klass range: 0x100000000

GC Precious Log:
 CPUs: 8 total, 8 available
 Memory: 6024M
 Large Page Support: Disabled
 NUMA Support: Disabled
 Compressed Oops: Enabled (32-bit)
 Heap Region Size: 1M
 Heap Min Capacity: 256M
 Heap Initial Capacity: 256M
 Heap Max Capacity: 512M
 Pre-touch: Disabled
 Parallel Workers: 8
 Concurrent Workers: 2
 Concurrent Refinement Workers: 8
 Periodic GC: Disabled

Heap:
 garbage-first heap   total 262144K, used 40049K [0x00000000e0000000, 0x0000000100000000)
  region size 1024K, 32 young (32768K), 12 survivors (12288K)
 Metaspace       used 24724K, committed 25088K, reserved 237568K
  class space    used 3651K, committed 3840K, reserved 212992K

Heap Regions: E=young(eden), S=young(survivor), O=old, HS=humongous(starts), HC=humongous(continues), CS=collection set, F=free, OA=open archive, CA=closed archive, TAMS=top-at-mark-start (previous, next)
|   0|0x00000000e0000000, 0x00000000e0000000, 0x00000000e0100000|  0%| F|  |TAMS 0x00000000e0000000, 0x00000000e0000000| Untracked 
|   1|0x00000000e0100000, 0x00000000e0200000, 0x00000000e0200000|100%| O|  |TAMS 0x00000000e0200000, 0x00000000e0100000| Untracked 
|   2|0x00000000e0200000, 0x00000000e0300000, 0x00000000e0300000|100%| O|  |TAMS 0x00000000e0300000, 0x00000000e0200000| Untracked 
|   3|0x00000000e0300000, 0x00000000e0400000, 0x00000000e0400000|100%|HS|  |TAMS 0x00000000e0400000, 0x00000000e0300000| Complete 
|   4|0x00000000e0400000, 0x00000000e0500000, 0x00000000e0500000|100%|HC|  |TAMS 0x00000000e0500000, 0x00000000e0400000| Complete 
|   5|0x00000000e0500000, 0x00000000e0600000, 0x00000000e0600000|100%|HC|  |TAMS 0x00000000e0600000, 0x00000000e0500000| Complete 
|   6|0x00000000e0600000, 0x00000000e0700000, 0x00000000e0700000|100%| O|  |TAMS 0x00000000e0700000, 0x00000000e0600000| Untracked 
|   7|0x00000000e0700000, 0x00000000e0800000, 0x00000000e0800000|100%| O|  |TAMS 0x00000000e0800000, 0x00000000e0700000| Untracked 
|   8|0x00000000e0800000, 0x00000000e0900000, 0x00000000e0900000|100%| O|  |TAMS 0x00000000e0900000, 0x00000000e0800000| Untracked 
|   9|0x00000000e0900000, 0x00000000e0a00000, 0x00000000e0a00000|100%| O|  |TAMS 0x00000000e0a00000, 0x00000000e0900000| Untracked 
|  10|0x00000000e0a00000, 0x00000000e0a13a00, 0x00000000e0b00000|  7%| O|  |TAMS 0x00000000e0a13a00, 0x00000000e0a00000| Untracked 
|  11|0x00000000e0b00000, 0x00000000e0b00000, 0x00000000e0c00000|  0%| F|  |TAMS 0x00000000e0b00000, 0x00000000e0b00000| Untracked 
|  12|0x00000000e0c00000, 0x00000000e0c00000, 0x00000000e0d00000|  0%| F|  |TAMS 0x00000000e0c00000, 0x00000000e0c00000| Untracked 
|  13|0x00000000e0d00000, 0x00000000e0d00000, 0x00000000e0e00000|  0%| F|  |TAMS 0x00000000e0d00000, 0x00000000e0d00000| Untracked 
|  14|0x00000000e0e00000, 0x00000000e0e00000, 0x00000000e0f00000|  0%| F|  |TAMS 0x00000000e0e00000, 0x00000000e0e00000| Untracked 
|  15|0x00000000e0f00000, 0x00000000e0f00000, 0x00000000e1000000|  0%| F|  |TAMS 0x00000000e0f00000, 0x00000000e0f00000| Untracked 
|  16|0x00000000e1000000, 0x00000000e1000000, 0x00000000e1100000|  0%| F|  |TAMS 0x00000000e1000000, 0x00000000e1000000| Untracked 
|  17|0x00000000e1100000, 0x00000000e1100000, 0x00000000e1200000|  0%| F|  |TAMS 0x00000000e1100000, 0x00000000e1100000| Untracked 
|  18|0x00000000e1200000, 0x00000000e1200000, 0x00000000e1300000|  0%| F|  |TAMS 0x00000000e1200000, 0x00000000e1200000| Untracked 
|  19|0x00000000e1300000, 0x00000000e1300000, 0x00000000e1400000|  0%| F|  |TAMS 0x00000000e1300000, 0x00000000e1300000| Untracked 
|  20|0x00000000e1400000, 0x00000000e1400000, 0x00000000e1500000|  0%| F|  |TAMS 0x00000000e1400000, 0x00000000e1400000| Untracked 
|  21|0x00000000e1500000, 0x00000000e1500000, 0x00000000e1600000|  0%| F|  |TAMS 0x00000000e1500000, 0x00000000e1500000| Untracked 
|  22|0x00000000e1600000, 0x00000000e1600000, 0x00000000e1700000|  0%| F|  |TAMS 0x00000000e1600000, 0x00000000e1600000| Untracked 
|  23|0x00000000e1700000, 0x00000000e1700000, 0x00000000e1800000|  0%| F|  |TAMS 0x00000000e1700000, 0x00000000e1700000| Untracked 
|  24|0x00000000e1800000, 0x00000000e1800000, 0x00000000e1900000|  0%| F|  |TAMS 0x00000000e1800000, 0x00000000e1800000| Untracked 
|  25|0x00000000e1900000, 0x00000000e1900000, 0x00000000e1a00000|  0%| F|  |TAMS 0x00000000e1900000, 0x00000000e1900000| Untracked 
|  26|0x00000000e1a00000, 0x00000000e1a00000, 0x00000000e1b00000|  0%| F|  |TAMS 0x00000000e1a00000, 0x00000000e1a00000| Untracked 
|  27|0x00000000e1b00000, 0x00000000e1b00000, 0x00000000e1c00000|  0%| F|  |TAMS 0x00000000e1b00000, 0x00000000e1b00000| Untracked 
|  28|0x00000000e1c00000, 0x00000000e1c00000, 0x00000000e1d00000|  0%| F|  |TAMS 0x00000000e1c00000, 0x00000000e1c00000| Untracked 
|  29|0x00000000e1d00000, 0x00000000e1d00000, 0x00000000e1e00000|  0%| F|  |TAMS 0x00000000e1d00000, 0x00000000e1d00000| Untracked 
|  30|0x00000000e1e00000, 0x00000000e1e00000, 0x00000000e1f00000|  0%| F|  |TAMS 0x00000000e1e00000, 0x00000000e1e00000| Untracked 
|  31|0x00000000e1f00000, 0x00000000e1f00000, 0x00000000e2000000|  0%| F|  |TAMS 0x00000000e1f00000, 0x00000000e1f00000| Untracked 
|  32|0x00000000e2000000, 0x00000000e2000000, 0x00000000e2100000|  0%| F|  |TAMS 0x00000000e2000000, 0x00000000e2000000| Untracked 
|  33|0x00000000e2100000, 0x00000000e2100000, 0x00000000e2200000|  0%| F|  |TAMS 0x00000000e2100000, 0x00000000e2100000| Untracked 
|  34|0x00000000e2200000, 0x00000000e2200000, 0x00000000e2300000|  0%| F|  |TAMS 0x00000000e2200000, 0x00000000e2200000| Untracked 
|  35|0x00000000e2300000, 0x00000000e2300000, 0x00000000e2400000|  0%| F|  |TAMS 0x00000000e2300000, 0x00000000e2300000| Untracked 
|  36|0x00000000e2400000, 0x00000000e2400000, 0x00000000e2500000|  0%| F|  |TAMS 0x00000000e2400000, 0x00000000e2400000| Untracked 
|  37|0x00000000e2500000, 0x00000000e2500000, 0x00000000e2600000|  0%| F|  |TAMS 0x00000000e2500000, 0x00000000e2500000| Untracked 
|  38|0x00000000e2600000, 0x00000000e2600000, 0x00000000e2700000|  0%| F|  |TAMS 0x00000000e2600000, 0x00000000e2600000| Untracked 
|  39|0x00000000e2700000, 0x00000000e2700000, 0x00000000e2800000|  0%| F|  |TAMS 0x00000000e2700000, 0x00000000e2700000| Untracked 
|  40|0x00000000e2800000, 0x00000000e2800000, 0x00000000e2900000|  0%| F|  |TAMS 0x00000000e2800000, 0x00000000e2800000| Untracked 
|  41|0x00000000e2900000, 0x00000000e2900000, 0x00000000e2a00000|  0%| F|  |TAMS 0x00000000e2900000, 0x00000000e2900000| Untracked 
|  42|0x00000000e2a00000, 0x00000000e2a00000, 0x00000000e2b00000|  0%| F|  |TAMS 0x00000000e2a00000, 0x00000000e2a00000| Untracked 
|  43|0x00000000e2b00000, 0x00000000e2b00000, 0x00000000e2c00000|  0%| F|  |TAMS 0x00000000e2b00000, 0x00000000e2b00000| Untracked 
|  44|0x00000000e2c00000, 0x00000000e2c00000, 0x00000000e2d00000|  0%| F|  |TAMS 0x00000000e2c00000, 0x00000000e2c00000| Untracked 
|  45|0x00000000e2d00000, 0x00000000e2d00000, 0x00000000e2e00000|  0%| F|  |TAMS 0x00000000e2d00000, 0x00000000e2d00000| Untracked 
|  46|0x00000000e2e00000, 0x00000000e2e00000, 0x00000000e2f00000|  0%| F|  |TAMS 0x00000000e2e00000, 0x00000000e2e00000| Untracked 
|  47|0x00000000e2f00000, 0x00000000e2f00000, 0x00000000e3000000|  0%| F|  |TAMS 0x00000000e2f00000, 0x00000000e2f00000| Untracked 
|  48|0x00000000e3000000, 0x00000000e3000000, 0x00000000e3100000|  0%| F|  |TAMS 0x00000000e3000000, 0x00000000e3000000| Untracked 
|  49|0x00000000e3100000, 0x00000000e3100000, 0x00000000e3200000|  0%| F|  |TAMS 0x00000000e3100000, 0x00000000e3100000| Untracked 
|  50|0x00000000e3200000, 0x00000000e3200000, 0x00000000e3300000|  0%| F|  |TAMS 0x00000000e3200000, 0x00000000e3200000| Untracked 
|  51|0x00000000e3300000, 0x00000000e3300000, 0x00000000e3400000|  0%| F|  |TAMS 0x00000000e3300000, 0x00000000e3300000| Untracked 
|  52|0x00000000e3400000, 0x00000000e3400000, 0x00000000e3500000|  0%| F|  |TAMS 0x00000000e3400000, 0x00000000e3400000| Untracked 
|  53|0x00000000e3500000, 0x00000000e3500000, 0x00000000e3600000|  0%| F|  |TAMS 0x00000000e3500000, 0x00000000e3500000| Untracked 
|  54|0x00000000e3600000, 0x00000000e3600000, 0x00000000e3700000|  0%| F|  |TAMS 0x00000000e3600000, 0x00000000e3600000| Untracked 
|  55|0x00000000e3700000, 0x00000000e3700000, 0x00000000e3800000|  0%| F|  |TAMS 0x00000000e3700000, 0x00000000e3700000| Untracked 
|  56|0x00000000e3800000, 0x00000000e3800000, 0x00000000e3900000|  0%| F|  |TAMS 0x00000000e3800000, 0x00000000e3800000| Untracked 
|  57|0x00000000e3900000, 0x00000000e3900000, 0x00000000e3a00000|  0%| F|  |TAMS 0x00000000e3900000, 0x00000000e3900000| Untracked 
|  58|0x00000000e3a00000, 0x00000000e3a00000, 0x00000000e3b00000|  0%| F|  |TAMS 0x00000000e3a00000, 0x00000000e3a00000| Untracked 
|  59|0x00000000e3b00000, 0x00000000e3b00000, 0x00000000e3c00000|  0%| F|  |TAMS 0x00000000e3b00000, 0x00000000e3b00000| Untracked 
|  60|0x00000000e3c00000, 0x00000000e3c00000, 0x00000000e3d00000|  0%| F|  |TAMS 0x00000000e3c00000, 0x00000000e3c00000| Untracked 
|  61|0x00000000e3d00000, 0x00000000e3d00000, 0x00000000e3e00000|  0%| F|  |TAMS 0x00000000e3d00000, 0x00000000e3d00000| Untracked 
|  62|0x00000000e3e00000, 0x00000000e3e00000, 0x00000000e3f00000|  0%| F|  |TAMS 0x00000000e3e00000, 0x00000000e3e00000| Untracked 
|  63|0x00000000e3f00000, 0x00000000e3f00000, 0x00000000e4000000|  0%| F|  |TAMS 0x00000000e3f00000, 0x00000000e3f00000| Untracked 
|  64|0x00000000e4000000, 0x00000000e4000000, 0x00000000e4100000|  0%| F|  |TAMS 0x00000000e4000000, 0x00000000e4000000| Untracked 
|  65|0x00000000e4100000, 0x00000000e4100000, 0x00000000e4200000|  0%| F|  |TAMS 0x00000000e4100000, 0x00000000e4100000| Untracked 
|  66|0x00000000e4200000, 0x00000000e4200000, 0x00000000e4300000|  0%| F|  |TAMS 0x00000000e4200000, 0x00000000e4200000| Untracked 
|  67|0x00000000e4300000, 0x00000000e4300000, 0x00000000e4400000|  0%| F|  |TAMS 0x00000000e4300000, 0x00000000e4300000| Untracked 
|  68|0x00000000e4400000, 0x00000000e4400000, 0x00000000e4500000|  0%| F|  |TAMS 0x00000000e4400000, 0x00000000e4400000| Untracked 
|  69|0x00000000e4500000, 0x00000000e4500000, 0x00000000e4600000|  0%| F|  |TAMS 0x00000000e4500000, 0x00000000e4500000| Untracked 
|  70|0x00000000e4600000, 0x00000000e4600000, 0x00000000e4700000|  0%| F|  |TAMS 0x00000000e4600000, 0x00000000e4600000| Untracked 
|  71|0x00000000e4700000, 0x00000000e4700000, 0x00000000e4800000|  0%| F|  |TAMS 0x00000000e4700000, 0x00000000e4700000| Untracked 
|  72|0x00000000e4800000, 0x00000000e4800000, 0x00000000e4900000|  0%| F|  |TAMS 0x00000000e4800000, 0x00000000e4800000| Untracked 
|  73|0x00000000e4900000, 0x00000000e4900000, 0x00000000e4a00000|  0%| F|  |TAMS 0x00000000e4900000, 0x00000000e4900000| Untracked 
|  74|0x00000000e4a00000, 0x00000000e4a00000, 0x00000000e4b00000|  0%| F|  |TAMS 0x00000000e4a00000, 0x00000000e4a00000| Untracked 
|  75|0x00000000e4b00000, 0x00000000e4b00000, 0x00000000e4c00000|  0%| F|  |TAMS 0x00000000e4b00000, 0x00000000e4b00000| Untracked 
|  76|0x00000000e4c00000, 0x00000000e4c00000, 0x00000000e4d00000|  0%| F|  |TAMS 0x00000000e4c00000, 0x00000000e4c00000| Untracked 
|  77|0x00000000e4d00000, 0x00000000e4d00000, 0x00000000e4e00000|  0%| F|  |TAMS 0x00000000e4d00000, 0x00000000e4d00000| Untracked 
|  78|0x00000000e4e00000, 0x00000000e4e00000, 0x00000000e4f00000|  0%| F|  |TAMS 0x00000000e4e00000, 0x00000000e4e00000| Untracked 
|  79|0x00000000e4f00000, 0x00000000e4f00000, 0x00000000e5000000|  0%| F|  |TAMS 0x00000000e4f00000, 0x00000000e4f00000| Untracked 
|  80|0x00000000e5000000, 0x00000000e5000000, 0x00000000e5100000|  0%| F|  |TAMS 0x00000000e5000000, 0x00000000e5000000| Untracked 
|  81|0x00000000e5100000, 0x00000000e5100000, 0x00000000e5200000|  0%| F|  |TAMS 0x00000000e5100000, 0x00000000e5100000| Untracked 
|  82|0x00000000e5200000, 0x00000000e5200000, 0x00000000e5300000|  0%| F|  |TAMS 0x00000000e5200000, 0x00000000e5200000| Untracked 
|  83|0x00000000e5300000, 0x00000000e5300000, 0x00000000e5400000|  0%| F|  |TAMS 0x00000000e5300000, 0x00000000e5300000| Untracked 
|  84|0x00000000e5400000, 0x00000000e5400000, 0x00000000e5500000|  0%| F|  |TAMS 0x00000000e5400000, 0x00000000e5400000| Untracked 
|  85|0x00000000e5500000, 0x00000000e5500000, 0x00000000e5600000|  0%| F|  |TAMS 0x00000000e5500000, 0x00000000e5500000| Untracked 
|  86|0x00000000e5600000, 0x00000000e5600000, 0x00000000e5700000|  0%| F|  |TAMS 0x00000000e5600000, 0x00000000e5600000| Untracked 
|  87|0x00000000e5700000, 0x00000000e5700000, 0x00000000e5800000|  0%| F|  |TAMS 0x00000000e5700000, 0x00000000e5700000| Untracked 
|  88|0x00000000e5800000, 0x00000000e5800000, 0x00000000e5900000|  0%| F|  |TAMS 0x00000000e5800000, 0x00000000e5800000| Untracked 
|  89|0x00000000e5900000, 0x00000000e5900000, 0x00000000e5a00000|  0%| F|  |TAMS 0x00000000e5900000, 0x00000000e5900000| Untracked 
|  90|0x00000000e5a00000, 0x00000000e5a00000, 0x00000000e5b00000|  0%| F|  |TAMS 0x00000000e5a00000, 0x00000000e5a00000| Untracked 
|  91|0x00000000e5b00000, 0x00000000e5b00000, 0x00000000e5c00000|  0%| F|  |TAMS 0x00000000e5b00000, 0x00000000e5b00000| Untracked 
|  92|0x00000000e5c00000, 0x00000000e5c00000, 0x00000000e5d00000|  0%| F|  |TAMS 0x00000000e5c00000, 0x00000000e5c00000| Untracked 
|  93|0x00000000e5d00000, 0x00000000e5d00000, 0x00000000e5e00000|  0%| F|  |TAMS 0x00000000e5d00000, 0x00000000e5d00000| Untracked 
|  94|0x00000000e5e00000, 0x00000000e5e00000, 0x00000000e5f00000|  0%| F|  |TAMS 0x00000000e5e00000, 0x00000000e5e00000| Untracked 
|  95|0x00000000e5f00000, 0x00000000e5f00000, 0x00000000e6000000|  0%| F|  |TAMS 0x00000000e5f00000, 0x00000000e5f00000| Untracked 
|  96|0x00000000e6000000, 0x00000000e6000000, 0x00000000e6100000|  0%| F|  |TAMS 0x00000000e6000000, 0x00000000e6000000| Untracked 
|  97|0x00000000e6100000, 0x00000000e6100000, 0x00000000e6200000|  0%| F|  |TAMS 0x00000000e6100000, 0x00000000e6100000| Untracked 
|  98|0x00000000e6200000, 0x00000000e6200000, 0x00000000e6300000|  0%| F|  |TAMS 0x00000000e6200000, 0x00000000e6200000| Untracked 
|  99|0x00000000e6300000, 0x00000000e6300000, 0x00000000e6400000|  0%| F|  |TAMS 0x00000000e6300000, 0x00000000e6300000| Untracked 
| 100|0x00000000e6400000, 0x00000000e6400000, 0x00000000e6500000|  0%| F|  |TAMS 0x00000000e6400000, 0x00000000e6400000| Untracked 
| 101|0x00000000e6500000, 0x00000000e6500000, 0x00000000e6600000|  0%| F|  |TAMS 0x00000000e6500000, 0x00000000e6500000| Untracked 
| 102|0x00000000e6600000, 0x00000000e6600000, 0x00000000e6700000|  0%| F|  |TAMS 0x00000000e6600000, 0x00000000e6600000| Untracked 
| 103|0x00000000e6700000, 0x00000000e6700000, 0x00000000e6800000|  0%| F|  |TAMS 0x00000000e6700000, 0x00000000e6700000| Untracked 
| 104|0x00000000e6800000, 0x00000000e6800000, 0x00000000e6900000|  0%| F|  |TAMS 0x00000000e6800000, 0x00000000e6800000| Untracked 
| 105|0x00000000e6900000, 0x00000000e6900000, 0x00000000e6a00000|  0%| F|  |TAMS 0x00000000e6900000, 0x00000000e6900000| Untracked 
| 106|0x00000000e6a00000, 0x00000000e6a00000, 0x00000000e6b00000|  0%| F|  |TAMS 0x00000000e6a00000, 0x00000000e6a00000| Untracked 
| 107|0x00000000e6b00000, 0x00000000e6b00000, 0x00000000e6c00000|  0%| F|  |TAMS 0x00000000e6b00000, 0x00000000e6b00000| Untracked 
| 108|0x00000000e6c00000, 0x00000000e6c00000, 0x00000000e6d00000|  0%| F|  |TAMS 0x00000000e6c00000, 0x00000000e6c00000| Untracked 
| 109|0x00000000e6d00000, 0x00000000e6d00000, 0x00000000e6e00000|  0%| F|  |TAMS 0x00000000e6d00000, 0x00000000e6d00000| Untracked 
| 110|0x00000000e6e00000, 0x00000000e6e00000, 0x00000000e6f00000|  0%| F|  |TAMS 0x00000000e6e00000, 0x00000000e6e00000| Untracked 
| 111|0x00000000e6f00000, 0x00000000e6f00000, 0x00000000e7000000|  0%| F|  |TAMS 0x00000000e6f00000, 0x00000000e6f00000| Untracked 
| 112|0x00000000e7000000, 0x00000000e7000000, 0x00000000e7100000|  0%| F|  |TAMS 0x00000000e7000000, 0x00000000e7000000| Untracked 
| 113|0x00000000e7100000, 0x00000000e7100000, 0x00000000e7200000|  0%| F|  |TAMS 0x00000000e7100000, 0x00000000e7100000| Untracked 
| 114|0x00000000e7200000, 0x00000000e7200000, 0x00000000e7300000|  0%| F|  |TAMS 0x00000000e7200000, 0x00000000e7200000| Untracked 
| 115|0x00000000e7300000, 0x00000000e7300000, 0x00000000e7400000|  0%| F|  |TAMS 0x00000000e7300000, 0x00000000e7300000| Untracked 
| 116|0x00000000e7400000, 0x00000000e7400000, 0x00000000e7500000|  0%| F|  |TAMS 0x00000000e7400000, 0x00000000e7400000| Untracked 
| 117|0x00000000e7500000, 0x00000000e7500000, 0x00000000e7600000|  0%| F|  |TAMS 0x00000000e7500000, 0x00000000e7500000| Untracked 
| 118|0x00000000e7600000, 0x00000000e7600000, 0x00000000e7700000|  0%| F|  |TAMS 0x00000000e7600000, 0x00000000e7600000| Untracked 
| 119|0x00000000e7700000, 0x00000000e7700000, 0x00000000e7800000|  0%| F|  |TAMS 0x00000000e7700000, 0x00000000e7700000| Untracked 
| 120|0x00000000e7800000, 0x00000000e7800000, 0x00000000e7900000|  0%| F|  |TAMS 0x00000000e7800000, 0x00000000e7800000| Untracked 
| 121|0x00000000e7900000, 0x00000000e7900000, 0x00000000e7a00000|  0%| F|  |TAMS 0x00000000e7900000, 0x00000000e7900000| Untracked 
| 122|0x00000000e7a00000, 0x00000000e7a00000, 0x00000000e7b00000|  0%| F|  |TAMS 0x00000000e7a00000, 0x00000000e7a00000| Untracked 
| 123|0x00000000e7b00000, 0x00000000e7b00000, 0x00000000e7c00000|  0%| F|  |TAMS 0x00000000e7b00000, 0x00000000e7b00000| Untracked 
| 124|0x00000000e7c00000, 0x00000000e7c00000, 0x00000000e7d00000|  0%| F|  |TAMS 0x00000000e7c00000, 0x00000000e7c00000| Untracked 
| 125|0x00000000e7d00000, 0x00000000e7d00000, 0x00000000e7e00000|  0%| F|  |TAMS 0x00000000e7d00000, 0x00000000e7d00000| Untracked 
| 126|0x00000000e7e00000, 0x00000000e7e00000, 0x00000000e7f00000|  0%| F|  |TAMS 0x00000000e7e00000, 0x00000000e7e00000| Untracked 
| 127|0x00000000e7f00000, 0x00000000e7f00000, 0x00000000e8000000|  0%| F|  |TAMS 0x00000000e7f00000, 0x00000000e7f00000| Untracked 
| 128|0x00000000e8000000, 0x00000000e8000000, 0x00000000e8100000|  0%| F|  |TAMS 0x00000000e8000000, 0x00000000e8000000| Untracked 
| 129|0x00000000e8100000, 0x00000000e8100000, 0x00000000e8200000|  0%| F|  |TAMS 0x00000000e8100000, 0x00000000e8100000| Untracked 
| 130|0x00000000e8200000, 0x00000000e8200000, 0x00000000e8300000|  0%| F|  |TAMS 0x00000000e8200000, 0x00000000e8200000| Untracked 
| 131|0x00000000e8300000, 0x00000000e8300000, 0x00000000e8400000|  0%| F|  |TAMS 0x00000000e8300000, 0x00000000e8300000| Untracked 
| 132|0x00000000e8400000, 0x00000000e8400000, 0x00000000e8500000|  0%| F|  |TAMS 0x00000000e8400000, 0x00000000e8400000| Untracked 
| 133|0x00000000e8500000, 0x00000000e8500000, 0x00000000e8600000|  0%| F|  |TAMS 0x00000000e8500000, 0x00000000e8500000| Untracked 
| 134|0x00000000e8600000, 0x00000000e8600000, 0x00000000e8700000|  0%| F|  |TAMS 0x00000000e8600000, 0x00000000e8600000| Untracked 
| 135|0x00000000e8700000, 0x00000000e8700000, 0x00000000e8800000|  0%| F|  |TAMS 0x00000000e8700000, 0x00000000e8700000| Untracked 
| 136|0x00000000e8800000, 0x00000000e8800000, 0x00000000e8900000|  0%| F|  |TAMS 0x00000000e8800000, 0x00000000e8800000| Untracked 
| 137|0x00000000e8900000, 0x00000000e8900000, 0x00000000e8a00000|  0%| F|  |TAMS 0x00000000e8900000, 0x00000000e8900000| Untracked 
| 138|0x00000000e8a00000, 0x00000000e8a00000, 0x00000000e8b00000|  0%| F|  |TAMS 0x00000000e8a00000, 0x00000000e8a00000| Untracked 
| 139|0x00000000e8b00000, 0x00000000e8b00000, 0x00000000e8c00000|  0%| F|  |TAMS 0x00000000e8b00000, 0x00000000e8b00000| Untracked 
| 140|0x00000000e8c00000, 0x00000000e8c00000, 0x00000000e8d00000|  0%| F|  |TAMS 0x00000000e8c00000, 0x00000000e8c00000| Untracked 
| 141|0x00000000e8d00000, 0x00000000e8d08c78, 0x00000000e8e00000|  3%| S|CS|TAMS 0x00000000e8d00000, 0x00000000e8d00000| Complete 
| 142|0x00000000e8e00000, 0x00000000e8f00000, 0x00000000e8f00000|100%| S|CS|TAMS 0x00000000e8e00000, 0x00000000e8e00000| Complete 
| 143|0x00000000e8f00000, 0x00000000e9000000, 0x00000000e9000000|100%| S|CS|TAMS 0x00000000e8f00000, 0x00000000e8f00000| Complete 
| 144|0x00000000e9000000, 0x00000000e9100000, 0x00000000e9100000|100%| S|CS|TAMS 0x00000000e9000000, 0x00000000e9000000| Complete 
| 145|0x00000000e9100000, 0x00000000e9200000, 0x00000000e9200000|100%| S|CS|TAMS 0x00000000e9100000, 0x00000000e9100000| Complete 
| 146|0x00000000e9200000, 0x00000000e9300000, 0x00000000e9300000|100%| S|CS|TAMS 0x00000000e9200000, 0x00000000e9200000| Complete 
| 147|0x00000000e9300000, 0x00000000e9400000, 0x00000000e9400000|100%| S|CS|TAMS 0x00000000e9300000, 0x00000000e9300000| Complete 
| 148|0x00000000e9400000, 0x00000000e9500000, 0x00000000e9500000|100%| S|CS|TAMS 0x00000000e9400000, 0x00000000e9400000| Complete 
| 149|0x00000000e9500000, 0x00000000e9600000, 0x00000000e9600000|100%| S|CS|TAMS 0x00000000e9500000, 0x00000000e9500000| Complete 
| 150|0x00000000e9600000, 0x00000000e9700000, 0x00000000e9700000|100%| S|CS|TAMS 0x00000000e9600000, 0x00000000e9600000| Complete 
| 151|0x00000000e9700000, 0x00000000e9800000, 0x00000000e9800000|100%| S|CS|TAMS 0x00000000e9700000, 0x00000000e9700000| Complete 
| 152|0x00000000e9800000, 0x00000000e9900000, 0x00000000e9900000|100%| S|CS|TAMS 0x00000000e9800000, 0x00000000e9800000| Complete 
| 153|0x00000000e9900000, 0x00000000e9900000, 0x00000000e9a00000|  0%| F|  |TAMS 0x00000000e9900000, 0x00000000e9900000| Untracked 
| 154|0x00000000e9a00000, 0x00000000e9a00000, 0x00000000e9b00000|  0%| F|  |TAMS 0x00000000e9a00000, 0x00000000e9a00000| Untracked 
| 155|0x00000000e9b00000, 0x00000000e9b00000, 0x00000000e9c00000|  0%| F|  |TAMS 0x00000000e9b00000, 0x00000000e9b00000| Untracked 
| 156|0x00000000e9c00000, 0x00000000e9c00000, 0x00000000e9d00000|  0%| F|  |TAMS 0x00000000e9c00000, 0x00000000e9c00000| Untracked 
| 157|0x00000000e9d00000, 0x00000000e9d00000, 0x00000000e9e00000|  0%| F|  |TAMS 0x00000000e9d00000, 0x00000000e9d00000| Untracked 
| 158|0x00000000e9e00000, 0x00000000e9e00000, 0x00000000e9f00000|  0%| F|  |TAMS 0x00000000e9e00000, 0x00000000e9e00000| Untracked 
| 159|0x00000000e9f00000, 0x00000000e9f00000, 0x00000000ea000000|  0%| F|  |TAMS 0x00000000e9f00000, 0x00000000e9f00000| Untracked 
| 160|0x00000000ea000000, 0x00000000ea000000, 0x00000000ea100000|  0%| F|  |TAMS 0x00000000ea000000, 0x00000000ea000000| Untracked 
| 161|0x00000000ea100000, 0x00000000ea100000, 0x00000000ea200000|  0%| F|  |TAMS 0x00000000ea100000, 0x00000000ea100000| Untracked 
| 162|0x00000000ea200000, 0x00000000ea200000, 0x00000000ea300000|  0%| F|  |TAMS 0x00000000ea200000, 0x00000000ea200000| Untracked 
| 163|0x00000000ea300000, 0x00000000ea300000, 0x00000000ea400000|  0%| F|  |TAMS 0x00000000ea300000, 0x00000000ea300000| Untracked 
| 164|0x00000000ea400000, 0x00000000ea400000, 0x00000000ea500000|  0%| F|  |TAMS 0x00000000ea400000, 0x00000000ea400000| Untracked 
| 165|0x00000000ea500000, 0x00000000ea500000, 0x00000000ea600000|  0%| F|  |TAMS 0x00000000ea500000, 0x00000000ea500000| Untracked 
| 166|0x00000000ea600000, 0x00000000ea600000, 0x00000000ea700000|  0%| F|  |TAMS 0x00000000ea600000, 0x00000000ea600000| Untracked 
| 167|0x00000000ea700000, 0x00000000ea700000, 0x00000000ea800000|  0%| F|  |TAMS 0x00000000ea700000, 0x00000000ea700000| Untracked 
| 168|0x00000000ea800000, 0x00000000ea800000, 0x00000000ea900000|  0%| F|  |TAMS 0x00000000ea800000, 0x00000000ea800000| Untracked 
| 169|0x00000000ea900000, 0x00000000ea900000, 0x00000000eaa00000|  0%| F|  |TAMS 0x00000000ea900000, 0x00000000ea900000| Untracked 
| 170|0x00000000eaa00000, 0x00000000eaa00000, 0x00000000eab00000|  0%| F|  |TAMS 0x00000000eaa00000, 0x00000000eaa00000| Untracked 
| 171|0x00000000eab00000, 0x00000000eab00000, 0x00000000eac00000|  0%| F|  |TAMS 0x00000000eab00000, 0x00000000eab00000| Untracked 
| 172|0x00000000eac00000, 0x00000000eac00000, 0x00000000ead00000|  0%| F|  |TAMS 0x00000000eac00000, 0x00000000eac00000| Untracked 
| 173|0x00000000ead00000, 0x00000000ead00000, 0x00000000eae00000|  0%| F|  |TAMS 0x00000000ead00000, 0x00000000ead00000| Untracked 
| 174|0x00000000eae00000, 0x00000000eae00000, 0x00000000eaf00000|  0%| F|  |TAMS 0x00000000eae00000, 0x00000000eae00000| Untracked 
| 175|0x00000000eaf00000, 0x00000000eaf00000, 0x00000000eb000000|  0%| F|  |TAMS 0x00000000eaf00000, 0x00000000eaf00000| Untracked 
| 176|0x00000000eb000000, 0x00000000eb000000, 0x00000000eb100000|  0%| F|  |TAMS 0x00000000eb000000, 0x00000000eb000000| Untracked 
| 177|0x00000000eb100000, 0x00000000eb100000, 0x00000000eb200000|  0%| F|  |TAMS 0x00000000eb100000, 0x00000000eb100000| Untracked 
| 178|0x00000000eb200000, 0x00000000eb200000, 0x00000000eb300000|  0%| F|  |TAMS 0x00000000eb200000, 0x00000000eb200000| Untracked 
| 179|0x00000000eb300000, 0x00000000eb300000, 0x00000000eb400000|  0%| F|  |TAMS 0x00000000eb300000, 0x00000000eb300000| Untracked 
| 180|0x00000000eb400000, 0x00000000eb400000, 0x00000000eb500000|  0%| F|  |TAMS 0x00000000eb400000, 0x00000000eb400000| Untracked 
| 181|0x00000000eb500000, 0x00000000eb500000, 0x00000000eb600000|  0%| F|  |TAMS 0x00000000eb500000, 0x00000000eb500000| Untracked 
| 182|0x00000000eb600000, 0x00000000eb600000, 0x00000000eb700000|  0%| F|  |TAMS 0x00000000eb600000, 0x00000000eb600000| Untracked 
| 183|0x00000000eb700000, 0x00000000eb700000, 0x00000000eb800000|  0%| F|  |TAMS 0x00000000eb700000, 0x00000000eb700000| Untracked 
| 184|0x00000000eb800000, 0x00000000eb800000, 0x00000000eb900000|  0%| F|  |TAMS 0x00000000eb800000, 0x00000000eb800000| Untracked 
| 185|0x00000000eb900000, 0x00000000eb900000, 0x00000000eba00000|  0%| F|  |TAMS 0x00000000eb900000, 0x00000000eb900000| Untracked 
| 186|0x00000000eba00000, 0x00000000eba00000, 0x00000000ebb00000|  0%| F|  |TAMS 0x00000000eba00000, 0x00000000eba00000| Untracked 
| 187|0x00000000ebb00000, 0x00000000ebb00000, 0x00000000ebc00000|  0%| F|  |TAMS 0x00000000ebb00000, 0x00000000ebb00000| Untracked 
| 188|0x00000000ebc00000, 0x00000000ebc00000, 0x00000000ebd00000|  0%| F|  |TAMS 0x00000000ebc00000, 0x00000000ebc00000| Untracked 
| 189|0x00000000ebd00000, 0x00000000ebd00000, 0x00000000ebe00000|  0%| F|  |TAMS 0x00000000ebd00000, 0x00000000ebd00000| Untracked 
| 190|0x00000000ebe00000, 0x00000000ebe00000, 0x00000000ebf00000|  0%| F|  |TAMS 0x00000000ebe00000, 0x00000000ebe00000| Untracked 
| 191|0x00000000ebf00000, 0x00000000ebf00000, 0x00000000ec000000|  0%| F|  |TAMS 0x00000000ebf00000, 0x00000000ebf00000| Untracked 
| 192|0x00000000ec000000, 0x00000000ec000000, 0x00000000ec100000|  0%| F|  |TAMS 0x00000000ec000000, 0x00000000ec000000| Untracked 
| 193|0x00000000ec100000, 0x00000000ec100000, 0x00000000ec200000|  0%| F|  |TAMS 0x00000000ec100000, 0x00000000ec100000| Untracked 
| 194|0x00000000ec200000, 0x00000000ec200000, 0x00000000ec300000|  0%| F|  |TAMS 0x00000000ec200000, 0x00000000ec200000| Untracked 
| 195|0x00000000ec300000, 0x00000000ec300000, 0x00000000ec400000|  0%| F|  |TAMS 0x00000000ec300000, 0x00000000ec300000| Untracked 
| 196|0x00000000ec400000, 0x00000000ec400000, 0x00000000ec500000|  0%| F|  |TAMS 0x00000000ec400000, 0x00000000ec400000| Untracked 
| 197|0x00000000ec500000, 0x00000000ec500000, 0x00000000ec600000|  0%| F|  |TAMS 0x00000000ec500000, 0x00000000ec500000| Untracked 
| 198|0x00000000ec600000, 0x00000000ec600000, 0x00000000ec700000|  0%| F|  |TAMS 0x00000000ec600000, 0x00000000ec600000| Untracked 
| 199|0x00000000ec700000, 0x00000000ec700000, 0x00000000ec800000|  0%| F|  |TAMS 0x00000000ec700000, 0x00000000ec700000| Untracked 
| 200|0x00000000ec800000, 0x00000000ec800000, 0x00000000ec900000|  0%| F|  |TAMS 0x00000000ec800000, 0x00000000ec800000| Untracked 
| 201|0x00000000ec900000, 0x00000000ec900000, 0x00000000eca00000|  0%| F|  |TAMS 0x00000000ec900000, 0x00000000ec900000| Untracked 
| 202|0x00000000eca00000, 0x00000000eca00000, 0x00000000ecb00000|  0%| F|  |TAMS 0x00000000eca00000, 0x00000000eca00000| Untracked 
| 203|0x00000000ecb00000, 0x00000000ecb00000, 0x00000000ecc00000|  0%| F|  |TAMS 0x00000000ecb00000, 0x00000000ecb00000| Untracked 
| 204|0x00000000ecc00000, 0x00000000ecc00000, 0x00000000ecd00000|  0%| F|  |TAMS 0x00000000ecc00000, 0x00000000ecc00000| Untracked 
| 205|0x00000000ecd00000, 0x00000000ecd00000, 0x00000000ece00000|  0%| F|  |TAMS 0x00000000ecd00000, 0x00000000ecd00000| Untracked 
| 206|0x00000000ece00000, 0x00000000ece00000, 0x00000000ecf00000|  0%| F|  |TAMS 0x00000000ece00000, 0x00000000ece00000| Untracked 
| 207|0x00000000ecf00000, 0x00000000ecf00000, 0x00000000ed000000|  0%| F|  |TAMS 0x00000000ecf00000, 0x00000000ecf00000| Untracked 
| 208|0x00000000ed000000, 0x00000000ed000000, 0x00000000ed100000|  0%| F|  |TAMS 0x00000000ed000000, 0x00000000ed000000| Untracked 
| 209|0x00000000ed100000, 0x00000000ed100000, 0x00000000ed200000|  0%| F|  |TAMS 0x00000000ed100000, 0x00000000ed100000| Untracked 
| 210|0x00000000ed200000, 0x00000000ed200000, 0x00000000ed300000|  0%| F|  |TAMS 0x00000000ed200000, 0x00000000ed200000| Untracked 
| 211|0x00000000ed300000, 0x00000000ed300000, 0x00000000ed400000|  0%| F|  |TAMS 0x00000000ed300000, 0x00000000ed300000| Untracked 
| 212|0x00000000ed400000, 0x00000000ed400000, 0x00000000ed500000|  0%| F|  |TAMS 0x00000000ed400000, 0x00000000ed400000| Untracked 
| 213|0x00000000ed500000, 0x00000000ed500000, 0x00000000ed600000|  0%| F|  |TAMS 0x00000000ed500000, 0x00000000ed500000| Untracked 
| 214|0x00000000ed600000, 0x00000000ed600000, 0x00000000ed700000|  0%| F|  |TAMS 0x00000000ed600000, 0x00000000ed600000| Untracked 
| 215|0x00000000ed700000, 0x00000000ed700000, 0x00000000ed800000|  0%| F|  |TAMS 0x00000000ed700000, 0x00000000ed700000| Untracked 
| 216|0x00000000ed800000, 0x00000000ed800000, 0x00000000ed900000|  0%| F|  |TAMS 0x00000000ed800000, 0x00000000ed800000| Untracked 
| 217|0x00000000ed900000, 0x00000000ed900000, 0x00000000eda00000|  0%| F|  |TAMS 0x00000000ed900000, 0x00000000ed900000| Untracked 
| 218|0x00000000eda00000, 0x00000000eda00000, 0x00000000edb00000|  0%| F|  |TAMS 0x00000000eda00000, 0x00000000eda00000| Untracked 
| 219|0x00000000edb00000, 0x00000000edb00000, 0x00000000edc00000|  0%| F|  |TAMS 0x00000000edb00000, 0x00000000edb00000| Untracked 
| 220|0x00000000edc00000, 0x00000000edc00000, 0x00000000edd00000|  0%| F|  |TAMS 0x00000000edc00000, 0x00000000edc00000| Untracked 
| 221|0x00000000edd00000, 0x00000000edd00000, 0x00000000ede00000|  0%| F|  |TAMS 0x00000000edd00000, 0x00000000edd00000| Untracked 
| 222|0x00000000ede00000, 0x00000000ede00000, 0x00000000edf00000|  0%| F|  |TAMS 0x00000000ede00000, 0x00000000ede00000| Untracked 
| 223|0x00000000edf00000, 0x00000000edf00000, 0x00000000ee000000|  0%| F|  |TAMS 0x00000000edf00000, 0x00000000edf00000| Untracked 
| 224|0x00000000ee000000, 0x00000000ee000000, 0x00000000ee100000|  0%| F|  |TAMS 0x00000000ee000000, 0x00000000ee000000| Untracked 
| 225|0x00000000ee100000, 0x00000000ee100000, 0x00000000ee200000|  0%| F|  |TAMS 0x00000000ee100000, 0x00000000ee100000| Untracked 
| 226|0x00000000ee200000, 0x00000000ee200000, 0x00000000ee300000|  0%| F|  |TAMS 0x00000000ee200000, 0x00000000ee200000| Untracked 
| 227|0x00000000ee300000, 0x00000000ee300000, 0x00000000ee400000|  0%| F|  |TAMS 0x00000000ee300000, 0x00000000ee300000| Untracked 
| 228|0x00000000ee400000, 0x00000000ee400000, 0x00000000ee500000|  0%| F|  |TAMS 0x00000000ee400000, 0x00000000ee400000| Untracked 
| 229|0x00000000ee500000, 0x00000000ee500000, 0x00000000ee600000|  0%| F|  |TAMS 0x00000000ee500000, 0x00000000ee500000| Untracked 
| 230|0x00000000ee600000, 0x00000000ee600000, 0x00000000ee700000|  0%| F|  |TAMS 0x00000000ee600000, 0x00000000ee600000| Untracked 
| 231|0x00000000ee700000, 0x00000000ee700000, 0x00000000ee800000|  0%| F|  |TAMS 0x00000000ee700000, 0x00000000ee700000| Untracked 
| 232|0x00000000ee800000, 0x00000000ee800000, 0x00000000ee900000|  0%| F|  |TAMS 0x00000000ee800000, 0x00000000ee800000| Untracked 
| 233|0x00000000ee900000, 0x00000000ee900000, 0x00000000eea00000|  0%| F|  |TAMS 0x00000000ee900000, 0x00000000ee900000| Untracked 
| 234|0x00000000eea00000, 0x00000000eea00000, 0x00000000eeb00000|  0%| F|  |TAMS 0x00000000eea00000, 0x00000000eea00000| Untracked 
| 235|0x00000000eeb00000, 0x00000000eeb00000, 0x00000000eec00000|  0%| F|  |TAMS 0x00000000eeb00000, 0x00000000eeb00000| Untracked 
| 236|0x00000000eec00000, 0x00000000eed00000, 0x00000000eed00000|100%| E|  |TAMS 0x00000000eec00000, 0x00000000eec00000| Complete 
| 237|0x00000000eed00000, 0x00000000eee00000, 0x00000000eee00000|100%| E|CS|TAMS 0x00000000eed00000, 0x00000000eed00000| Complete 
| 238|0x00000000eee00000, 0x00000000eef00000, 0x00000000eef00000|100%| E|CS|TAMS 0x00000000eee00000, 0x00000000eee00000| Complete 
| 239|0x00000000eef00000, 0x00000000ef000000, 0x00000000ef000000|100%| E|CS|TAMS 0x00000000eef00000, 0x00000000eef00000| Complete 
| 240|0x00000000ef000000, 0x00000000ef100000, 0x00000000ef100000|100%| E|CS|TAMS 0x00000000ef000000, 0x00000000ef000000| Complete 
| 241|0x00000000ef100000, 0x00000000ef200000, 0x00000000ef200000|100%| E|CS|TAMS 0x00000000ef100000, 0x00000000ef100000| Complete 
| 242|0x00000000ef200000, 0x00000000ef300000, 0x00000000ef300000|100%| E|CS|TAMS 0x00000000ef200000, 0x00000000ef200000| Complete 
| 243|0x00000000ef300000, 0x00000000ef400000, 0x00000000ef400000|100%| E|CS|TAMS 0x00000000ef300000, 0x00000000ef300000| Complete 
| 244|0x00000000ef400000, 0x00000000ef500000, 0x00000000ef500000|100%| E|CS|TAMS 0x00000000ef400000, 0x00000000ef400000| Complete 
| 245|0x00000000ef500000, 0x00000000ef600000, 0x00000000ef600000|100%| E|CS|TAMS 0x00000000ef500000, 0x00000000ef500000| Complete 
| 246|0x00000000ef600000, 0x00000000ef700000, 0x00000000ef700000|100%| E|CS|TAMS 0x00000000ef600000, 0x00000000ef600000| Complete 
| 247|0x00000000ef700000, 0x00000000ef800000, 0x00000000ef800000|100%| E|CS|TAMS 0x00000000ef700000, 0x00000000ef700000| Complete 
| 248|0x00000000ef800000, 0x00000000ef900000, 0x00000000ef900000|100%| E|CS|TAMS 0x00000000ef800000, 0x00000000ef800000| Complete 
| 249|0x00000000ef900000, 0x00000000efa00000, 0x00000000efa00000|100%| E|CS|TAMS 0x00000000ef900000, 0x00000000ef900000| Complete 
| 250|0x00000000efa00000, 0x00000000efb00000, 0x00000000efb00000|100%| E|CS|TAMS 0x00000000efa00000, 0x00000000efa00000| Complete 
| 251|0x00000000efb00000, 0x00000000efc00000, 0x00000000efc00000|100%| E|CS|TAMS 0x00000000efb00000, 0x00000000efb00000| Complete 
| 252|0x00000000efc00000, 0x00000000efd00000, 0x00000000efd00000|100%| E|CS|TAMS 0x00000000efc00000, 0x00000000efc00000| Complete 
| 253|0x00000000efd00000, 0x00000000efe00000, 0x00000000efe00000|100%| E|CS|TAMS 0x00000000efd00000, 0x00000000efd00000| Complete 
| 254|0x00000000efe00000, 0x00000000eff00000, 0x00000000eff00000|100%| E|CS|TAMS 0x00000000efe00000, 0x00000000efe00000| Complete 
| 255|0x00000000eff00000, 0x00000000f0000000, 0x00000000f0000000|100%| E|CS|TAMS 0x00000000eff00000, 0x00000000eff00000| Complete 

Card table byte_map: [0x00000215d89b0000,0x00000215d8ab0000] _byte_map_base: 0x00000215d82b0000

Marking Bits (Prev, Next): (CMBitMap*) 0x00000215c1aa7250, (CMBitMap*) 0x00000215c1aa7210
 Prev Bits: [0x00000215d93b0000, 0x00000215d9bb0000)
 Next Bits: [0x00000215d8bb0000, 0x00000215d93b0000)

Polling page: 0x00000215c1250000

Metaspace:

Usage:
  Non-class:     20.67 MB used.
      Class:      3.57 MB used.
       Both:     24.25 MB used.

Virtual space:
  Non-class space:       24.00 MB reserved,      20.88 MB ( 87%) committed,  3 nodes.
      Class space:      208.00 MB reserved,       3.75 MB (  2%) committed,  1 nodes.
             Both:      232.00 MB reserved,      24.63 MB ( 11%) committed. 

Chunk freelists:
   Non-Class:  2.95 MB
       Class:  288.00 KB
        Both:  3.23 MB

MaxMetaspaceSize: 256.00 MB
CompressedClassSpaceSize: 208.00 MB
Initial GC threshold: 21.00 MB
Current GC threshold: 35.31 MB
CDS: on
MetaspaceReclaimPolicy: balanced
 - commit_granule_bytes: 65536.
 - commit_granule_words: 8192.
 - virtual_space_node_default_size: 1048576.
 - enlarge_chunks_in_place: 1.
 - new_chunks_are_fully_committed: 0.
 - uncommit_free_chunks: 1.
 - use_allocation_guard: 0.
 - handle_deallocations: 1.


Internal statistics:

num_allocs_failed_limit: 3.
num_arena_births: 246.
num_arena_deaths: 0.
num_vsnodes_births: 4.
num_vsnodes_deaths: 0.
num_space_committed: 394.
num_space_uncommitted: 0.
num_chunks_returned_to_freelist: 3.
num_chunks_taken_from_freelist: 1146.
num_chunk_merges: 3.
num_chunk_splits: 774.
num_chunks_enlarged: 565.
num_purges: 0.
num_inconsistent_stats: 0.

CodeHeap 'non-profiled nmethods': size=120000Kb used=1430Kb max_used=1430Kb free=118569Kb
 bounds [0x00000215d1050000, 0x00000215d12c0000, 0x00000215d8580000]
CodeHeap 'profiled nmethods': size=120000Kb used=6221Kb max_used=6221Kb free=113779Kb
 bounds [0x00000215c9580000, 0x00000215c9ba0000, 0x00000215d0ab0000]
CodeHeap 'non-nmethods': size=5760Kb used=1229Kb max_used=1290Kb free=4531Kb
 bounds [0x00000215d0ab0000, 0x00000215d0d20000, 0x00000215d1050000]
 total_blobs=3499 nmethods=2961 adapters=450
 compilation: enabled
              stopped_count=0, restarted_count=0
 full_count=0

Compilation events (20 events):
Event: 11.961 Thread 0x00000215dc5c7b90 nmethod 2952 0x00000215c9b8a310 code [0x00000215c9b8a4e0, 0x00000215c9b8a938]
Event: 11.961 Thread 0x00000215dc5c7b90 2954       3       java.lang.ClassValue::getCacheCarefully (20 bytes)
Event: 11.962 Thread 0x00000215dc5c7b90 nmethod 2954 0x00000215c9b8aa90 code [0x00000215c9b8ac40, 0x00000215c9b8add8]
Event: 11.962 Thread 0x00000215dc5c7b90 2955       3       java.lang.ClassValue$ClassValueMap::probeHomeLocation (13 bytes)
Event: 11.962 Thread 0x00000215dc5c7b90 nmethod 2955 0x00000215c9b8ae90 code [0x00000215c9b8b040, 0x00000215c9b8b298]
Event: 11.962 Thread 0x00000215dc5c7b90 2956       3       java.lang.ClassValue$ClassValueMap::loadFromCache (9 bytes)
Event: 11.962 Thread 0x00000215dc5c7b90 nmethod 2956 0x00000215c9b8b410 code [0x00000215c9b8b5a0, 0x00000215c9b8b6b8]
Event: 11.962 Thread 0x00000215dc5c7b90 2957       3       java.lang.ClassValue::castEntry (2 bytes)
Event: 11.962 Thread 0x00000215dc5c7b90 nmethod 2957 0x00000215c9b8b790 code [0x00000215c9b8b920, 0x00000215c9b8ba38]
Event: 11.962 Thread 0x00000215dc5c7b90 2958       3       jdk.internal.reflect.Reflection::filter (163 bytes)
Event: 11.963 Thread 0x00000215dc5c7b90 nmethod 2958 0x00000215c9b8bb10 code [0x00000215c9b8bd80, 0x00000215c9b8cb28]
Event: 11.964 Thread 0x00000215dc5c7b90 2959       3       org.codehaus.groovy.util.FastArray::add (71 bytes)
Event: 11.965 Thread 0x00000215dc5c7b90 nmethod 2959 0x00000215c9b8cf10 code [0x00000215c9b8d0e0, 0x00000215c9b8d608]
Event: 11.965 Thread 0x00000215dc5c7b90 2960       3       java.lang.ClassValue::get (31 bytes)
Event: 11.966 Thread 0x00000215dc5c7b90 nmethod 2960 0x00000215c9b8d790 code [0x00000215c9b8d9c0, 0x00000215c9b8e2f8]
Event: 11.966 Thread 0x00000215dc5c7b90 2961       3       java.lang.ClassValue::match (21 bytes)
Event: 11.966 Thread 0x00000215dc5c7b90 nmethod 2961 0x00000215c9b8e690 code [0x00000215c9b8e820, 0x00000215c9b8ea98]
Event: 11.966 Thread 0x00000215dc5c7b90 2962       3       java.lang.ClassValue$Entry::value (9 bytes)
Event: 11.966 Thread 0x00000215dc5c7b90 nmethod 2962 0x00000215c9b8eb90 code [0x00000215c9b8ed20, 0x00000215c9b8ee98]
Event: 11.966 Thread 0x00000215dc5c7b90 2963       3       java.lang.ClassValue$Entry::assertNotPromise (22 bytes)

GC Heap History (6 events):
Event: 2.281 GC heap before
{Heap before GC invocations=0 (full 0):
 garbage-first heap   total 262144K, used 28672K [0x00000000e0000000, 0x0000000100000000)
  region size 1024K, 23 young (23552K), 0 survivors (0K)
 Metaspace       used 3003K, committed 3200K, reserved 221184K
  class space    used 381K, committed 448K, reserved 212992K
}
Event: 2.314 GC heap after
{Heap after GC invocations=1 (full 0):
 garbage-first heap   total 262144K, used 9000K [0x00000000e0000000, 0x0000000100000000)
  region size 1024K, 3 young (3072K), 3 survivors (3072K)
 Metaspace       used 3003K, committed 3200K, reserved 221184K
  class space    used 381K, committed 448K, reserved 212992K
}
Event: 3.566 GC heap before
{Heap before GC invocations=1 (full 0):
 garbage-first heap   total 262144K, used 39720K [0x00000000e0000000, 0x0000000100000000)
  region size 1024K, 32 young (32768K), 3 survivors (3072K)
 Metaspace       used 3921K, committed 4096K, reserved 221184K
  class space    used 478K, committed 576K, reserved 212992K
}
Event: 3.572 GC heap after
{Heap after GC invocations=2 (full 0):
 garbage-first heap   total 262144K, used 13390K [0x00000000e0000000, 0x0000000100000000)
  region size 1024K, 4 young (4096K), 4 survivors (4096K)
 Metaspace       used 3921K, committed 4096K, reserved 221184K
  class space    used 478K, committed 576K, reserved 212992K
}
Event: 10.887 GC heap before
{Heap before GC invocations=2 (full 0):
 garbage-first heap   total 262144K, used 113742K [0x00000000e0000000, 0x0000000100000000)
  region size 1024K, 103 young (105472K), 4 survivors (4096K)
 Metaspace       used 21246K, committed 21504K, reserved 237568K
  class space    used 3169K, committed 3264K, reserved 212992K
}
Event: 10.920 GC heap after
{Heap after GC invocations=3 (full 0):
 garbage-first heap   total 262144K, used 20593K [0x00000000e0000000, 0x0000000100000000)
  region size 1024K, 12 young (12288K), 12 survivors (12288K)
 Metaspace       used 21246K, committed 21504K, reserved 237568K
  class space    used 3169K, committed 3264K, reserved 212992K
}

Dll operation events (12 events):
Event: 0.016 Loaded shared library C:\Users\hp\.jdks\corretto-17.0.6\bin\java.dll
Event: 0.066 Loaded shared library C:\Users\hp\.jdks\corretto-17.0.6\bin\jsvml.dll
Event: 0.299 Loaded shared library C:\Users\hp\.jdks\corretto-17.0.6\bin\net.dll
Event: 0.303 Loaded shared library C:\Users\hp\.jdks\corretto-17.0.6\bin\nio.dll
Event: 0.317 Loaded shared library C:\Users\hp\.jdks\corretto-17.0.6\bin\zip.dll
Event: 1.255 Loaded shared library C:\Users\hp\.jdks\corretto-17.0.6\bin\jimage.dll
Event: 1.452 Loaded shared library C:\Users\hp\.jdks\corretto-17.0.6\bin\verify.dll
Event: 1.920 Loaded shared library C:\Users\hp\.gradle\native\e1d6ef7f7dcc3fd88c89a11ec53ec762bb8ba0a96d01ffa2cd45eb1d1d8dd5c5\windows-amd64\native-platform.dll
Event: 1.936 Loaded shared library C:\Users\hp\.gradle\native\0d407fdbe67a94daf76414ababcb853783967236a71b16ec16e742cd7a986fd3\windows-amd64\native-platform-file-events.dll
Event: 4.281 Loaded shared library C:\Users\hp\.jdks\corretto-17.0.6\bin\management.dll
Event: 4.287 Loaded shared library C:\Users\hp\.jdks\corretto-17.0.6\bin\management_ext.dll
Event: 6.370 Loaded shared library C:\Users\hp\.jdks\corretto-17.0.6\bin\sunmscapi.dll

Deoptimization events (20 events):
Event: 8.685 Thread 0x00000215de7b3830 Uncommon trap: trap_request=0xffffff45 fr.pc=0x00000215d1151b30 relative=0x00000000000003f0
Event: 8.685 Thread 0x00000215de7b3830 Uncommon trap: reason=unstable_if action=reinterpret pc=0x00000215d1151b30 method=java.util.concurrent.ConcurrentHashMap.get(Ljava/lang/Object;)Ljava/lang/Object; @ 152 c2
Event: 8.685 Thread 0x00000215de7b3830 DEOPT PACKING pc=0x00000215d1151b30 sp=0x0000006f7faf9e50
Event: 8.685 Thread 0x00000215de7b3830 DEOPT UNPACKING pc=0x00000215d0b069a3 sp=0x0000006f7faf9db8 mode 2
Event: 10.303 Thread 0x00000215de7b3830 Uncommon trap: trap_request=0xffffff45 fr.pc=0x00000215d10b7018 relative=0x00000000000004d8
Event: 10.303 Thread 0x00000215de7b3830 Uncommon trap: reason=unstable_if action=reinterpret pc=0x00000215d10b7018 method=java.util.HashMap.hash(Ljava/lang/Object;)I @ 1 c2
Event: 10.303 Thread 0x00000215de7b3830 DEOPT PACKING pc=0x00000215d10b7018 sp=0x0000006f7faf7bd0
Event: 10.303 Thread 0x00000215de7b3830 DEOPT UNPACKING pc=0x00000215d0b069a3 sp=0x0000006f7faf7a78 mode 2
Event: 11.629 Thread 0x00000215de7b3830 Uncommon trap: trap_request=0xffffff45 fr.pc=0x00000215d115eba0 relative=0x0000000000006520
Event: 11.629 Thread 0x00000215de7b3830 Uncommon trap: reason=unstable_if action=reinterpret pc=0x00000215d115eba0 method=java.lang.ClassLoader.getClassLoadingLock(Ljava/lang/String;)Ljava/lang/Object; @ 6 c2
Event: 11.629 Thread 0x00000215de7b3830 DEOPT PACKING pc=0x00000215d115eba0 sp=0x0000006f7faf8810
Event: 11.629 Thread 0x00000215de7b3830 DEOPT UNPACKING pc=0x00000215d0b069a3 sp=0x0000006f7faf8840 mode 2
Event: 11.632 Thread 0x00000215de7b3830 Uncommon trap: trap_request=0xffffff45 fr.pc=0x00000215d114008c relative=0x00000000000000ec
Event: 11.632 Thread 0x00000215de7b3830 Uncommon trap: reason=unstable_if action=reinterpret pc=0x00000215d114008c method=java.lang.ClassLoader.getClassLoadingLock(Ljava/lang/String;)Ljava/lang/Object; @ 6 c2
Event: 11.632 Thread 0x00000215de7b3830 DEOPT PACKING pc=0x00000215d114008c sp=0x0000006f7faf8ad0
Event: 11.632 Thread 0x00000215de7b3830 DEOPT UNPACKING pc=0x00000215d0b069a3 sp=0x0000006f7faf8a70 mode 2
Event: 11.632 Thread 0x00000215de7b3830 Uncommon trap: trap_request=0xffffff45 fr.pc=0x00000215d11a2014 relative=0x00000000000007b4
Event: 11.632 Thread 0x00000215de7b3830 Uncommon trap: reason=unstable_if action=reinterpret pc=0x00000215d11a2014 method=java.lang.Class.getPackageName()Ljava/lang/String; @ 55 c2
Event: 11.632 Thread 0x00000215de7b3830 DEOPT PACKING pc=0x00000215d11a2014 sp=0x0000006f7faf9ff0
Event: 11.632 Thread 0x00000215de7b3830 DEOPT UNPACKING pc=0x00000215d0b069a3 sp=0x0000006f7faf9fb0 mode 2

Classes unloaded (0 events):
No events

Classes redefined (0 events):
No events

Internal exceptions (20 events):
Event: 10.405 Thread 0x00000215de7b3830 Exception <a 'java/lang/NoSuchMethodError'{0x00000000ea26fc48}: 'java.lang.Object java.lang.invoke.DirectMethodHandle$Holder.invokeSpecial(java.lang.Object, java.lang.Object, java.lang.Object, java.lang.Object, java.lang.Object, java.lang.Object, java.lang.Object, java.lang.Object, java.lang.Object, java.lang.Object, java.lang.Object, java.lang.Object, java.lang.Object)'> (0x00000000ea26fc48) 
thrown [s\src\hotspot\share\interpreter\linkResolver.cpp, line 759]
Event: 10.407 Thread 0x00000215de7b3830 Exception <a 'java/lang/NoSuchMethodError'{0x00000000ea2816c8}: 'java.lang.Object java.lang.invoke.DirectMethodHandle$Holder.newInvokeSpecial(java.lang.Object, java.lang.Object, java.lang.Object, java.lang.Object, java.lang.Object, java.lang.Object, java.lang.Object, java.lang.Object, java.lang.Object, java.lang.Object, java.lang.Object)'> (0x00000000ea2816c8) 
thrown [s\src\hotspot\share\interpreter\linkResolver.cpp, line 759]
Event: 10.407 Thread 0x00000215de7b3830 Exception <a 'java/lang/NoSuchMethodError'{0x00000000ea2872f8}: 'java.lang.Object java.lang.invoke.DirectMethodHandle$Holder.invokeSpecial(java.lang.Object, java.lang.Object, java.lang.Object, java.lang.Object, java.lang.Object, java.lang.Object, java.lang.Object, java.lang.Object, java.lang.Object, java.lang.Object, java.lang.Object, java.lang.Object)'> (0x00000000ea2872f8) 
thrown [s\src\hotspot\share\interpreter\linkResolver.cpp, line 759]
Event: 10.420 Thread 0x00000215de7b3830 Exception <a 'java/lang/NoSuchMethodError'{0x00000000ea28c6e8}: 'java.lang.Object java.lang.invoke.Invokers$Holder.linkToTargetMethod(java.lang.Object, java.lang.Object, java.lang.Object, java.lang.Object, java.lang.Object, java.lang.Object, java.lang.Object, java.lang.Object, java.lang.Object, java.lang.Object, java.lang.Object)'> (0x00000000ea28c6e8) 
thrown [s\src\hotspot\share\interpreter\linkResolver.cpp, line 759]
Event: 10.434 Thread 0x00000215de7b3830 Exception <a 'java/lang/NoSuchMethodError'{0x00000000ea2d3580}: 'java.lang.Object java.lang.invoke.DirectMethodHandle$Holder.invokeSpecial(java.lang.Object, java.lang.Object, java.lang.Object, java.lang.Object, java.lang.Object, java.lang.Object, java.lang.Object, java.lang.Object, java.lang.Object, java.lang.Object, java.lang.Object, java.lang.Object, java.lang.Object, java.lang.Object)'> (0x00000000ea2d3580) 
thrown [s\src\hotspot\share\interpreter\linkResolver.cpp, line 759]
Event: 10.436 Thread 0x00000215de7b3830 Exception <a 'java/lang/NoSuchMethodError'{0x00000000ea2e5950}: 'java.lang.Object java.lang.invoke.DirectMethodHandle$Holder.newInvokeSpecial(java.lang.Object, java.lang.Object, java.lang.Object, java.lang.Object, java.lang.Object, java.lang.Object, java.lang.Object, java.lang.Object, java.lang.Object, java.lang.Object, java.lang.Object, java.lang.Object)'> (0x00000000ea2e5950) 
thrown [s\src\hotspot\share\interpreter\linkResolver.cpp, line 759]
Event: 10.437 Thread 0x00000215de7b3830 Exception <a 'java/lang/NoSuchMethodError'{0x00000000ea2eb040}: 'java.lang.Object java.lang.invoke.Invokers$Holder.linkToTargetMethod(java.lang.Object, java.lang.Object, java.lang.Object, java.lang.Object, java.lang.Object, java.lang.Object, java.lang.Object, java.lang.Object, java.lang.Object, java.lang.Object, java.lang.Object, java.lang.Object)'> (0x00000000ea2eb040) 
thrown [s\src\hotspot\share\interpreter\linkResolver.cpp, line 759]
Event: 10.496 Thread 0x00000215de7b3830 Exception <a 'java/lang/NoSuchMethodError'{0x00000000ea17ed58}: 'java.lang.Object java.lang.invoke.DirectMethodHandle$Holder.invokeStaticInit(java.lang.Object, java.lang.Object, java.lang.Object, java.lang.Object)'> (0x00000000ea17ed58) 
thrown [s\src\hotspot\share\interpreter\linkResolver.cpp, line 759]
Event: 10.767 Thread 0x00000215de7b3830 Exception <a 'java/lang/NoSuchMethodError'{0x00000000e9b2a0a0}: 'java.lang.Object java.lang.invoke.DirectMethodHandle$Holder.newInvokeSpecial(java.lang.Object, java.lang.Object, java.lang.Object, java.lang.Object, java.lang.Object, java.lang.Object, java.lang.Object, java.lang.Object)'> (0x00000000e9b2a0a0) 
thrown [s\src\hotspot\share\interpreter\linkResolver.cpp, line 759]
Event: 10.768 Thread 0x00000215de7b3830 Exception <a 'java/lang/NoSuchMethodError'{0x00000000e9b2fe80}: 'java.lang.Object java.lang.invoke.Invokers$Holder.linkToTargetMethod(java.lang.Object, java.lang.Object, java.lang.Object, java.lang.Object, java.lang.Object, java.lang.Object, java.lang.Object, java.lang.Object)'> (0x00000000e9b2fe80) 
thrown [s\src\hotspot\share\interpreter\linkResolver.cpp, line 759]
Event: 10.777 Thread 0x00000215de7b3830 Exception <a 'java/lang/NoSuchMethodError'{0x00000000e9b66f90}: 'java.lang.Object java.lang.invoke.DirectMethodHandle$Holder.newInvokeSpecial(java.lang.Object, java.lang.Object, java.lang.Object, java.lang.Object, java.lang.Object, java.lang.Object, java.lang.Object)'> (0x00000000e9b66f90) 
thrown [s\src\hotspot\share\interpreter\linkResolver.cpp, line 759]
Event: 10.778 Thread 0x00000215de7b3830 Exception <a 'java/lang/NoSuchMethodError'{0x00000000e9b6c1b0}: 'java.lang.Object java.lang.invoke.Invokers$Holder.linkToTargetMethod(java.lang.Object, java.lang.Object, java.lang.Object, java.lang.Object, java.lang.Object, java.lang.Object, java.lang.Object)'> (0x00000000e9b6c1b0) 
thrown [s\src\hotspot\share\interpreter\linkResolver.cpp, line 759]
Event: 10.788 Thread 0x00000215de7b3830 Exception <a 'java/lang/IncompatibleClassChangeError'{0x00000000e9bac4e0}: Found class java.lang.Object, but interface was expected> (0x00000000e9bac4e0) 
thrown [s\src\hotspot\share\interpreter\linkResolver.cpp, line 826]
Event: 11.496 Thread 0x00000215de7b3830 Exception <a 'java/lang/NoSuchMethodError'{0x00000000ef666380}: 'java.lang.Object java.lang.invoke.DirectMethodHandle$Holder.invokeStatic(java.lang.Object, java.lang.Object, int, java.lang.Object)'> (0x00000000ef666380) 
thrown [s\src\hotspot\share\interpreter\linkResolver.cpp, line 759]
Event: 11.497 Thread 0x00000215de7b3830 Exception <a 'java/lang/NoSuchMethodError'{0x00000000ef66e030}: 'java.lang.Object java.lang.invoke.DirectMethodHandle$Holder.newInvokeSpecial(java.lang.Object, java.lang.Object, int, java.lang.Object)'> (0x00000000ef66e030) 
thrown [s\src\hotspot\share\interpreter\linkResolver.cpp, line 759]
Event: 11.498 Thread 0x00000215de7b3830 Exception <a 'java/lang/NoSuchMethodError'{0x00000000ef672918}: 'java.lang.Object java.lang.invoke.DirectMethodHandle$Holder.invokeSpecial(java.lang.Object, java.lang.Object, java.lang.Object, int, java.lang.Object)'> (0x00000000ef672918) 
thrown [s\src\hotspot\share\interpreter\linkResolver.cpp, line 759]
Event: 11.896 Thread 0x00000215de7b3830 Exception <a 'java/lang/NoSuchMethodError'{0x00000000eeff1d50}: 'void java.lang.invoke.DirectMethodHandle$Holder.invokeStaticInit(java.lang.Object, java.lang.Object, java.lang.Object)'> (0x00000000eeff1d50) 
thrown [s\src\hotspot\share\interpreter\linkResolver.cpp, line 759]
Event: 11.900 Thread 0x00000215de7b3830 Exception <a 'java/lang/NoSuchMethodError'{0x00000000eeff9250}: 'void java.lang.invoke.DirectMethodHandle$Holder.invokeStaticInit(java.lang.Object, java.lang.Object, java.lang.Object, java.lang.Object)'> (0x00000000eeff9250) 
thrown [s\src\hotspot\share\interpreter\linkResolver.cpp, line 759]
Event: 11.905 Thread 0x00000215de7b3830 Exception <a 'java/lang/NoSuchMethodError'{0x00000000eee1c218}: 'void java.lang.invoke.DirectMethodHandle$Holder.invokeStaticInit(java.lang.Object, java.lang.Object, java.lang.Object, java.lang.Object, java.lang.Object)'> (0x00000000eee1c218) 
thrown [s\src\hotspot\share\interpreter\linkResolver.cpp, line 759]
Event: 11.937 Thread 0x00000215de7b3830 Exception <a 'java/lang/NoSuchMethodError'{0x00000000eee8eda0}: 'int java.lang.invoke.DirectMethodHandle$Holder.invokeStaticInit(java.lang.Object, java.lang.Object, java.lang.Object, java.lang.Object)'> (0x00000000eee8eda0) 
thrown [s\src\hotspot\share\interpreter\linkResolver.cpp, line 759]

VM Operations (20 events):
Event: 9.945 Executing VM operation: Cleanup
Event: 9.945 Executing VM operation: Cleanup done
Event: 10.308 Executing VM operation: HandshakeAllThreads
Event: 10.308 Executing VM operation: HandshakeAllThreads done
Event: 10.887 Executing VM operation: CollectForMetadataAllocation
Event: 10.922 Executing VM operation: CollectForMetadataAllocation done
Event: 10.951 Executing VM operation: G1Concurrent
Event: 10.992 Executing VM operation: G1Concurrent done
Event: 10.995 Executing VM operation: G1Concurrent
Event: 11.011 Executing VM operation: G1Concurrent done
Event: 11.177 Executing VM operation: HandshakeAllThreads
Event: 11.177 Executing VM operation: HandshakeAllThreads done
Event: 11.556 Executing VM operation: HandshakeAllThreads
Event: 11.556 Executing VM operation: HandshakeAllThreads done
Event: 11.558 Executing VM operation: HandshakeAllThreads
Event: 11.558 Executing VM operation: HandshakeAllThreads done
Event: 11.763 Executing VM operation: HandshakeAllThreads
Event: 11.763 Executing VM operation: HandshakeAllThreads done
Event: 11.763 Executing VM operation: HandshakeAllThreads
Event: 11.763 Executing VM operation: HandshakeAllThreads done

Events (20 events):
Event: 11.664 loading class java/util/stream/IntPipeline$1$1
Event: 11.664 loading class java/util/stream/IntPipeline$1$1 done
Event: 11.694 loading class java/util/EventListener
Event: 11.694 loading class java/util/EventListener done
Event: 11.706 loading class java/util/BitSet
Event: 11.708 loading class java/util/BitSet done
Event: 11.715 loading class java/util/TimerTask
Event: 11.716 loading class java/util/TimerTask done
Event: 11.716 loading class java/util/Timer
Event: 11.716 loading class java/util/Timer done
Event: 11.717 loading class java/lang/Process
Event: 11.718 loading class java/lang/Process done
Event: 11.762 loading class java/security/AccessControlException
Event: 11.763 loading class java/security/AccessControlException done
Event: 11.870 loading class java/lang/reflect/MalformedParameterizedTypeException
Event: 11.870 loading class java/lang/reflect/MalformedParameterizedTypeException done
Event: 11.882 loading class java/lang/IllegalCallerException
Event: 11.882 loading class java/lang/IllegalCallerException done
Event: 11.963 loading class java/lang/ClassFormatError
Event: 11.964 loading class java/lang/ClassFormatError done


Dynamic libraries:
0x00007ff7ffcc0000 - 0x00007ff7ffccd000 	C:\Users\hp\.jdks\corretto-17.0.6\bin\java.exe
0x00007ffd230b0000 - 0x00007ffd232a8000 	C:\Windows\SYSTEM32\ntdll.dll
0x00007ffd22020000 - 0x00007ffd220df000 	C:\Windows\System32\KERNEL32.DLL
0x00007ffd20a10000 - 0x00007ffd20ce2000 	C:\Windows\System32\KERNELBASE.dll
0x00007ffd20910000 - 0x00007ffd20a10000 	C:\Windows\System32\ucrtbase.dll
0x00007ffd0e150000 - 0x00007ffd0e167000 	C:\Users\hp\.jdks\corretto-17.0.6\bin\jli.dll
0x00007ffd22860000 - 0x00007ffd22a01000 	C:\Windows\System32\USER32.dll
0x00007ffd20f90000 - 0x00007ffd20fb2000 	C:\Windows\System32\win32u.dll
0x00007ffd21620000 - 0x00007ffd2164b000 	C:\Windows\System32\GDI32.dll
0x00007ffd20e80000 - 0x00007ffd20f8f000 	C:\Windows\System32\gdi32full.dll
0x00007ffd20870000 - 0x00007ffd2090d000 	C:\Windows\System32\msvcp_win.dll
0x00007ffd053d0000 - 0x00007ffd0566a000 	C:\Windows\WinSxS\amd64_microsoft.windows.common-controls_6595b64144ccf1df_6.0.19041.1110_none_60b5254171f9507e\COMCTL32.dll
0x00007ffd21e20000 - 0x00007ffd21ebe000 	C:\Windows\System32\msvcrt.dll
0x00007ffd0e270000 - 0x00007ffd0e285000 	C:\Users\hp\.jdks\corretto-17.0.6\bin\VCRUNTIME140.dll
0x00007ffd22e80000 - 0x00007ffd22eb2000 	C:\Windows\System32\IMM32.DLL
0x00007ffcdbd00000 - 0x00007ffcdbd9b000 	C:\Users\hp\.jdks\corretto-17.0.6\bin\msvcp140.dll
0x00007ffca51f0000 - 0x00007ffca5e08000 	C:\Users\hp\.jdks\corretto-17.0.6\bin\server\jvm.dll
0x00007ffd21170000 - 0x00007ffd2121e000 	C:\Windows\System32\ADVAPI32.dll
0x00007ffd210c0000 - 0x00007ffd2115c000 	C:\Windows\System32\sechost.dll
0x00007ffd21c10000 - 0x00007ffd21d35000 	C:\Windows\System32\RPCRT4.dll
0x00007ffd074b0000 - 0x00007ffd074b9000 	C:\Windows\SYSTEM32\WSOCK32.dll
0x00007ffd21ba0000 - 0x00007ffd21c0b000 	C:\Windows\System32\WS2_32.dll
0x00007ffd1a030000 - 0x00007ffd1a03a000 	C:\Windows\SYSTEM32\VERSION.dll
0x00007ffd05bc0000 - 0x00007ffd05be7000 	C:\Windows\SYSTEM32\WINMM.dll
0x00007ffd1e5f0000 - 0x00007ffd1e602000 	C:\Windows\SYSTEM32\kernel.appcore.dll
0x00007ffd14290000 - 0x00007ffd1429a000 	C:\Users\hp\.jdks\corretto-17.0.6\bin\jimage.dll
0x00007ffd16400000 - 0x00007ffd165e4000 	C:\Windows\SYSTEM32\DBGHELP.DLL
0x00007ffd161f0000 - 0x00007ffd16225000 	C:\Windows\SYSTEM32\dbgcore.DLL
0x00007ffd20fc0000 - 0x00007ffd21042000 	C:\Windows\System32\bcryptPrimitives.dll
0x00007ffd09050000 - 0x00007ffd09075000 	C:\Users\hp\.jdks\corretto-17.0.6\bin\java.dll
0x00007ffcdbc20000 - 0x00007ffcdbcf6000 	C:\Users\hp\.jdks\corretto-17.0.6\bin\jsvml.dll
0x00007ffd220e0000 - 0x00007ffd22825000 	C:\Windows\System32\SHELL32.dll
0x00007ffd1e7f0000 - 0x00007ffd1ef82000 	C:\Windows\SYSTEM32\windows.storage.dll
0x00007ffd21650000 - 0x00007ffd219a5000 	C:\Windows\System32\combase.dll
0x00007ffd201d0000 - 0x00007ffd20200000 	C:\Windows\SYSTEM32\Wldp.dll
0x00007ffd22f90000 - 0x00007ffd2303d000 	C:\Windows\System32\SHCORE.dll
0x00007ffd21a90000 - 0x00007ffd21ae5000 	C:\Windows\System32\shlwapi.dll
0x00007ffd206b0000 - 0x00007ffd206cf000 	C:\Windows\SYSTEM32\profapi.dll
0x00007ffcff380000 - 0x00007ffcff399000 	C:\Users\hp\.jdks\corretto-17.0.6\bin\net.dll
0x00007ffd165f0000 - 0x00007ffd166fc000 	C:\Windows\SYSTEM32\WINHTTP.dll
0x00007ffd1ff30000 - 0x00007ffd1ff9a000 	C:\Windows\system32\mswsock.dll
0x00007ffcfbd20000 - 0x00007ffcfbd35000 	C:\Users\hp\.jdks\corretto-17.0.6\bin\nio.dll
0x00007ffce9880000 - 0x00007ffce9898000 	C:\Users\hp\.jdks\corretto-17.0.6\bin\zip.dll
0x00007ffd0e0f0000 - 0x00007ffd0e100000 	C:\Users\hp\.jdks\corretto-17.0.6\bin\verify.dll
0x00007ffd142b0000 - 0x00007ffd142d7000 	C:\Users\hp\.gradle\native\e1d6ef7f7dcc3fd88c89a11ec53ec762bb8ba0a96d01ffa2cd45eb1d1d8dd5c5\windows-amd64\native-platform.dll
0x00007ffcd9b00000 - 0x00007ffcd9c44000 	C:\Users\hp\.gradle\native\0d407fdbe67a94daf76414ababcb853783967236a71b16ec16e742cd7a986fd3\windows-amd64\native-platform-file-events.dll
0x00007ffd1abc0000 - 0x00007ffd1abc9000 	C:\Users\hp\.jdks\corretto-17.0.6\bin\management.dll
0x00007ffd1abb0000 - 0x00007ffd1abbb000 	C:\Users\hp\.jdks\corretto-17.0.6\bin\management_ext.dll
0x00007ffd21160000 - 0x00007ffd21168000 	C:\Windows\System32\PSAPI.DLL
0x00007ffd20130000 - 0x00007ffd20148000 	C:\Windows\SYSTEM32\CRYPTSP.dll
0x00007ffd1f7a0000 - 0x00007ffd1f7d4000 	C:\Windows\system32\rsaenh.dll
0x00007ffd20cf0000 - 0x00007ffd20d17000 	C:\Windows\System32\bcrypt.dll
0x00007ffd20670000 - 0x00007ffd2069e000 	C:\Windows\SYSTEM32\USERENV.dll
0x00007ffd20120000 - 0x00007ffd2012c000 	C:\Windows\SYSTEM32\CRYPTBASE.dll
0x00007ffd1fba0000 - 0x00007ffd1fbdb000 	C:\Windows\SYSTEM32\IPHLPAPI.DLL
0x00007ffd21fb0000 - 0x00007ffd21fb8000 	C:\Windows\System32\NSI.dll
0x00007ffd19f60000 - 0x00007ffd19f77000 	C:\Windows\SYSTEM32\dhcpcsvc6.DLL
0x00007ffd1ab00000 - 0x00007ffd1ab1d000 	C:\Windows\SYSTEM32\dhcpcsvc.DLL
0x00007ffd1fc00000 - 0x00007ffd1fccb000 	C:\Windows\SYSTEM32\DNSAPI.dll
0x00007ffd0e390000 - 0x00007ffd0e39e000 	C:\Users\hp\.jdks\corretto-17.0.6\bin\sunmscapi.dll
0x00007ffd20d20000 - 0x00007ffd20e76000 	C:\Windows\System32\CRYPT32.dll
0x00007ffd20240000 - 0x00007ffd20267000 	C:\Windows\SYSTEM32\ncrypt.dll
0x00007ffd20200000 - 0x00007ffd2023b000 	C:\Windows\SYSTEM32\NTASN1.dll
0x00007ffcbf7d0000 - 0x00007ffcbf7d7000 	C:\Windows\system32\wshunix.dll

dbghelp: loaded successfully - version: 4.0.5 - missing functions: none
symbol engine: initialized successfully - sym options: 0x614 - pdb path: .;C:\Users\hp\.jdks\corretto-17.0.6\bin;C:\Windows\SYSTEM32;C:\Windows\WinSxS\amd64_microsoft.windows.common-controls_6595b64144ccf1df_6.0.19041.1110_none_60b5254171f9507e;C:\Users\hp\.jdks\corretto-17.0.6\bin\server;C:\Users\hp\.gradle\native\e1d6ef7f7dcc3fd88c89a11ec53ec762bb8ba0a96d01ffa2cd45eb1d1d8dd5c5\windows-amd64;C:\Users\hp\.gradle\native\0d407fdbe67a94daf76414ababcb853783967236a71b16ec16e742cd7a986fd3\windows-amd64

VM Arguments:
jvm_args: --add-opens=java.base/java.util=ALL-UNNAMED --add-opens=java.base/java.lang=ALL-UNNAMED --add-opens=java.base/java.lang.invoke=ALL-UNNAMED --add-opens=java.base/java.util=ALL-UNNAMED --add-opens=java.prefs/java.util.prefs=ALL-UNNAMED --add-opens=java.prefs/java.util.prefs=ALL-UNNAMED --add-opens=java.base/java.nio.charset=ALL-UNNAMED --add-opens=java.base/java.net=ALL-UNNAMED --add-opens=java.base/java.util.concurrent.atomic=ALL-UNNAMED -XX:MaxMetaspaceSize=256m -XX:+HeapDumpOnOutOfMemoryError -Xms256m -Xmx512m -Dfile.encoding=windows-1250 -Duser.country=CZ -Duser.language=cs -Duser.variant 
java_command: org.gradle.launcher.daemon.bootstrap.GradleDaemon 7.4.2
java_class_path (initial): C:\Users\hp\.gradle\wrapper\dists\gradle-7.4.2-bin\48ivgl02cpt2ed3fh9dbalvx8\gradle-7.4.2\lib\gradle-launcher-7.4.2.jar
Launcher Type: SUN_STANDARD

[Global flags]
     intx CICompilerCount                          = 4                                         {product} {ergonomic}
   size_t CompressedClassSpaceSize                 = 218103808                                 {product} {ergonomic}
     uint ConcGCThreads                            = 2                                         {product} {ergonomic}
     uint G1ConcRefinementThreads                  = 8                                         {product} {ergonomic}
   size_t G1HeapRegionSize                         = 1048576                                   {product} {ergonomic}
    uintx GCDrainStackTargetSize                   = 64                                        {product} {ergonomic}
     bool HeapDumpOnOutOfMemoryError               = true                                   {manageable} {command line}
   size_t InitialHeapSize                          = 268435456                                 {product} {command line}
   size_t MarkStackSize                            = 4194304                                   {product} {ergonomic}
   size_t MaxHeapSize                              = 536870912                                 {product} {command line}
   size_t MaxMetaspaceSize                         = 268435456                                 {product} {command line}
   size_t MaxNewSize                               = 321912832                                 {product} {ergonomic}
   size_t MinHeapDeltaBytes                        = 1048576                                   {product} {ergonomic}
   size_t MinHeapSize                              = 268435456                                 {product} {command line}
    uintx NonNMethodCodeHeapSize                   = 5839372                                {pd product} {ergonomic}
    uintx NonProfiledCodeHeapSize                  = 122909434                              {pd product} {ergonomic}
    uintx ProfiledCodeHeapSize                     = 122909434                              {pd product} {ergonomic}
    uintx ReservedCodeCacheSize                    = 251658240                              {pd product} {ergonomic}
     bool SegmentedCodeCache                       = true                                      {product} {ergonomic}
   size_t SoftMaxHeapSize                          = 536870912                              {manageable} {ergonomic}
     bool UseCompressedClassPointers               = true                           {product lp64_product} {ergonomic}
     bool UseCompressedOops                        = true                           {product lp64_product} {ergonomic}
     bool UseG1GC                                  = true                                      {product} {ergonomic}
     bool UseLargePagesIndividualAllocation        = false                                  {pd product} {ergonomic}

Logging:
Log output configuration:
 #0: stdout all=warning uptime,level,tags
 #1: stderr all=off uptime,level,tags

Environment Variables:
PATH=C:\Program Files\Microsoft\jdk-11.0.12.7-hotspot\bin;C:\Program Files (x86)\Common Files\Oracle\Java\javapath;C:\Windows\system32;C:\Windows;C:\Windows\System32\Wbem;C:\Windows\System32\WindowsPowerShell\v1.0\;C:\Windows\System32\OpenSSH\;C:\Program Files\Microsoft SQL Server\Client SDK\ODBC\170\Tools\Binn\;C:\Program Files (x86)\Microsoft SQL Server\150\Tools\Binn\;C:\Program Files\Microsoft SQL Server\150\Tools\Binn\;C:\Program Files\Microsoft SQL Server\150\DTS\Binn\;C:\Program Files (x86)\Microsoft SQL Server\150\DTS\Binn\;C:\Program Files\Azure Data Studio\bin;C:\Program Files\Git\cmd;C:\Program Files\dotnet\;C:\Users\hp\AppData\Local\Programs\Python\Python39\Scripts\;C:\Users\hp\AppData\Local\Programs\Python\Python39\;C:\Users\hp\AppData\Local\Microsoft\WindowsApps;C:\Users\hp\AppData\Local\Programs\Microsoft VS Code\bin;C:\Users\hp\.dotnet\tools;C:\Users\hp\AppData\Local\JetBrains\Toolbox\scripts
USERNAME=hp
OS=Windows_NT
PROCESSOR_IDENTIFIER=Intel64 Family 6 Model 142 Stepping 10, GenuineIntel
TMP=C:\Users\hp\AppData\Local\Temp
TEMP=C:\Users\hp\AppData\Local\Temp



---------------  S Y S T E M  ---------------

OS:
 Windows 10 , 64 bit Build 19041 (10.0.19041.2546)
OS uptime: 3 days 6:56 hours
Hyper-V role detected

CPU: total 8 (initial active 8) (4 cores per cpu, 2 threads per core) family 6 model 142 stepping 10 microcode 0xea, cx8, cmov, fxsr, ht, mmx, 3dnowpref, sse, sse2, sse3, ssse3, sse4.1, sse4.2, popcnt, lzcnt, tsc, tscinvbit, avx, avx2, aes, erms, clmul, bmi1, bmi2, adx, fma, vzeroupper, clflush, clflushopt, hv

Memory: 4k page, system-wide physical 6024M (312M free)
TotalPageFile size 24456M (AvailPageFile size 3M)
current process WorkingSet (physical memory assigned to process): 229M, peak: 229M
current process commit charge ("private bytes"): 413M, peak: 416M

vm_info: OpenJDK 64-Bit Server VM (17.0.6+10-LTS) for windows-amd64 JRE (17.0.6+10-LTS), built on Jan 13 2023 22:57:04 by "Administrator" with MS VC++ 15.9 (VS2017)

END.
