#
# There is insufficient memory for the Java Runtime Environment to continue.
# Native memory allocation (mmap) failed to map 100663296 bytes for G1 virtual space
# Possible reasons:
#   The system is out of physical RAM or swap space
#   The process is running with CompressedOops enabled, and the Java Heap may be blocking the growth of the native heap
# Possible solutions:
#   Reduce memory load on the system
#   Increase physical memory or swap space
#   Check if swap backing store is full
#   Decrease Java heap size (-Xmx/-Xms)
#   Decrease number of Java threads
#   Decrease Java thread stack sizes (-Xss)
#   Set larger code cache with -XX:ReservedCodeCacheSize=
#   JVM is running with Unscaled Compressed Oops mode in which the Java heap is
#     placed in the first 4GB address space. The Java Heap base address is the
#     maximum limit for the native heap growth. Please use -XX:HeapBaseMinAddress
#     to set the Java Heap base and to place the Java Heap above 4GB virtual address.
# This output file may be truncated or incomplete.
#
#  Out of Memory Error (os_windows.cpp:3557), pid=14868, tid=13732
#
# JRE version:  (17.0.6+10) (build )
# Java VM: OpenJDK 64-Bit Server VM (17.0.6+10-LTS, mixed mode, sharing, tiered, compressed oops, compressed class ptrs, g1 gc, windows-amd64)
# No core dump will be written. Minidumps are not enabled by default on client versions of Windows
#

---------------  S U M M A R Y ------------

Command Line: -Dfile.encoding=windows-1250 -Duser.country=CZ -Duser.language=cs -Duser.variant cz.czechitas.java.ukol01.HlavniProgram

Host: Intel(R) Core(TM) i5-8250U CPU @ 1.60GHz, 8 cores, 5G,  Windows 10 , 64 bit Build 19041 (10.0.19041.2546)
Time: Sun Feb 19 16:36:45 2023 Stindows 10 , 64 bit Build 19041 (10.0.19041.2546) elapsed time: 0.041216 seconds (0d 0h 0m 0s)

---------------  T H R E A D  ---------------

Current thread (0x000001c342893fd0):  JavaThread "Unknown thread" [_thread_in_vm, id=13732, stack(0x0000000bfd300000,0x0000000bfd400000)]

Stack: [0x0000000bfd300000,0x0000000bfd400000]
Native frames: (J=compiled Java code, j=interpreted, Vv=VM code, C=native code)
V  [jvm.dll+0x64b39a]
V  [jvm.dll+0x7ff044]
V  [jvm.dll+0x8007fe]
V  [jvm.dll+0x800e53]
V  [jvm.dll+0x235848]
V  [jvm.dll+0x6482fa]
V  [jvm.dll+0x63ca0a]
V  [jvm.dll+0x2f3d59]
V  [jvm.dll+0x2faee6]
V  [jvm.dll+0x34755a]
V  [jvm.dll+0x34779f]
V  [jvm.dll+0x2ca128]
V  [jvm.dll+0x2cb0b9]
V  [jvm.dll+0x7d2751]
V  [jvm.dll+0x354a21]
V  [jvm.dll+0x7b2c9e]
V  [jvm.dll+0x3d16c3]
V  [jvm.dll+0x3d30c1]
C  [jli.dll+0x519f]
C  [ucrtbase.dll+0x21bb2]
C  [KERNEL32.DLL+0x17614]
C  [ntdll.dll+0x526a1]


---------------  P R O C E S S  ---------------

Threads class SMR info:
_java_thread_list=0x00007ffca5cdb858, length=0, elements={
}

Java Threads: ( => current thread )

Other Threads:
  0x000001c3428e09d0 GCTaskThread "GC Thread#0" [stack: 0x0000000bfd400000,0x0000000bfd500000] [id=15648]
  0x000001c3428ed590 ConcurrentGCThread "G1 Main Marker" [stack: 0x0000000bfd500000,0x0000000bfd600000] [id=26668]
  0x000001c3428eefb0 ConcurrentGCThread "G1 Conc#0" [stack: 0x0000000bfd600000,0x0000000bfd700000] [id=3748]

[error occurred during error reporting (printing all threads), id 0xc0000005, EXCEPTION_ACCESS_VIOLATION (0xc0000005) at pc=0x00007ffca54cb387]

VM state: not at safepoint (not fully initialized)

VM Mutex/Monitor currently owned by a thread:  ([mutex/lock_event])
[0x000001c342892190] Heap_lock - owner thread: 0x000001c342893fd0

Heap address: 0x00000000a1c00000, size: 1508 MB, Compressed Oops mode: 32-bit

CDS archive(s) mapped at: [0x0000000000000000-0x0000000000000000-0x0000000000000000), size 0, SharedBaseAddress: 0x0000000800000000, ArchiveRelocationMode: 0.
Narrow klass base: 0x0000000000000000, Narrow klass shift: 0, Narrow klass range: 0x0

GC Precious Log:
<Empty>

Heap:
 garbage-first heap   total 0K, used 0K [0x00000000a1c00000, 0x0000000100000000)
  region size 1024K, 0 young (0K), 0 survivors (0K)

[error occurred during error reporting (printing heap information), id 0xc0000005, EXCEPTION_ACCESS_VIOLATION (0xc0000005) at pc=0x00007ffca5892dd9]

GC Heap History (0 events):
No events

Dll operation events (1 events):
Event: 0.028 Loaded shared library C:\Users\hp\.jdks\corretto-17.0.6\bin\java.dll

Deoptimization events (0 events):
No events

Classes unloaded (0 events):
No events

Classes redefined (0 events):
No events

Internal exceptions (0 events):
No events

VM Operations (0 events):
No events

Events (0 events):
No events


Dynamic libraries:
0x00007ff7ffcc0000 - 0x00007ff7ffccd000 	C:\Users\hp\.jdks\corretto-17.0.6\bin\java.exe
0x00007ffd230b0000 - 0x00007ffd232a8000 	C:\Windows\SYSTEM32\ntdll.dll
0x00007ffd22020000 - 0x00007ffd220df000 	C:\Windows\System32\KERNEL32.DLL
0x00007ffd20a10000 - 0x00007ffd20ce2000 	C:\Windows\System32\KERNELBASE.dll
0x00007ffd0e150000 - 0x00007ffd0e167000 	C:\Users\hp\.jdks\corretto-17.0.6\bin\jli.dll
0x00007ffd20910000 - 0x00007ffd20a10000 	C:\Windows\System32\ucrtbase.dll
0x00007ffd0e270000 - 0x00007ffd0e285000 	C:\Users\hp\.jdks\corretto-17.0.6\bin\VCRUNTIME140.dll
0x00007ffd22860000 - 0x00007ffd22a01000 	C:\Windows\System32\USER32.dll
0x00007ffd053d0000 - 0x00007ffd0566a000 	C:\Windows\WinSxS\amd64_microsoft.windows.common-controls_6595b64144ccf1df_6.0.19041.1110_none_60b5254171f9507e\COMCTL32.dll
0x00007ffd20f90000 - 0x00007ffd20fb2000 	C:\Windows\System32\win32u.dll
0x00007ffd21e20000 - 0x00007ffd21ebe000 	C:\Windows\System32\msvcrt.dll
0x00007ffd21620000 - 0x00007ffd2164b000 	C:\Windows\System32\GDI32.dll
0x00007ffd20e80000 - 0x00007ffd20f8f000 	C:\Windows\System32\gdi32full.dll
0x00007ffd20870000 - 0x00007ffd2090d000 	C:\Windows\System32\msvcp_win.dll
0x00007ffd22e80000 - 0x00007ffd22eb2000 	C:\Windows\System32\IMM32.DLL
0x00007ffcdbd00000 - 0x00007ffcdbd9b000 	C:\Users\hp\.jdks\corretto-17.0.6\bin\msvcp140.dll
0x00007ffca51f0000 - 0x00007ffca5e08000 	C:\Users\hp\.jdks\corretto-17.0.6\bin\server\jvm.dll
0x00007ffd21170000 - 0x00007ffd2121e000 	C:\Windows\System32\ADVAPI32.dll
0x00007ffd210c0000 - 0x00007ffd2115c000 	C:\Windows\System32\sechost.dll
0x00007ffd21c10000 - 0x00007ffd21d35000 	C:\Windows\System32\RPCRT4.dll
0x00007ffd074b0000 - 0x00007ffd074b9000 	C:\Windows\SYSTEM32\WSOCK32.dll
0x00007ffd21ba0000 - 0x00007ffd21c0b000 	C:\Windows\System32\WS2_32.dll
0x00007ffd05bc0000 - 0x00007ffd05be7000 	C:\Windows\SYSTEM32\WINMM.dll
0x00007ffd1a030000 - 0x00007ffd1a03a000 	C:\Windows\SYSTEM32\VERSION.dll
0x00007ffd1e5f0000 - 0x00007ffd1e602000 	C:\Windows\SYSTEM32\kernel.appcore.dll
0x00007ffd14290000 - 0x00007ffd1429a000 	C:\Users\hp\.jdks\corretto-17.0.6\bin\jimage.dll
0x00007ffd16400000 - 0x00007ffd165e4000 	C:\Windows\SYSTEM32\DBGHELP.DLL
0x00007ffd161f0000 - 0x00007ffd16225000 	C:\Windows\SYSTEM32\dbgcore.DLL
0x00007ffd20fc0000 - 0x00007ffd21042000 	C:\Windows\System32\bcryptPrimitives.dll
0x00007ffd09050000 - 0x00007ffd09075000 	C:\Users\hp\.jdks\corretto-17.0.6\bin\java.dll

dbghelp: loaded successfully - version: 4.0.5 - missing functions: none
symbol engine: initialized successfully - sym options: 0x614 - pdb path: .;C:\Users\hp\.jdks\corretto-17.0.6\bin;C:\Windows\SYSTEM32;C:\Windows\WinSxS\amd64_microsoft.windows.common-controls_6595b64144ccf1df_6.0.19041.1110_none_60b5254171f9507e;C:\Users\hp\.jdks\corretto-17.0.6\bin\server

VM Arguments:
jvm_args: -Dfile.encoding=windows-1250 -Duser.country=CZ -Duser.language=cs -Duser.variant 
java_command: cz.czechitas.java.ukol01.HlavniProgram
java_class_path (initial): C:\Java\j1-ukol01_2\build\classes\java\main;C:\Java\j1-ukol01_2\build\resources\main;C:\Users\hp\.gradle\caches\modules-2\files-2.1\com.miglayout\miglayout-swing\5.0\7b4c4d92002459e68e8f115b9ae8a774b2660490\miglayout-swing-5.0.jar;C:\Users\hp\.gradle\caches\modules-2\files-2.1\net.sevecek\sevecek-net-utils\0.9.1\c48f90551b8708be50d51c43e34b0df6b291c46d\sevecek-net-utils-0.9.1.jar;C:\Users\hp\.gradle\caches\modules-2\files-2.1\com.miglayout\miglayout-core\5.0\956daa1576bccb24e727ab75540b078171c7c432\miglayout-core-5.0.jar
Launcher Type: SUN_STANDARD

[Global flags]
     intx CICompilerCount                          = 4                                         {product} {ergonomic}
     uint ConcGCThreads                            = 2                                         {product} {ergonomic}
     uint G1ConcRefinementThreads                  = 8                                         {product} {ergonomic}
   size_t G1HeapRegionSize                         = 1048576                                   {product} {ergonomic}
    uintx GCDrainStackTargetSize                   = 64                                        {product} {ergonomic}
   size_t InitialHeapSize                          = 100663296                                 {product} {ergonomic}
   size_t MarkStackSize                            = 4194304                                   {product} {ergonomic}
   size_t MaxHeapSize                              = 1581252608                                {product} {ergonomic}
   size_t MinHeapDeltaBytes                        = 1048576                                   {product} {ergonomic}
   size_t MinHeapSize                              = 8388608                                   {product} {ergonomic}
    uintx NonNMethodCodeHeapSize                   = 5839372                                {pd product} {ergonomic}
    uintx NonProfiledCodeHeapSize                  = 122909434                              {pd product} {ergonomic}
    uintx ProfiledCodeHeapSize                     = 122909434                              {pd product} {ergonomic}
    uintx ReservedCodeCacheSize                    = 251658240                              {pd product} {ergonomic}
     bool SegmentedCodeCache                       = true                                      {product} {ergonomic}
   size_t SoftMaxHeapSize                          = 1581252608                             {manageable} {ergonomic}
     bool UseCompressedClassPointers               = true                           {product lp64_product} {ergonomic}
     bool UseCompressedOops                        = true                           {product lp64_product} {ergonomic}
     bool UseG1GC                                  = true                                      {product} {ergonomic}
     bool UseLargePagesIndividualAllocation        = false                                  {pd product} {ergonomic}

Logging:
Log output configuration:
 #0: stdout all=warning uptime,level,tags
 #1: stderr all=off uptime,level,tags

Environment Variables:
PATH=C:\Program Files\Microsoft\jdk-11.0.12.7-hotspot\bin;C:\Program Files (x86)\Common Files\Oracle\Java\javapath;C:\Windows\system32;C:\Windows;C:\Windows\System32\Wbem;C:\Windows\System32\WindowsPowerShell\v1.0\;C:\Windows\System32\OpenSSH\;C:\Program Files\Microsoft SQL Server\Client SDK\ODBC\170\Tools\Binn\;C:\Program Files (x86)\Microsoft SQL Server\150\Tools\Binn\;C:\Program Files\Microsoft SQL Server\150\Tools\Binn\;C:\Program Files\Microsoft SQL Server\150\DTS\Binn\;C:\Program Files (x86)\Microsoft SQL Server\150\DTS\Binn\;C:\Program Files\Azure Data Studio\bin;C:\Program Files\Git\cmd;C:\Program Files\dotnet\;C:\Users\hp\AppData\Local\Programs\Python\Python39\Scripts\;C:\Users\hp\AppData\Local\Programs\Python\Python39\;C:\Users\hp\AppData\Local\Microsoft\WindowsApps;C:\Users\hp\AppData\Local\Programs\Microsoft VS Code\bin;C:\Users\hp\.dotnet\tools;C:\Users\hp\AppData\Local\JetBrains\Toolbox\scripts
USERNAME=hp
OS=Windows_NT
PROCESSOR_IDENTIFIER=Intel64 Family 6 Model 142 Stepping 10, GenuineIntel
TMP=C:\Users\hp\AppData\Local\Temp
TEMP=C:\Users\hp\AppData\Local\Temp



---------------  S Y S T E M  ---------------

OS:
 Windows 10 , 64 bit Build 19041 (10.0.19041.2546)
OS uptime: 3 days 8:10 hours
Hyper-V role detected

CPU: total 8 (initial active 8) (4 cores per cpu, 2 threads per core) family 6 model 142 stepping 10 microcode 0xea, cx8, cmov, fxsr, ht, mmx, 3dnowpref, sse, sse2, sse3, ssse3, sse4.1, sse4.2, popcnt, lzcnt, tsc, tscinvbit, avx, avx2, aes, erms, clmul, bmi1, bmi2, adx, fma, vzeroupper, clflush, clflushopt, hv

Memory: 4k page, system-wide physical 6024M (251M free)
TotalPageFile size 24456M (AvailPageFile size 60M)
current process WorkingSet (physical memory assigned to process): 10M, peak: 10M
current process commit charge ("private bytes"): 60M, peak: 156M

vm_info: OpenJDK 64-Bit Server VM (17.0.6+10-LTS) for windows-amd64 JRE (17.0.6+10-LTS), built on Jan 13 2023 22:57:04 by "Administrator" with MS VC++ 15.9 (VS2017)

END.
